[0.013s] Invoking command in '/home/broodjesemih/ass_ros2_ws/build/g1_ass1_pkg': CMAKE_PREFIX_PATH=/home/broodjesemih/ass_ros2_ws/install/g1_interface_pkg:/home/broodjesemih/minor_ws/install/robot_moveit_config:/home/broodjesemih/minor_ws/install/robot_description:/home/broodjesemih/minor_ws/install/robot_commander:/home/broodjesemih/minor_ws/install/robot_bringup:/home/broodjesemih/ass_ros2_ws/install/g1_ass1_pkg:/home/broodjesemih/homework_ws/install/hw_pkg:/home/broodjesemih/homework_ws/install/broodje_interfaces:/home/broodjesemih/ros2_ws/install/templates_interfaces:/home/broodjesemih/ros2_ws/install/les_pkg:/home/broodjesemih/ros2_ws/install/my_robot_interfaces:/home/broodjesemih/les_ws-main/install/robot_moveit_config:/home/broodjesemih/les_ws-main/install/robot_description:/home/broodjesemih/les_ws-main/install/robot_commander:/home/broodjesemih/les_ws-main/install/robot_bringup:/home/broodjesemih/les_ws-main/install/les_pkg:/home/broodjesemih/les_ws-main/install/my_interfaces:/opt/ros/jazzy/opt/gz_sim_vendor:/opt/ros/jazzy/opt/gz_sensors_vendor:/opt/ros/jazzy/opt/gz_physics_vendor:/opt/ros/jazzy/opt/sdformat_vendor:/opt/ros/jazzy/opt/gz_gui_vendor:/opt/ros/jazzy/opt/gz_transport_vendor:/opt/ros/jazzy/opt/gz_rendering_vendor:/opt/ros/jazzy/opt/gz_plugin_vendor:/opt/ros/jazzy/opt/gz_fuel_tools_vendor:/opt/ros/jazzy/opt/gz_msgs_vendor:/opt/ros/jazzy/opt/gz_common_vendor:/opt/ros/jazzy/opt/gz_math_vendor:/opt/ros/jazzy/opt/gz_utils_vendor:/opt/ros/jazzy/opt/gz_tools_vendor:/opt/ros/jazzy/opt/gz_ogre_next_vendor:/opt/ros/jazzy/opt/gz_dartsim_vendor:/opt/ros/jazzy/opt/gz_cmake_vendor:/opt/ros/jazzy DEBUGINFOD_URLS=https://debuginfod.ubuntu.com /usr/bin/cmake --build /home/broodjesemih/ass_ros2_ws/build/g1_ass1_pkg -- -j20 -l20
[0.036s] -- Found g1_interface_pkg: 0.1.0 (/home/broodjesemih/ass_ros2_ws/install/g1_interface_pkg/share/g1_interface_pkg/cmake)
[0.211s] -- Found rosidl_generator_c: 4.6.6 (/opt/ros/jazzy/share/rosidl_generator_c/cmake)
[0.216s] -- Found rosidl_generator_cpp: 4.6.6 (/opt/ros/jazzy/share/rosidl_generator_cpp/cmake)
[0.224s] -- Using all available rosidl_typesupport_c: rosidl_typesupport_fastrtps_c;rosidl_typesupport_introspection_c
[0.232s] -- Using all available rosidl_typesupport_cpp: rosidl_typesupport_fastrtps_cpp;rosidl_typesupport_introspection_cpp
[0.279s] -- Found rclcpp: 28.1.12 (/opt/ros/jazzy/share/rclcpp/cmake)
[0.301s] -- Found rmw_implementation_cmake: 7.3.2 (/opt/ros/jazzy/share/rmw_implementation_cmake/cmake)
[0.302s] -- Found rmw_fastrtps_cpp: 8.4.3 (/opt/ros/jazzy/share/rmw_fastrtps_cpp/cmake)
[0.358s] -- Using RMW implementation 'rmw_fastrtps_cpp' as default
[0.398s] -- Found rclcpp_action: 28.1.12 (/opt/ros/jazzy/share/rclcpp_action/cmake)
[0.404s] -- Found std_msgs: 5.3.6 (/opt/ros/jazzy/share/std_msgs/cmake)
[0.413s] -- Found rosidl_default_generators: 1.6.0 (/opt/ros/jazzy/share/rosidl_default_generators/cmake)
[0.418s] -- Found rosidl_adapter: 4.6.6 (/opt/ros/jazzy/share/rosidl_adapter/cmake)
[0.426s] -- Found ament_cmake_gtest: 2.5.4 (/opt/ros/jazzy/share/ament_cmake_gtest/cmake)
[0.429s] -- Found gtest sources under '/opt/ros/jazzy/src/gtest_vendor': C++ tests using 'Google Test' will be built
[0.431s] -- Performing Test CMAKE_HAVE_LIBC_PTHREAD
[0.504s] -- Performing Test CMAKE_HAVE_LIBC_PTHREAD - Success
[0.505s] -- Found Threads: TRUE  
[0.507s] -- Found ament_lint_auto: 0.17.3 (/opt/ros/jazzy/share/ament_lint_auto/cmake)
[0.580s] -- Added test 'cppcheck' to perform static code analysis on C / C++ code
[0.580s] -- Configured cppcheck include dirs: 
[0.580s] -- Configured cppcheck exclude dirs and/or files: 
[0.581s] -- Added test 'flake8' to check Python code syntax and style conventions
[0.581s] -- Configured 'flake8' exclude dirs and/or files: 
[0.584s] -- Added test 'lint_cmake' to check CMake code style
[0.585s] -- Added test 'pep257' to check Python code against some of the docstring style conventions in PEP 257
[0.594s] -- Added test 'uncrustify' to check C / C++ code style
[0.594s] -- Configured uncrustify additional arguments: 
[0.595s] -- Added test 'xmllint' to check XML markup files
[0.595s] -- Configuring done (0.6s)
[0.625s] -- Generating done (0.0s)
[0.631s] -- Build files have been written to: /home/broodjesemih/ass_ros2_ws/build/g1_ass1_pkg
[0.671s] [  6%] [32mBuilding CXX object gtest/CMakeFiles/gtest_main.dir/src/gtest_main.cc.o[0m
[0.674s] [ 12%] [32mBuilding CXX object gtest/CMakeFiles/gtest.dir/src/gtest-all.cc.o[0m
[0.682s] [ 18%] [32mBuilding CXX object CMakeFiles/tentamen_result_generator.dir/src/tentamen_result_generator.cpp.o[0m
[0.683s] [ 25%] [32mBuilding CXX object CMakeFiles/final_cijfer_determinator.dir/src/final_cijfer_determinator.cpp.o[0m
[0.687s] [ 37%] Built target herkansing_cijfer_determinator
[0.692s] [ 50%] Built target cijfer_calculator
[0.694s] [ 62%] Built target herkansing_scheduler
[1.193s] [ 68%] [32m[1mLinking CXX static library libgtest_main.a[0m
[1.241s] [ 68%] Built target gtest_main
[3.019s] [ 75%] [32m[1mLinking CXX static library libgtest.a[0m
[3.082s] [ 75%] Built target gtest
[3.100s] [ 81%] [32mBuilding CXX object CMakeFiles/test_cijfer_calculator.dir/test/test_cijfer_calculator.cpp.o[0m
[3.372s] [ 87%] [32m[1mLinking CXX executable tentamen_result_generator[0m
[3.489s] [ 87%] Built target tentamen_result_generator
[3.644s] [ 93%] [32m[1mLinking CXX executable test_cijfer_calculator[0m
[3.764s] [ 93%] Built target test_cijfer_calculator
[5.579s] [100%] [32m[1mLinking CXX executable final_cijfer_determinator[0m
[5.765s] [100%] Built target final_cijfer_determinator
[5.773s] Invoked command in '/home/broodjesemih/ass_ros2_ws/build/g1_ass1_pkg' returned '0': CMAKE_PREFIX_PATH=/home/broodjesemih/ass_ros2_ws/install/g1_interface_pkg:/home/broodjesemih/minor_ws/install/robot_moveit_config:/home/broodjesemih/minor_ws/install/robot_description:/home/broodjesemih/minor_ws/install/robot_commander:/home/broodjesemih/minor_ws/install/robot_bringup:/home/broodjesemih/ass_ros2_ws/install/g1_ass1_pkg:/home/broodjesemih/homework_ws/install/hw_pkg:/home/broodjesemih/homework_ws/install/broodje_interfaces:/home/broodjesemih/ros2_ws/install/templates_interfaces:/home/broodjesemih/ros2_ws/install/les_pkg:/home/broodjesemih/ros2_ws/install/my_robot_interfaces:/home/broodjesemih/les_ws-main/install/robot_moveit_config:/home/broodjesemih/les_ws-main/install/robot_description:/home/broodjesemih/les_ws-main/install/robot_commander:/home/broodjesemih/les_ws-main/install/robot_bringup:/home/broodjesemih/les_ws-main/install/les_pkg:/home/broodjesemih/les_ws-main/install/my_interfaces:/opt/ros/jazzy/opt/gz_sim_vendor:/opt/ros/jazzy/opt/gz_sensors_vendor:/opt/ros/jazzy/opt/gz_physics_vendor:/opt/ros/jazzy/opt/sdformat_vendor:/opt/ros/jazzy/opt/gz_gui_vendor:/opt/ros/jazzy/opt/gz_transport_vendor:/opt/ros/jazzy/opt/gz_rendering_vendor:/opt/ros/jazzy/opt/gz_plugin_vendor:/opt/ros/jazzy/opt/gz_fuel_tools_vendor:/opt/ros/jazzy/opt/gz_msgs_vendor:/opt/ros/jazzy/opt/gz_common_vendor:/opt/ros/jazzy/opt/gz_math_vendor:/opt/ros/jazzy/opt/gz_utils_vendor:/opt/ros/jazzy/opt/gz_tools_vendor:/opt/ros/jazzy/opt/gz_ogre_next_vendor:/opt/ros/jazzy/opt/gz_dartsim_vendor:/opt/ros/jazzy/opt/gz_cmake_vendor:/opt/ros/jazzy DEBUGINFOD_URLS=https://debuginfod.ubuntu.com /usr/bin/cmake --build /home/broodjesemih/ass_ros2_ws/build/g1_ass1_pkg -- -j20 -l20
[5.783s] Invoking command in '/home/broodjesemih/ass_ros2_ws/build/g1_ass1_pkg': CMAKE_PREFIX_PATH=/home/broodjesemih/ass_ros2_ws/install/g1_interface_pkg:/home/broodjesemih/minor_ws/install/robot_moveit_config:/home/broodjesemih/minor_ws/install/robot_description:/home/broodjesemih/minor_ws/install/robot_commander:/home/broodjesemih/minor_ws/install/robot_bringup:/home/broodjesemih/ass_ros2_ws/install/g1_ass1_pkg:/home/broodjesemih/homework_ws/install/hw_pkg:/home/broodjesemih/homework_ws/install/broodje_interfaces:/home/broodjesemih/ros2_ws/install/templates_interfaces:/home/broodjesemih/ros2_ws/install/les_pkg:/home/broodjesemih/ros2_ws/install/my_robot_interfaces:/home/broodjesemih/les_ws-main/install/robot_moveit_config:/home/broodjesemih/les_ws-main/install/robot_description:/home/broodjesemih/les_ws-main/install/robot_commander:/home/broodjesemih/les_ws-main/install/robot_bringup:/home/broodjesemih/les_ws-main/install/les_pkg:/home/broodjesemih/les_ws-main/install/my_interfaces:/opt/ros/jazzy/opt/gz_sim_vendor:/opt/ros/jazzy/opt/gz_sensors_vendor:/opt/ros/jazzy/opt/gz_physics_vendor:/opt/ros/jazzy/opt/sdformat_vendor:/opt/ros/jazzy/opt/gz_gui_vendor:/opt/ros/jazzy/opt/gz_transport_vendor:/opt/ros/jazzy/opt/gz_rendering_vendor:/opt/ros/jazzy/opt/gz_plugin_vendor:/opt/ros/jazzy/opt/gz_fuel_tools_vendor:/opt/ros/jazzy/opt/gz_msgs_vendor:/opt/ros/jazzy/opt/gz_common_vendor:/opt/ros/jazzy/opt/gz_math_vendor:/opt/ros/jazzy/opt/gz_utils_vendor:/opt/ros/jazzy/opt/gz_tools_vendor:/opt/ros/jazzy/opt/gz_ogre_next_vendor:/opt/ros/jazzy/opt/gz_dartsim_vendor:/opt/ros/jazzy/opt/gz_cmake_vendor:/opt/ros/jazzy DEBUGINFOD_URLS=https://debuginfod.ubuntu.com /usr/bin/cmake --install /home/broodjesemih/ass_ros2_ws/build/g1_ass1_pkg
[5.788s] -- Install configuration: ""
[5.789s] -- Installing: /home/broodjesemih/ass_ros2_ws/install/g1_ass1_pkg/lib/g1_ass1_pkg/tentamen_result_generator
[5.790s] -- Set non-toolchain portion of runtime path of "/home/broodjesemih/ass_ros2_ws/install/g1_ass1_pkg/lib/g1_ass1_pkg/tentamen_result_generator" to ""
[5.791s] -- Installing: /home/broodjesemih/ass_ros2_ws/install/g1_ass1_pkg/lib/g1_ass1_pkg/final_cijfer_determinator
[5.794s] -- Set non-toolchain portion of runtime path of "/home/broodjesemih/ass_ros2_ws/install/g1_ass1_pkg/lib/g1_ass1_pkg/final_cijfer_determinator" to ""
[5.795s] -- Up-to-date: /home/broodjesemih/ass_ros2_ws/install/g1_ass1_pkg/lib/g1_ass1_pkg/cijfer_calculator
[5.796s] -- Up-to-date: /home/broodjesemih/ass_ros2_ws/install/g1_ass1_pkg/lib/g1_ass1_pkg/herkansing_cijfer_determinator
[5.797s] -- Up-to-date: /home/broodjesemih/ass_ros2_ws/install/g1_ass1_pkg/lib/g1_ass1_pkg/herkansing_scheduler
[5.797s] -- Installing: /home/broodjesemih/ass_ros2_ws/install/g1_ass1_pkg/share/ament_index/resource_index/package_run_dependencies/g1_ass1_pkg
[5.797s] -- Installing: /home/broodjesemih/ass_ros2_ws/install/g1_ass1_pkg/share/ament_index/resource_index/parent_prefix_path/g1_ass1_pkg
[5.797s] -- Up-to-date: /home/broodjesemih/ass_ros2_ws/install/g1_ass1_pkg/share/g1_ass1_pkg/environment/ament_prefix_path.sh
[5.797s] -- Up-to-date: /home/broodjesemih/ass_ros2_ws/install/g1_ass1_pkg/share/g1_ass1_pkg/environment/ament_prefix_path.dsv
[5.797s] -- Up-to-date: /home/broodjesemih/ass_ros2_ws/install/g1_ass1_pkg/share/g1_ass1_pkg/environment/path.sh
[5.797s] -- Up-to-date: /home/broodjesemih/ass_ros2_ws/install/g1_ass1_pkg/share/g1_ass1_pkg/environment/path.dsv
[5.797s] -- Up-to-date: /home/broodjesemih/ass_ros2_ws/install/g1_ass1_pkg/share/g1_ass1_pkg/local_setup.bash
[5.797s] -- Up-to-date: /home/broodjesemih/ass_ros2_ws/install/g1_ass1_pkg/share/g1_ass1_pkg/local_setup.sh
[5.797s] -- Up-to-date: /home/broodjesemih/ass_ros2_ws/install/g1_ass1_pkg/share/g1_ass1_pkg/local_setup.zsh
[5.797s] -- Up-to-date: /home/broodjesemih/ass_ros2_ws/install/g1_ass1_pkg/share/g1_ass1_pkg/local_setup.dsv
[5.797s] -- Installing: /home/broodjesemih/ass_ros2_ws/install/g1_ass1_pkg/share/g1_ass1_pkg/package.dsv
[5.798s] -- Up-to-date: /home/broodjesemih/ass_ros2_ws/install/g1_ass1_pkg/share/ament_index/resource_index/packages/g1_ass1_pkg
[5.798s] -- Up-to-date: /home/broodjesemih/ass_ros2_ws/install/g1_ass1_pkg/share/g1_ass1_pkg/cmake/g1_ass1_pkgConfig.cmake
[5.798s] -- Up-to-date: /home/broodjesemih/ass_ros2_ws/install/g1_ass1_pkg/share/g1_ass1_pkg/cmake/g1_ass1_pkgConfig-version.cmake
[5.798s] -- Installing: /home/broodjesemih/ass_ros2_ws/install/g1_ass1_pkg/share/g1_ass1_pkg/package.xml
[5.798s] Invoked command in '/home/broodjesemih/ass_ros2_ws/build/g1_ass1_pkg' returned '0': CMAKE_PREFIX_PATH=/home/broodjesemih/ass_ros2_ws/install/g1_interface_pkg:/home/broodjesemih/minor_ws/install/robot_moveit_config:/home/broodjesemih/minor_ws/install/robot_description:/home/broodjesemih/minor_ws/install/robot_commander:/home/broodjesemih/minor_ws/install/robot_bringup:/home/broodjesemih/ass_ros2_ws/install/g1_ass1_pkg:/home/broodjesemih/homework_ws/install/hw_pkg:/home/broodjesemih/homework_ws/install/broodje_interfaces:/home/broodjesemih/ros2_ws/install/templates_interfaces:/home/broodjesemih/ros2_ws/install/les_pkg:/home/broodjesemih/ros2_ws/install/my_robot_interfaces:/home/broodjesemih/les_ws-main/install/robot_moveit_config:/home/broodjesemih/les_ws-main/install/robot_description:/home/broodjesemih/les_ws-main/install/robot_commander:/home/broodjesemih/les_ws-main/install/robot_bringup:/home/broodjesemih/les_ws-main/install/les_pkg:/home/broodjesemih/les_ws-main/install/my_interfaces:/opt/ros/jazzy/opt/gz_sim_vendor:/opt/ros/jazzy/opt/gz_sensors_vendor:/opt/ros/jazzy/opt/gz_physics_vendor:/opt/ros/jazzy/opt/sdformat_vendor:/opt/ros/jazzy/opt/gz_gui_vendor:/opt/ros/jazzy/opt/gz_transport_vendor:/opt/ros/jazzy/opt/gz_rendering_vendor:/opt/ros/jazzy/opt/gz_plugin_vendor:/opt/ros/jazzy/opt/gz_fuel_tools_vendor:/opt/ros/jazzy/opt/gz_msgs_vendor:/opt/ros/jazzy/opt/gz_common_vendor:/opt/ros/jazzy/opt/gz_math_vendor:/opt/ros/jazzy/opt/gz_utils_vendor:/opt/ros/jazzy/opt/gz_tools_vendor:/opt/ros/jazzy/opt/gz_ogre_next_vendor:/opt/ros/jazzy/opt/gz_dartsim_vendor:/opt/ros/jazzy/opt/gz_cmake_vendor:/opt/ros/jazzy DEBUGINFOD_URLS=https://debuginfod.ubuntu.com /usr/bin/cmake --install /home/broodjesemih/ass_ros2_ws/build/g1_ass1_pkg
