[0.007s] Invoking command in '/home/broodjesemih/ass_ros2_ws/build/g1_ass1_pkg': CMAKE_PREFIX_PATH=/home/broodjesemih/ass_ros2_ws/install/g1_interface_pkg:/home/broodjesemih/ass_ros2_ws/install/g1_ass1_pkg:/home/broodjesemih/ros2_ws/install/templates_interfaces:/home/broodjesemih/ros2_ws/install/les_pkg:/home/broodjesemih/ros2_ws/install/my_robot_interfaces:/home/broodjesemih/homework_ws/install/hw_pkg:/home/broodjesemih/homework_ws/install/broodje_interfaces:/opt/ros/jazzy/opt/gz_sim_vendor:/opt/ros/jazzy/opt/gz_sensors_vendor:/opt/ros/jazzy/opt/gz_physics_vendor:/opt/ros/jazzy/opt/sdformat_vendor:/opt/ros/jazzy/opt/gz_gui_vendor:/opt/ros/jazzy/opt/gz_transport_vendor:/opt/ros/jazzy/opt/gz_rendering_vendor:/opt/ros/jazzy/opt/gz_plugin_vendor:/opt/ros/jazzy/opt/gz_fuel_tools_vendor:/opt/ros/jazzy/opt/gz_msgs_vendor:/opt/ros/jazzy/opt/gz_common_vendor:/opt/ros/jazzy/opt/gz_math_vendor:/opt/ros/jazzy/opt/gz_utils_vendor:/opt/ros/jazzy/opt/gz_tools_vendor:/opt/ros/jazzy/opt/gz_ogre_next_vendor:/opt/ros/jazzy/opt/gz_dartsim_vendor:/opt/ros/jazzy/opt/gz_cmake_vendor:/opt/ros/jazzy DEBUGINFOD_URLS=https://debuginfod.ubuntu.com /usr/bin/cmake --build /home/broodjesemih/ass_ros2_ws/build/g1_ass1_pkg -- -j20 -l20
[0.030s] -- Found g1_interface_pkg: 0.1.0 (/home/broodjesemih/ass_ros2_ws/install/g1_interface_pkg/share/g1_interface_pkg/cmake)
[0.196s] -- Found rosidl_generator_c: 4.6.6 (/opt/ros/jazzy/share/rosidl_generator_c/cmake)
[0.201s] -- Found rosidl_generator_cpp: 4.6.6 (/opt/ros/jazzy/share/rosidl_generator_cpp/cmake)
[0.208s] -- Using all available rosidl_typesupport_c: rosidl_typesupport_fastrtps_c;rosidl_typesupport_introspection_c
[0.216s] -- Using all available rosidl_typesupport_cpp: rosidl_typesupport_fastrtps_cpp;rosidl_typesupport_introspection_cpp
[0.263s] -- Found rclcpp: 28.1.11 (/opt/ros/jazzy/share/rclcpp/cmake)
[0.284s] -- Found rmw_implementation_cmake: 7.3.2 (/opt/ros/jazzy/share/rmw_implementation_cmake/cmake)
[0.285s] -- Found rmw_fastrtps_cpp: 8.4.3 (/opt/ros/jazzy/share/rmw_fastrtps_cpp/cmake)
[0.329s] -- Using RMW implementation 'rmw_fastrtps_cpp' as default
[0.367s] -- Found rclcpp_action: 28.1.12 (/opt/ros/jazzy/share/rclcpp_action/cmake)
[0.373s] -- Found std_msgs: 5.3.6 (/opt/ros/jazzy/share/std_msgs/cmake)
[0.381s] -- Found rosidl_default_generators: 1.6.0 (/opt/ros/jazzy/share/rosidl_default_generators/cmake)
[0.387s] -- Found rosidl_adapter: 4.6.6 (/opt/ros/jazzy/share/rosidl_adapter/cmake)
[0.391s] -- Found ament_lint_auto: 0.17.3 (/opt/ros/jazzy/share/ament_lint_auto/cmake)
[0.449s] -- Added test 'cppcheck' to perform static code analysis on C / C++ code
[0.449s] -- Configured cppcheck include dirs: 
[0.449s] -- Configured cppcheck exclude dirs and/or files: 
[0.450s] -- Added test 'lint_cmake' to check CMake code style
[0.450s] -- Added test 'uncrustify' to check C / C++ code style
[0.450s] -- Configured uncrustify additional arguments: 
[0.450s] -- Added test 'xmllint' to check XML markup files
[0.451s] -- Configuring done (0.4s)
[0.465s] -- Generating done (0.0s)
[0.470s] -- Build files have been written to: /home/broodjesemih/ass_ros2_ws/build/g1_ass1_pkg
[0.504s] [ 10%] [32mBuilding CXX object CMakeFiles/tentamen_result_generator.dir/src/tentamen_result_generator.cpp.o[0m
[0.505s] [ 20%] [32mBuilding CXX object CMakeFiles/herkansing_scheduler.dir/src/herkansing_scheduler.cpp.o[0m
[0.505s] [ 40%] Built target cijfer_calculator
[0.507s] [ 50%] [32mBuilding CXX object CMakeFiles/final_cijfer_determinator.dir/src/final_cijfer_determinator.cpp.o[0m
[0.511s] [ 60%] [32mBuilding CXX object CMakeFiles/herkansing_cijfer_determinator.dir/src/herkansing_cijfer_determinator.cpp.o[0m
[2.935s] [ 70%] [32m[1mLinking CXX executable herkansing_scheduler[0m
[3.044s] [ 70%] Built target herkansing_scheduler
[3.172s] [ 80%] [32m[1mLinking CXX executable tentamen_result_generator[0m
[3.284s] [ 80%] Built target tentamen_result_generator
[3.409s] [ 90%] [32m[1mLinking CXX executable herkansing_cijfer_determinator[0m
[3.523s] [ 90%] Built target herkansing_cijfer_determinator
[5.228s] [100%] [32m[1mLinking CXX executable final_cijfer_determinator[0m
[5.406s] [100%] Built target final_cijfer_determinator
[5.416s] Invoked command in '/home/broodjesemih/ass_ros2_ws/build/g1_ass1_pkg' returned '0': CMAKE_PREFIX_PATH=/home/broodjesemih/ass_ros2_ws/install/g1_interface_pkg:/home/broodjesemih/ass_ros2_ws/install/g1_ass1_pkg:/home/broodjesemih/ros2_ws/install/templates_interfaces:/home/broodjesemih/ros2_ws/install/les_pkg:/home/broodjesemih/ros2_ws/install/my_robot_interfaces:/home/broodjesemih/homework_ws/install/hw_pkg:/home/broodjesemih/homework_ws/install/broodje_interfaces:/opt/ros/jazzy/opt/gz_sim_vendor:/opt/ros/jazzy/opt/gz_sensors_vendor:/opt/ros/jazzy/opt/gz_physics_vendor:/opt/ros/jazzy/opt/sdformat_vendor:/opt/ros/jazzy/opt/gz_gui_vendor:/opt/ros/jazzy/opt/gz_transport_vendor:/opt/ros/jazzy/opt/gz_rendering_vendor:/opt/ros/jazzy/opt/gz_plugin_vendor:/opt/ros/jazzy/opt/gz_fuel_tools_vendor:/opt/ros/jazzy/opt/gz_msgs_vendor:/opt/ros/jazzy/opt/gz_common_vendor:/opt/ros/jazzy/opt/gz_math_vendor:/opt/ros/jazzy/opt/gz_utils_vendor:/opt/ros/jazzy/opt/gz_tools_vendor:/opt/ros/jazzy/opt/gz_ogre_next_vendor:/opt/ros/jazzy/opt/gz_dartsim_vendor:/opt/ros/jazzy/opt/gz_cmake_vendor:/opt/ros/jazzy DEBUGINFOD_URLS=https://debuginfod.ubuntu.com /usr/bin/cmake --build /home/broodjesemih/ass_ros2_ws/build/g1_ass1_pkg -- -j20 -l20
[5.417s] Invoking command in '/home/broodjesemih/ass_ros2_ws/build/g1_ass1_pkg': CMAKE_PREFIX_PATH=/home/broodjesemih/ass_ros2_ws/install/g1_interface_pkg:/home/broodjesemih/ass_ros2_ws/install/g1_ass1_pkg:/home/broodjesemih/ros2_ws/install/templates_interfaces:/home/broodjesemih/ros2_ws/install/les_pkg:/home/broodjesemih/ros2_ws/install/my_robot_interfaces:/home/broodjesemih/homework_ws/install/hw_pkg:/home/broodjesemih/homework_ws/install/broodje_interfaces:/opt/ros/jazzy/opt/gz_sim_vendor:/opt/ros/jazzy/opt/gz_sensors_vendor:/opt/ros/jazzy/opt/gz_physics_vendor:/opt/ros/jazzy/opt/sdformat_vendor:/opt/ros/jazzy/opt/gz_gui_vendor:/opt/ros/jazzy/opt/gz_transport_vendor:/opt/ros/jazzy/opt/gz_rendering_vendor:/opt/ros/jazzy/opt/gz_plugin_vendor:/opt/ros/jazzy/opt/gz_fuel_tools_vendor:/opt/ros/jazzy/opt/gz_msgs_vendor:/opt/ros/jazzy/opt/gz_common_vendor:/opt/ros/jazzy/opt/gz_math_vendor:/opt/ros/jazzy/opt/gz_utils_vendor:/opt/ros/jazzy/opt/gz_tools_vendor:/opt/ros/jazzy/opt/gz_ogre_next_vendor:/opt/ros/jazzy/opt/gz_dartsim_vendor:/opt/ros/jazzy/opt/gz_cmake_vendor:/opt/ros/jazzy DEBUGINFOD_URLS=https://debuginfod.ubuntu.com /usr/bin/cmake --install /home/broodjesemih/ass_ros2_ws/build/g1_ass1_pkg
[5.424s] -- Install configuration: ""
[5.424s] -- Installing: /home/broodjesemih/ass_ros2_ws/install/g1_ass1_pkg/lib/g1_ass1_pkg/tentamen_result_generator
[5.425s] -- Set non-toolchain portion of runtime path of "/home/broodjesemih/ass_ros2_ws/install/g1_ass1_pkg/lib/g1_ass1_pkg/tentamen_result_generator" to ""
[5.425s] -- Installing: /home/broodjesemih/ass_ros2_ws/install/g1_ass1_pkg/lib/g1_ass1_pkg/final_cijfer_determinator
[5.430s] -- Set non-toolchain portion of runtime path of "/home/broodjesemih/ass_ros2_ws/install/g1_ass1_pkg/lib/g1_ass1_pkg/final_cijfer_determinator" to ""
[5.430s] -- Up-to-date: /home/broodjesemih/ass_ros2_ws/install/g1_ass1_pkg/lib/g1_ass1_pkg/cijfer_calculator
[5.430s] -- Installing: /home/broodjesemih/ass_ros2_ws/install/g1_ass1_pkg/lib/g1_ass1_pkg/herkansing_cijfer_determinator
[5.432s] -- Set non-toolchain portion of runtime path of "/home/broodjesemih/ass_ros2_ws/install/g1_ass1_pkg/lib/g1_ass1_pkg/herkansing_cijfer_determinator" to ""
[5.432s] -- Installing: /home/broodjesemih/ass_ros2_ws/install/g1_ass1_pkg/lib/g1_ass1_pkg/herkansing_scheduler
[5.434s] -- Set non-toolchain portion of runtime path of "/home/broodjesemih/ass_ros2_ws/install/g1_ass1_pkg/lib/g1_ass1_pkg/herkansing_scheduler" to ""
[5.434s] -- Up-to-date: /home/broodjesemih/ass_ros2_ws/install/g1_ass1_pkg/share/ament_index/resource_index/package_run_dependencies/g1_ass1_pkg
[5.434s] -- Installing: /home/broodjesemih/ass_ros2_ws/install/g1_ass1_pkg/share/ament_index/resource_index/parent_prefix_path/g1_ass1_pkg
[5.434s] -- Up-to-date: /home/broodjesemih/ass_ros2_ws/install/g1_ass1_pkg/share/g1_ass1_pkg/environment/ament_prefix_path.sh
[5.434s] -- Up-to-date: /home/broodjesemih/ass_ros2_ws/install/g1_ass1_pkg/share/g1_ass1_pkg/environment/ament_prefix_path.dsv
[5.434s] -- Up-to-date: /home/broodjesemih/ass_ros2_ws/install/g1_ass1_pkg/share/g1_ass1_pkg/environment/path.sh
[5.434s] -- Up-to-date: /home/broodjesemih/ass_ros2_ws/install/g1_ass1_pkg/share/g1_ass1_pkg/environment/path.dsv
[5.434s] -- Up-to-date: /home/broodjesemih/ass_ros2_ws/install/g1_ass1_pkg/share/g1_ass1_pkg/local_setup.bash
[5.434s] -- Up-to-date: /home/broodjesemih/ass_ros2_ws/install/g1_ass1_pkg/share/g1_ass1_pkg/local_setup.sh
[5.434s] -- Up-to-date: /home/broodjesemih/ass_ros2_ws/install/g1_ass1_pkg/share/g1_ass1_pkg/local_setup.zsh
[5.434s] -- Up-to-date: /home/broodjesemih/ass_ros2_ws/install/g1_ass1_pkg/share/g1_ass1_pkg/local_setup.dsv
[5.434s] -- Installing: /home/broodjesemih/ass_ros2_ws/install/g1_ass1_pkg/share/g1_ass1_pkg/package.dsv
[5.434s] -- Up-to-date: /home/broodjesemih/ass_ros2_ws/install/g1_ass1_pkg/share/ament_index/resource_index/packages/g1_ass1_pkg
[5.434s] -- Up-to-date: /home/broodjesemih/ass_ros2_ws/install/g1_ass1_pkg/share/g1_ass1_pkg/cmake/g1_ass1_pkgConfig.cmake
[5.434s] -- Up-to-date: /home/broodjesemih/ass_ros2_ws/install/g1_ass1_pkg/share/g1_ass1_pkg/cmake/g1_ass1_pkgConfig-version.cmake
[5.434s] -- Up-to-date: /home/broodjesemih/ass_ros2_ws/install/g1_ass1_pkg/share/g1_ass1_pkg/package.xml
[5.435s] Invoked command in '/home/broodjesemih/ass_ros2_ws/build/g1_ass1_pkg' returned '0': CMAKE_PREFIX_PATH=/home/broodjesemih/ass_ros2_ws/install/g1_interface_pkg:/home/broodjesemih/ass_ros2_ws/install/g1_ass1_pkg:/home/broodjesemih/ros2_ws/install/templates_interfaces:/home/broodjesemih/ros2_ws/install/les_pkg:/home/broodjesemih/ros2_ws/install/my_robot_interfaces:/home/broodjesemih/homework_ws/install/hw_pkg:/home/broodjesemih/homework_ws/install/broodje_interfaces:/opt/ros/jazzy/opt/gz_sim_vendor:/opt/ros/jazzy/opt/gz_sensors_vendor:/opt/ros/jazzy/opt/gz_physics_vendor:/opt/ros/jazzy/opt/sdformat_vendor:/opt/ros/jazzy/opt/gz_gui_vendor:/opt/ros/jazzy/opt/gz_transport_vendor:/opt/ros/jazzy/opt/gz_rendering_vendor:/opt/ros/jazzy/opt/gz_plugin_vendor:/opt/ros/jazzy/opt/gz_fuel_tools_vendor:/opt/ros/jazzy/opt/gz_msgs_vendor:/opt/ros/jazzy/opt/gz_common_vendor:/opt/ros/jazzy/opt/gz_math_vendor:/opt/ros/jazzy/opt/gz_utils_vendor:/opt/ros/jazzy/opt/gz_tools_vendor:/opt/ros/jazzy/opt/gz_ogre_next_vendor:/opt/ros/jazzy/opt/gz_dartsim_vendor:/opt/ros/jazzy/opt/gz_cmake_vendor:/opt/ros/jazzy DEBUGINFOD_URLS=https://debuginfod.ubuntu.com /usr/bin/cmake --install /home/broodjesemih/ass_ros2_ws/build/g1_ass1_pkg
