[0.007s] Invoking command in '/home/broodjesemih/ass_ros2_ws/build/g1_interface_pkg': CMAKE_PREFIX_PATH=${CMAKE_PREFIX_PATH}:/opt/ros/jazzy DEBUGINFOD_URLS=https://debuginfod.ubuntu.com /usr/bin/cmake --build /home/broodjesemih/ass_ros2_ws/build/g1_interface_pkg -- -j20 -l20
[0.051s] [  1%] Built target g1_interface_pkg__rosidl_generator_type_description
[0.059s] [  1%] Built target ament_cmake_python_copy_g1_interface_pkg
[0.069s] [  3%] Built target g1_interface_pkg__cpp
[0.071s] [ 25%] Built target g1_interface_pkg__rosidl_generator_c
[0.099s] [ 35%] Built target g1_interface_pkg__rosidl_typesupport_introspection_c
[0.099s] [ 43%] Built target g1_interface_pkg__rosidl_typesupport_c
[0.100s] [ 53%] Built target g1_interface_pkg__rosidl_typesupport_fastrtps_c
[0.103s] [ 62%] Built target g1_interface_pkg__rosidl_typesupport_introspection_cpp
[0.105s] [ 71%] Built target g1_interface_pkg__rosidl_typesupport_fastrtps_cpp
[0.105s] [ 81%] Built target g1_interface_pkg__rosidl_typesupport_cpp
[0.122s] [ 81%] Built target g1_interface_pkg
[0.138s] [ 82%] Built target g1_interface_pkg__py
[0.159s] [ 90%] Built target g1_interface_pkg__rosidl_generator_py
[0.179s] [ 93%] Built target g1_interface_pkg_s__rosidl_typesupport_fastrtps_c
[0.180s] [ 96%] Built target g1_interface_pkg_s__rosidl_typesupport_c
[0.181s] [100%] Built target g1_interface_pkg_s__rosidl_typesupport_introspection_c
[0.213s] running egg_info
[0.223s] writing g1_interface_pkg.egg-info/PKG-INFO
[0.224s] writing dependency_links to g1_interface_pkg.egg-info/dependency_links.txt
[0.224s] writing top-level names to g1_interface_pkg.egg-info/top_level.txt
[0.251s] reading manifest file 'g1_interface_pkg.egg-info/SOURCES.txt'
[0.252s] writing manifest file 'g1_interface_pkg.egg-info/SOURCES.txt'
[0.271s] [100%] Built target ament_cmake_python_build_g1_interface_pkg_egg
[0.282s] Invoked command in '/home/broodjesemih/ass_ros2_ws/build/g1_interface_pkg' returned '0': CMAKE_PREFIX_PATH=${CMAKE_PREFIX_PATH}:/opt/ros/jazzy DEBUGINFOD_URLS=https://debuginfod.ubuntu.com /usr/bin/cmake --build /home/broodjesemih/ass_ros2_ws/build/g1_interface_pkg -- -j20 -l20
[0.290s] Invoking command in '/home/broodjesemih/ass_ros2_ws/build/g1_interface_pkg': CMAKE_PREFIX_PATH=${CMAKE_PREFIX_PATH}:/opt/ros/jazzy DEBUGINFOD_URLS=https://debuginfod.ubuntu.com /usr/bin/cmake --install /home/broodjesemih/ass_ros2_ws/build/g1_interface_pkg
[0.295s] -- Install configuration: ""
[0.295s] -- Up-to-date: /home/broodjesemih/ass_ros2_ws/install/g1_interface_pkg/share/ament_index/resource_index/rosidl_interfaces/g1_interface_pkg
[0.295s] -- Up-to-date: /home/broodjesemih/ass_ros2_ws/install/g1_interface_pkg/share/g1_interface_pkg/msg/Student.json
[0.295s] -- Up-to-date: /home/broodjesemih/ass_ros2_ws/install/g1_interface_pkg/share/g1_interface_pkg/msg/Tentamen.json
[0.295s] -- Up-to-date: /home/broodjesemih/ass_ros2_ws/install/g1_interface_pkg/share/g1_interface_pkg/srv/Tentamens.json
[0.296s] -- Up-to-date: /home/broodjesemih/ass_ros2_ws/install/g1_interface_pkg/share/g1_interface_pkg/action/Herkanser.json
[0.296s] -- Up-to-date: /home/broodjesemih/ass_ros2_ws/install/g1_interface_pkg/include/g1_interface_pkg/g1_interface_pkg
[0.296s] -- Up-to-date: /home/broodjesemih/ass_ros2_ws/install/g1_interface_pkg/include/g1_interface_pkg/g1_interface_pkg/action
[0.296s] -- Up-to-date: /home/broodjesemih/ass_ros2_ws/install/g1_interface_pkg/include/g1_interface_pkg/g1_interface_pkg/action/detail
[0.296s] -- Up-to-date: /home/broodjesemih/ass_ros2_ws/install/g1_interface_pkg/include/g1_interface_pkg/g1_interface_pkg/action/detail/herkanser__type_support.h
[0.296s] -- Up-to-date: /home/broodjesemih/ass_ros2_ws/install/g1_interface_pkg/include/g1_interface_pkg/g1_interface_pkg/action/detail/herkanser__description.c
[0.296s] -- Up-to-date: /home/broodjesemih/ass_ros2_ws/install/g1_interface_pkg/include/g1_interface_pkg/g1_interface_pkg/action/detail/herkanser__functions.h
[0.297s] -- Up-to-date: /home/broodjesemih/ass_ros2_ws/install/g1_interface_pkg/include/g1_interface_pkg/g1_interface_pkg/action/detail/herkanser__struct.h
[0.297s] -- Up-to-date: /home/broodjesemih/ass_ros2_ws/install/g1_interface_pkg/include/g1_interface_pkg/g1_interface_pkg/action/detail/herkanser__functions.c
[0.297s] -- Up-to-date: /home/broodjesemih/ass_ros2_ws/install/g1_interface_pkg/include/g1_interface_pkg/g1_interface_pkg/action/detail/herkanser__type_support.c
[0.297s] -- Up-to-date: /home/broodjesemih/ass_ros2_ws/install/g1_interface_pkg/include/g1_interface_pkg/g1_interface_pkg/action/herkanser.h
[0.297s] -- Up-to-date: /home/broodjesemih/ass_ros2_ws/install/g1_interface_pkg/include/g1_interface_pkg/g1_interface_pkg/srv
[0.298s] -- Up-to-date: /home/broodjesemih/ass_ros2_ws/install/g1_interface_pkg/include/g1_interface_pkg/g1_interface_pkg/srv/detail
[0.298s] -- Up-to-date: /home/broodjesemih/ass_ros2_ws/install/g1_interface_pkg/include/g1_interface_pkg/g1_interface_pkg/srv/detail/tentamens__functions.h
[0.298s] -- Up-to-date: /home/broodjesemih/ass_ros2_ws/install/g1_interface_pkg/include/g1_interface_pkg/g1_interface_pkg/srv/detail/tentamens__type_support.c
[0.298s] -- Up-to-date: /home/broodjesemih/ass_ros2_ws/install/g1_interface_pkg/include/g1_interface_pkg/g1_interface_pkg/srv/detail/tentamens__struct.h
[0.298s] -- Up-to-date: /home/broodjesemih/ass_ros2_ws/install/g1_interface_pkg/include/g1_interface_pkg/g1_interface_pkg/srv/detail/tentamens__description.c
[0.298s] -- Up-to-date: /home/broodjesemih/ass_ros2_ws/install/g1_interface_pkg/include/g1_interface_pkg/g1_interface_pkg/srv/detail/tentamens__functions.c
[0.298s] -- Up-to-date: /home/broodjesemih/ass_ros2_ws/install/g1_interface_pkg/include/g1_interface_pkg/g1_interface_pkg/srv/detail/tentamens__type_support.h
[0.298s] -- Up-to-date: /home/broodjesemih/ass_ros2_ws/install/g1_interface_pkg/include/g1_interface_pkg/g1_interface_pkg/srv/tentamens.h
[0.298s] -- Up-to-date: /home/broodjesemih/ass_ros2_ws/install/g1_interface_pkg/include/g1_interface_pkg/g1_interface_pkg/msg
[0.298s] -- Up-to-date: /home/broodjesemih/ass_ros2_ws/install/g1_interface_pkg/include/g1_interface_pkg/g1_interface_pkg/msg/tentamen.h
[0.298s] -- Up-to-date: /home/broodjesemih/ass_ros2_ws/install/g1_interface_pkg/include/g1_interface_pkg/g1_interface_pkg/msg/rosidl_generator_c__visibility_control.h
[0.298s] -- Up-to-date: /home/broodjesemih/ass_ros2_ws/install/g1_interface_pkg/include/g1_interface_pkg/g1_interface_pkg/msg/student.h
[0.298s] -- Up-to-date: /home/broodjesemih/ass_ros2_ws/install/g1_interface_pkg/include/g1_interface_pkg/g1_interface_pkg/msg/detail
[0.299s] -- Up-to-date: /home/broodjesemih/ass_ros2_ws/install/g1_interface_pkg/include/g1_interface_pkg/g1_interface_pkg/msg/detail/student__description.c
[0.299s] -- Up-to-date: /home/broodjesemih/ass_ros2_ws/install/g1_interface_pkg/include/g1_interface_pkg/g1_interface_pkg/msg/detail/tentamen__struct.h
[0.299s] -- Up-to-date: /home/broodjesemih/ass_ros2_ws/install/g1_interface_pkg/include/g1_interface_pkg/g1_interface_pkg/msg/detail/tentamen__description.c
[0.299s] -- Up-to-date: /home/broodjesemih/ass_ros2_ws/install/g1_interface_pkg/include/g1_interface_pkg/g1_interface_pkg/msg/detail/student__type_support.h
[0.299s] -- Up-to-date: /home/broodjesemih/ass_ros2_ws/install/g1_interface_pkg/include/g1_interface_pkg/g1_interface_pkg/msg/detail/tentamen__functions.h
[0.299s] -- Up-to-date: /home/broodjesemih/ass_ros2_ws/install/g1_interface_pkg/include/g1_interface_pkg/g1_interface_pkg/msg/detail/tentamen__functions.c
[0.299s] -- Up-to-date: /home/broodjesemih/ass_ros2_ws/install/g1_interface_pkg/include/g1_interface_pkg/g1_interface_pkg/msg/detail/student__functions.c
[0.299s] -- Up-to-date: /home/broodjesemih/ass_ros2_ws/install/g1_interface_pkg/include/g1_interface_pkg/g1_interface_pkg/msg/detail/student__type_support.c
[0.299s] -- Up-to-date: /home/broodjesemih/ass_ros2_ws/install/g1_interface_pkg/include/g1_interface_pkg/g1_interface_pkg/msg/detail/student__functions.h
[0.299s] -- Up-to-date: /home/broodjesemih/ass_ros2_ws/install/g1_interface_pkg/include/g1_interface_pkg/g1_interface_pkg/msg/detail/tentamen__type_support.c
[0.299s] -- Up-to-date: /home/broodjesemih/ass_ros2_ws/install/g1_interface_pkg/include/g1_interface_pkg/g1_interface_pkg/msg/detail/tentamen__type_support.h
[0.299s] -- Up-to-date: /home/broodjesemih/ass_ros2_ws/install/g1_interface_pkg/include/g1_interface_pkg/g1_interface_pkg/msg/detail/student__struct.h
[0.299s] -- Up-to-date: /home/broodjesemih/ass_ros2_ws/install/g1_interface_pkg/share/g1_interface_pkg/environment/library_path.sh
[0.300s] -- Up-to-date: /home/broodjesemih/ass_ros2_ws/install/g1_interface_pkg/share/g1_interface_pkg/environment/library_path.dsv
[0.300s] -- Up-to-date: /home/broodjesemih/ass_ros2_ws/install/g1_interface_pkg/lib/libg1_interface_pkg__rosidl_generator_c.so
[0.300s] -- Up-to-date: /home/broodjesemih/ass_ros2_ws/install/g1_interface_pkg/include/g1_interface_pkg/g1_interface_pkg
[0.300s] -- Up-to-date: /home/broodjesemih/ass_ros2_ws/install/g1_interface_pkg/include/g1_interface_pkg/g1_interface_pkg/action
[0.300s] -- Up-to-date: /home/broodjesemih/ass_ros2_ws/install/g1_interface_pkg/include/g1_interface_pkg/g1_interface_pkg/action/detail
[0.300s] -- Up-to-date: /home/broodjesemih/ass_ros2_ws/install/g1_interface_pkg/include/g1_interface_pkg/g1_interface_pkg/action/detail/herkanser__rosidl_typesupport_fastrtps_c.h
[0.300s] -- Up-to-date: /home/broodjesemih/ass_ros2_ws/install/g1_interface_pkg/include/g1_interface_pkg/g1_interface_pkg/srv
[0.300s] -- Up-to-date: /home/broodjesemih/ass_ros2_ws/install/g1_interface_pkg/include/g1_interface_pkg/g1_interface_pkg/srv/detail
[0.300s] -- Up-to-date: /home/broodjesemih/ass_ros2_ws/install/g1_interface_pkg/include/g1_interface_pkg/g1_interface_pkg/srv/detail/tentamens__rosidl_typesupport_fastrtps_c.h
[0.300s] -- Up-to-date: /home/broodjesemih/ass_ros2_ws/install/g1_interface_pkg/include/g1_interface_pkg/g1_interface_pkg/msg
[0.300s] -- Up-to-date: /home/broodjesemih/ass_ros2_ws/install/g1_interface_pkg/include/g1_interface_pkg/g1_interface_pkg/msg/detail
[0.300s] -- Up-to-date: /home/broodjesemih/ass_ros2_ws/install/g1_interface_pkg/include/g1_interface_pkg/g1_interface_pkg/msg/detail/student__rosidl_typesupport_fastrtps_c.h
[0.301s] -- Up-to-date: /home/broodjesemih/ass_ros2_ws/install/g1_interface_pkg/include/g1_interface_pkg/g1_interface_pkg/msg/detail/tentamen__rosidl_typesupport_fastrtps_c.h
[0.301s] -- Up-to-date: /home/broodjesemih/ass_ros2_ws/install/g1_interface_pkg/include/g1_interface_pkg/g1_interface_pkg/msg/rosidl_typesupport_fastrtps_c__visibility_control.h
[0.301s] -- Up-to-date: /home/broodjesemih/ass_ros2_ws/install/g1_interface_pkg/lib/libg1_interface_pkg__rosidl_typesupport_fastrtps_c.so
[0.301s] -- Up-to-date: /home/broodjesemih/ass_ros2_ws/install/g1_interface_pkg/include/g1_interface_pkg/g1_interface_pkg
[0.301s] -- Up-to-date: /home/broodjesemih/ass_ros2_ws/install/g1_interface_pkg/include/g1_interface_pkg/g1_interface_pkg/action
[0.301s] -- Up-to-date: /home/broodjesemih/ass_ros2_ws/install/g1_interface_pkg/include/g1_interface_pkg/g1_interface_pkg/action/detail
[0.301s] -- Up-to-date: /home/broodjesemih/ass_ros2_ws/install/g1_interface_pkg/include/g1_interface_pkg/g1_interface_pkg/action/detail/herkanser__rosidl_typesupport_introspection_c.h
[0.301s] -- Up-to-date: /home/broodjesemih/ass_ros2_ws/install/g1_interface_pkg/include/g1_interface_pkg/g1_interface_pkg/action/detail/herkanser__type_support.c
[0.301s] -- Up-to-date: /home/broodjesemih/ass_ros2_ws/install/g1_interface_pkg/include/g1_interface_pkg/g1_interface_pkg/srv
[0.301s] -- Up-to-date: /home/broodjesemih/ass_ros2_ws/install/g1_interface_pkg/include/g1_interface_pkg/g1_interface_pkg/srv/detail
[0.301s] -- Up-to-date: /home/broodjesemih/ass_ros2_ws/install/g1_interface_pkg/include/g1_interface_pkg/g1_interface_pkg/srv/detail/tentamens__rosidl_typesupport_introspection_c.h
[0.301s] -- Up-to-date: /home/broodjesemih/ass_ros2_ws/install/g1_interface_pkg/include/g1_interface_pkg/g1_interface_pkg/srv/detail/tentamens__type_support.c
[0.301s] -- Up-to-date: /home/broodjesemih/ass_ros2_ws/install/g1_interface_pkg/include/g1_interface_pkg/g1_interface_pkg/msg
[0.302s] -- Up-to-date: /home/broodjesemih/ass_ros2_ws/install/g1_interface_pkg/include/g1_interface_pkg/g1_interface_pkg/msg/rosidl_typesupport_introspection_c__visibility_control.h
[0.302s] -- Up-to-date: /home/broodjesemih/ass_ros2_ws/install/g1_interface_pkg/include/g1_interface_pkg/g1_interface_pkg/msg/detail
[0.302s] -- Up-to-date: /home/broodjesemih/ass_ros2_ws/install/g1_interface_pkg/include/g1_interface_pkg/g1_interface_pkg/msg/detail/tentamen__rosidl_typesupport_introspection_c.h
[0.302s] -- Up-to-date: /home/broodjesemih/ass_ros2_ws/install/g1_interface_pkg/include/g1_interface_pkg/g1_interface_pkg/msg/detail/student__type_support.c
[0.302s] -- Up-to-date: /home/broodjesemih/ass_ros2_ws/install/g1_interface_pkg/include/g1_interface_pkg/g1_interface_pkg/msg/detail/tentamen__type_support.c
[0.302s] -- Up-to-date: /home/broodjesemih/ass_ros2_ws/install/g1_interface_pkg/include/g1_interface_pkg/g1_interface_pkg/msg/detail/student__rosidl_typesupport_introspection_c.h
[0.302s] -- Up-to-date: /home/broodjesemih/ass_ros2_ws/install/g1_interface_pkg/lib/libg1_interface_pkg__rosidl_typesupport_introspection_c.so
[0.302s] -- Up-to-date: /home/broodjesemih/ass_ros2_ws/install/g1_interface_pkg/lib/libg1_interface_pkg__rosidl_typesupport_c.so
[0.302s] -- Up-to-date: /home/broodjesemih/ass_ros2_ws/install/g1_interface_pkg/include/g1_interface_pkg/g1_interface_pkg
[0.302s] -- Up-to-date: /home/broodjesemih/ass_ros2_ws/install/g1_interface_pkg/include/g1_interface_pkg/g1_interface_pkg/action
[0.302s] -- Up-to-date: /home/broodjesemih/ass_ros2_ws/install/g1_interface_pkg/include/g1_interface_pkg/g1_interface_pkg/action/herkanser.hpp
[0.302s] -- Up-to-date: /home/broodjesemih/ass_ros2_ws/install/g1_interface_pkg/include/g1_interface_pkg/g1_interface_pkg/action/detail
[0.302s] -- Up-to-date: /home/broodjesemih/ass_ros2_ws/install/g1_interface_pkg/include/g1_interface_pkg/g1_interface_pkg/action/detail/herkanser__builder.hpp
[0.303s] -- Up-to-date: /home/broodjesemih/ass_ros2_ws/install/g1_interface_pkg/include/g1_interface_pkg/g1_interface_pkg/action/detail/herkanser__struct.hpp
[0.303s] -- Up-to-date: /home/broodjesemih/ass_ros2_ws/install/g1_interface_pkg/include/g1_interface_pkg/g1_interface_pkg/action/detail/herkanser__type_support.hpp
[0.303s] -- Up-to-date: /home/broodjesemih/ass_ros2_ws/install/g1_interface_pkg/include/g1_interface_pkg/g1_interface_pkg/action/detail/herkanser__traits.hpp
[0.303s] -- Up-to-date: /home/broodjesemih/ass_ros2_ws/install/g1_interface_pkg/include/g1_interface_pkg/g1_interface_pkg/srv
[0.303s] -- Up-to-date: /home/broodjesemih/ass_ros2_ws/install/g1_interface_pkg/include/g1_interface_pkg/g1_interface_pkg/srv/detail
[0.303s] -- Up-to-date: /home/broodjesemih/ass_ros2_ws/install/g1_interface_pkg/include/g1_interface_pkg/g1_interface_pkg/srv/detail/tentamens__type_support.hpp
[0.303s] -- Up-to-date: /home/broodjesemih/ass_ros2_ws/install/g1_interface_pkg/include/g1_interface_pkg/g1_interface_pkg/srv/detail/tentamens__traits.hpp
[0.303s] -- Up-to-date: /home/broodjesemih/ass_ros2_ws/install/g1_interface_pkg/include/g1_interface_pkg/g1_interface_pkg/srv/detail/tentamens__builder.hpp
[0.303s] -- Up-to-date: /home/broodjesemih/ass_ros2_ws/install/g1_interface_pkg/include/g1_interface_pkg/g1_interface_pkg/srv/detail/tentamens__struct.hpp
[0.303s] -- Up-to-date: /home/broodjesemih/ass_ros2_ws/install/g1_interface_pkg/include/g1_interface_pkg/g1_interface_pkg/srv/tentamens.hpp
[0.303s] -- Up-to-date: /home/broodjesemih/ass_ros2_ws/install/g1_interface_pkg/include/g1_interface_pkg/g1_interface_pkg/msg
[0.303s] -- Up-to-date: /home/broodjesemih/ass_ros2_ws/install/g1_interface_pkg/include/g1_interface_pkg/g1_interface_pkg/msg/student.hpp
[0.303s] -- Up-to-date: /home/broodjesemih/ass_ros2_ws/install/g1_interface_pkg/include/g1_interface_pkg/g1_interface_pkg/msg/rosidl_generator_cpp__visibility_control.hpp
[0.303s] -- Up-to-date: /home/broodjesemih/ass_ros2_ws/install/g1_interface_pkg/include/g1_interface_pkg/g1_interface_pkg/msg/tentamen.hpp
[0.304s] -- Up-to-date: /home/broodjesemih/ass_ros2_ws/install/g1_interface_pkg/include/g1_interface_pkg/g1_interface_pkg/msg/detail
[0.304s] -- Up-to-date: /home/broodjesemih/ass_ros2_ws/install/g1_interface_pkg/include/g1_interface_pkg/g1_interface_pkg/msg/detail/student__builder.hpp
[0.304s] -- Up-to-date: /home/broodjesemih/ass_ros2_ws/install/g1_interface_pkg/include/g1_interface_pkg/g1_interface_pkg/msg/detail/tentamen__traits.hpp
[0.304s] -- Up-to-date: /home/broodjesemih/ass_ros2_ws/install/g1_interface_pkg/include/g1_interface_pkg/g1_interface_pkg/msg/detail/student__type_support.hpp
[0.304s] -- Up-to-date: /home/broodjesemih/ass_ros2_ws/install/g1_interface_pkg/include/g1_interface_pkg/g1_interface_pkg/msg/detail/student__traits.hpp
[0.304s] -- Up-to-date: /home/broodjesemih/ass_ros2_ws/install/g1_interface_pkg/include/g1_interface_pkg/g1_interface_pkg/msg/detail/tentamen__builder.hpp
[0.304s] -- Up-to-date: /home/broodjesemih/ass_ros2_ws/install/g1_interface_pkg/include/g1_interface_pkg/g1_interface_pkg/msg/detail/tentamen__struct.hpp
[0.304s] -- Up-to-date: /home/broodjesemih/ass_ros2_ws/install/g1_interface_pkg/include/g1_interface_pkg/g1_interface_pkg/msg/detail/tentamen__type_support.hpp
[0.304s] -- Up-to-date: /home/broodjesemih/ass_ros2_ws/install/g1_interface_pkg/include/g1_interface_pkg/g1_interface_pkg/msg/detail/student__struct.hpp
[0.304s] -- Up-to-date: /home/broodjesemih/ass_ros2_ws/install/g1_interface_pkg/include/g1_interface_pkg/g1_interface_pkg
[0.304s] -- Up-to-date: /home/broodjesemih/ass_ros2_ws/install/g1_interface_pkg/include/g1_interface_pkg/g1_interface_pkg/action
[0.304s] -- Up-to-date: /home/broodjesemih/ass_ros2_ws/install/g1_interface_pkg/include/g1_interface_pkg/g1_interface_pkg/action/detail
[0.304s] -- Up-to-date: /home/broodjesemih/ass_ros2_ws/install/g1_interface_pkg/include/g1_interface_pkg/g1_interface_pkg/action/detail/herkanser__rosidl_typesupport_fastrtps_cpp.hpp
[0.305s] -- Up-to-date: /home/broodjesemih/ass_ros2_ws/install/g1_interface_pkg/include/g1_interface_pkg/g1_interface_pkg/action/detail/dds_fastrtps
[0.305s] -- Up-to-date: /home/broodjesemih/ass_ros2_ws/install/g1_interface_pkg/include/g1_interface_pkg/g1_interface_pkg/srv
[0.305s] -- Up-to-date: /home/broodjesemih/ass_ros2_ws/install/g1_interface_pkg/include/g1_interface_pkg/g1_interface_pkg/srv/detail
[0.305s] -- Up-to-date: /home/broodjesemih/ass_ros2_ws/install/g1_interface_pkg/include/g1_interface_pkg/g1_interface_pkg/srv/detail/tentamens__rosidl_typesupport_fastrtps_cpp.hpp
[0.305s] -- Up-to-date: /home/broodjesemih/ass_ros2_ws/install/g1_interface_pkg/include/g1_interface_pkg/g1_interface_pkg/srv/detail/dds_fastrtps
[0.305s] -- Up-to-date: /home/broodjesemih/ass_ros2_ws/install/g1_interface_pkg/include/g1_interface_pkg/g1_interface_pkg/msg
[0.305s] -- Up-to-date: /home/broodjesemih/ass_ros2_ws/install/g1_interface_pkg/include/g1_interface_pkg/g1_interface_pkg/msg/rosidl_typesupport_fastrtps_cpp__visibility_control.h
[0.305s] -- Up-to-date: /home/broodjesemih/ass_ros2_ws/install/g1_interface_pkg/include/g1_interface_pkg/g1_interface_pkg/msg/detail
[0.305s] -- Up-to-date: /home/broodjesemih/ass_ros2_ws/install/g1_interface_pkg/include/g1_interface_pkg/g1_interface_pkg/msg/detail/tentamen__rosidl_typesupport_fastrtps_cpp.hpp
[0.305s] -- Up-to-date: /home/broodjesemih/ass_ros2_ws/install/g1_interface_pkg/include/g1_interface_pkg/g1_interface_pkg/msg/detail/dds_fastrtps
[0.305s] -- Up-to-date: /home/broodjesemih/ass_ros2_ws/install/g1_interface_pkg/include/g1_interface_pkg/g1_interface_pkg/msg/detail/student__rosidl_typesupport_fastrtps_cpp.hpp
[0.305s] -- Up-to-date: /home/broodjesemih/ass_ros2_ws/install/g1_interface_pkg/lib/libg1_interface_pkg__rosidl_typesupport_fastrtps_cpp.so
[0.305s] -- Up-to-date: /home/broodjesemih/ass_ros2_ws/install/g1_interface_pkg/include/g1_interface_pkg/g1_interface_pkg
[0.306s] -- Up-to-date: /home/broodjesemih/ass_ros2_ws/install/g1_interface_pkg/include/g1_interface_pkg/g1_interface_pkg/action
[0.306s] -- Up-to-date: /home/broodjesemih/ass_ros2_ws/install/g1_interface_pkg/include/g1_interface_pkg/g1_interface_pkg/action/detail
[0.306s] -- Up-to-date: /home/broodjesemih/ass_ros2_ws/install/g1_interface_pkg/include/g1_interface_pkg/g1_interface_pkg/action/detail/herkanser__type_support.cpp
[0.306s] -- Up-to-date: /home/broodjesemih/ass_ros2_ws/install/g1_interface_pkg/include/g1_interface_pkg/g1_interface_pkg/action/detail/herkanser__rosidl_typesupport_introspection_cpp.hpp
[0.306s] -- Up-to-date: /home/broodjesemih/ass_ros2_ws/install/g1_interface_pkg/include/g1_interface_pkg/g1_interface_pkg/srv
[0.306s] -- Up-to-date: /home/broodjesemih/ass_ros2_ws/install/g1_interface_pkg/include/g1_interface_pkg/g1_interface_pkg/srv/detail
[0.306s] -- Up-to-date: /home/broodjesemih/ass_ros2_ws/install/g1_interface_pkg/include/g1_interface_pkg/g1_interface_pkg/srv/detail/tentamens__rosidl_typesupport_introspection_cpp.hpp
[0.306s] -- Up-to-date: /home/broodjesemih/ass_ros2_ws/install/g1_interface_pkg/include/g1_interface_pkg/g1_interface_pkg/srv/detail/tentamens__type_support.cpp
[0.306s] -- Up-to-date: /home/broodjesemih/ass_ros2_ws/install/g1_interface_pkg/include/g1_interface_pkg/g1_interface_pkg/msg
[0.306s] -- Up-to-date: /home/broodjesemih/ass_ros2_ws/install/g1_interface_pkg/include/g1_interface_pkg/g1_interface_pkg/msg/detail
[0.306s] -- Up-to-date: /home/broodjesemih/ass_ros2_ws/install/g1_interface_pkg/include/g1_interface_pkg/g1_interface_pkg/msg/detail/student__type_support.cpp
[0.306s] -- Up-to-date: /home/broodjesemih/ass_ros2_ws/install/g1_interface_pkg/include/g1_interface_pkg/g1_interface_pkg/msg/detail/student__rosidl_typesupport_introspection_cpp.hpp
[0.306s] -- Up-to-date: /home/broodjesemih/ass_ros2_ws/install/g1_interface_pkg/include/g1_interface_pkg/g1_interface_pkg/msg/detail/tentamen__type_support.cpp
[0.306s] -- Up-to-date: /home/broodjesemih/ass_ros2_ws/install/g1_interface_pkg/include/g1_interface_pkg/g1_interface_pkg/msg/detail/tentamen__rosidl_typesupport_introspection_cpp.hpp
[0.307s] -- Up-to-date: /home/broodjesemih/ass_ros2_ws/install/g1_interface_pkg/lib/libg1_interface_pkg__rosidl_typesupport_introspection_cpp.so
[0.307s] -- Up-to-date: /home/broodjesemih/ass_ros2_ws/install/g1_interface_pkg/lib/libg1_interface_pkg__rosidl_typesupport_cpp.so
[0.307s] -- Up-to-date: /home/broodjesemih/ass_ros2_ws/install/g1_interface_pkg/share/g1_interface_pkg/environment/pythonpath.sh
[0.307s] -- Up-to-date: /home/broodjesemih/ass_ros2_ws/install/g1_interface_pkg/share/g1_interface_pkg/environment/pythonpath.dsv
[0.307s] -- Up-to-date: /home/broodjesemih/ass_ros2_ws/install/g1_interface_pkg/lib/python3.12/site-packages/g1_interface_pkg-0.1.0-py3.12.egg-info
[0.307s] -- Installing: /home/broodjesemih/ass_ros2_ws/install/g1_interface_pkg/lib/python3.12/site-packages/g1_interface_pkg-0.1.0-py3.12.egg-info/top_level.txt
[0.307s] -- Installing: /home/broodjesemih/ass_ros2_ws/install/g1_interface_pkg/lib/python3.12/site-packages/g1_interface_pkg-0.1.0-py3.12.egg-info/dependency_links.txt
[0.307s] -- Installing: /home/broodjesemih/ass_ros2_ws/install/g1_interface_pkg/lib/python3.12/site-packages/g1_interface_pkg-0.1.0-py3.12.egg-info/SOURCES.txt
[0.307s] -- Installing: /home/broodjesemih/ass_ros2_ws/install/g1_interface_pkg/lib/python3.12/site-packages/g1_interface_pkg-0.1.0-py3.12.egg-info/PKG-INFO
[0.307s] -- Up-to-date: /home/broodjesemih/ass_ros2_ws/install/g1_interface_pkg/lib/python3.12/site-packages/g1_interface_pkg
[0.307s] -- Up-to-date: /home/broodjesemih/ass_ros2_ws/install/g1_interface_pkg/lib/python3.12/site-packages/g1_interface_pkg/g1_interface_pkg_s__rosidl_typesupport_introspection_c.so
[0.307s] -- Up-to-date: /home/broodjesemih/ass_ros2_ws/install/g1_interface_pkg/lib/python3.12/site-packages/g1_interface_pkg/action
[0.307s] -- Up-to-date: /home/broodjesemih/ass_ros2_ws/install/g1_interface_pkg/lib/python3.12/site-packages/g1_interface_pkg/action/_herkanser_s.c
[0.307s] -- Up-to-date: /home/broodjesemih/ass_ros2_ws/install/g1_interface_pkg/lib/python3.12/site-packages/g1_interface_pkg/action/_herkanser.py
[0.308s] -- Up-to-date: /home/broodjesemih/ass_ros2_ws/install/g1_interface_pkg/lib/python3.12/site-packages/g1_interface_pkg/action/__init__.py
[0.308s] -- Up-to-date: /home/broodjesemih/ass_ros2_ws/install/g1_interface_pkg/lib/python3.12/site-packages/g1_interface_pkg/_g1_interface_pkg_s.ep.rosidl_typesupport_c.c
[0.308s] -- Up-to-date: /home/broodjesemih/ass_ros2_ws/install/g1_interface_pkg/lib/python3.12/site-packages/g1_interface_pkg/g1_interface_pkg_s__rosidl_typesupport_c.so
[0.308s] -- Up-to-date: /home/broodjesemih/ass_ros2_ws/install/g1_interface_pkg/lib/python3.12/site-packages/g1_interface_pkg/g1_interface_pkg_s__rosidl_typesupport_fastrtps_c.so
[0.308s] -- Up-to-date: /home/broodjesemih/ass_ros2_ws/install/g1_interface_pkg/lib/python3.12/site-packages/g1_interface_pkg/srv
[0.308s] -- Up-to-date: /home/broodjesemih/ass_ros2_ws/install/g1_interface_pkg/lib/python3.12/site-packages/g1_interface_pkg/srv/_tentamens_s.c
[0.308s] -- Up-to-date: /home/broodjesemih/ass_ros2_ws/install/g1_interface_pkg/lib/python3.12/site-packages/g1_interface_pkg/srv/_tentamens.py
[0.308s] -- Up-to-date: /home/broodjesemih/ass_ros2_ws/install/g1_interface_pkg/lib/python3.12/site-packages/g1_interface_pkg/srv/__init__.py
[0.308s] -- Up-to-date: /home/broodjesemih/ass_ros2_ws/install/g1_interface_pkg/lib/python3.12/site-packages/g1_interface_pkg/_g1_interface_pkg_s.ep.rosidl_typesupport_fastrtps_c.c
[0.308s] -- Up-to-date: /home/broodjesemih/ass_ros2_ws/install/g1_interface_pkg/lib/python3.12/site-packages/g1_interface_pkg/msg
[0.308s] -- Up-to-date: /home/broodjesemih/ass_ros2_ws/install/g1_interface_pkg/lib/python3.12/site-packages/g1_interface_pkg/msg/_student.py
[0.308s] -- Up-to-date: /home/broodjesemih/ass_ros2_ws/install/g1_interface_pkg/lib/python3.12/site-packages/g1_interface_pkg/msg/_tentamen_s.c
[0.308s] -- Up-to-date: /home/broodjesemih/ass_ros2_ws/install/g1_interface_pkg/lib/python3.12/site-packages/g1_interface_pkg/msg/_student_s.c
[0.308s] -- Up-to-date: /home/broodjesemih/ass_ros2_ws/install/g1_interface_pkg/lib/python3.12/site-packages/g1_interface_pkg/msg/_tentamen.py
[0.309s] -- Up-to-date: /home/broodjesemih/ass_ros2_ws/install/g1_interface_pkg/lib/python3.12/site-packages/g1_interface_pkg/msg/__init__.py
[0.309s] -- Up-to-date: /home/broodjesemih/ass_ros2_ws/install/g1_interface_pkg/lib/python3.12/site-packages/g1_interface_pkg/_g1_interface_pkg_s.ep.rosidl_typesupport_introspection_c.c
[0.309s] -- Up-to-date: /home/broodjesemih/ass_ros2_ws/install/g1_interface_pkg/lib/python3.12/site-packages/g1_interface_pkg/__init__.py
[0.322s] Listing '/home/broodjesemih/ass_ros2_ws/install/g1_interface_pkg/lib/python3.12/site-packages/g1_interface_pkg'...
[0.322s] Listing '/home/broodjesemih/ass_ros2_ws/install/g1_interface_pkg/lib/python3.12/site-packages/g1_interface_pkg/action'...
[0.322s] Listing '/home/broodjesemih/ass_ros2_ws/install/g1_interface_pkg/lib/python3.12/site-packages/g1_interface_pkg/msg'...
[0.322s] Listing '/home/broodjesemih/ass_ros2_ws/install/g1_interface_pkg/lib/python3.12/site-packages/g1_interface_pkg/srv'...
[0.325s] -- Up-to-date: /home/broodjesemih/ass_ros2_ws/install/g1_interface_pkg/lib/python3.12/site-packages/g1_interface_pkg/g1_interface_pkg_s__rosidl_typesupport_fastrtps_c.so
[0.325s] -- Up-to-date: /home/broodjesemih/ass_ros2_ws/install/g1_interface_pkg/lib/python3.12/site-packages/g1_interface_pkg/g1_interface_pkg_s__rosidl_typesupport_introspection_c.so
[0.325s] -- Up-to-date: /home/broodjesemih/ass_ros2_ws/install/g1_interface_pkg/lib/python3.12/site-packages/g1_interface_pkg/g1_interface_pkg_s__rosidl_typesupport_c.so
[0.326s] -- Up-to-date: /home/broodjesemih/ass_ros2_ws/install/g1_interface_pkg/lib/libg1_interface_pkg__rosidl_generator_py.so
[0.326s] -- Up-to-date: /home/broodjesemih/ass_ros2_ws/install/g1_interface_pkg/share/g1_interface_pkg/msg/Student.idl
[0.326s] -- Up-to-date: /home/broodjesemih/ass_ros2_ws/install/g1_interface_pkg/share/g1_interface_pkg/msg/Tentamen.idl
[0.326s] -- Up-to-date: /home/broodjesemih/ass_ros2_ws/install/g1_interface_pkg/share/g1_interface_pkg/srv/Tentamens.idl
[0.326s] -- Up-to-date: /home/broodjesemih/ass_ros2_ws/install/g1_interface_pkg/share/g1_interface_pkg/action/Herkanser.idl
[0.326s] -- Up-to-date: /home/broodjesemih/ass_ros2_ws/install/g1_interface_pkg/share/g1_interface_pkg/msg/Student.msg
[0.326s] -- Up-to-date: /home/broodjesemih/ass_ros2_ws/install/g1_interface_pkg/share/g1_interface_pkg/msg/Tentamen.msg
[0.326s] -- Up-to-date: /home/broodjesemih/ass_ros2_ws/install/g1_interface_pkg/share/g1_interface_pkg/srv/Tentamens.srv
[0.326s] -- Up-to-date: /home/broodjesemih/ass_ros2_ws/install/g1_interface_pkg/share/g1_interface_pkg/action/Herkanser.action
[0.326s] -- Up-to-date: /home/broodjesemih/ass_ros2_ws/install/g1_interface_pkg/share/ament_index/resource_index/package_run_dependencies/g1_interface_pkg
[0.326s] -- Up-to-date: /home/broodjesemih/ass_ros2_ws/install/g1_interface_pkg/share/ament_index/resource_index/parent_prefix_path/g1_interface_pkg
[0.326s] -- Up-to-date: /home/broodjesemih/ass_ros2_ws/install/g1_interface_pkg/share/g1_interface_pkg/environment/ament_prefix_path.sh
[0.326s] -- Up-to-date: /home/broodjesemih/ass_ros2_ws/install/g1_interface_pkg/share/g1_interface_pkg/environment/ament_prefix_path.dsv
[0.326s] -- Up-to-date: /home/broodjesemih/ass_ros2_ws/install/g1_interface_pkg/share/g1_interface_pkg/environment/path.sh
[0.326s] -- Up-to-date: /home/broodjesemih/ass_ros2_ws/install/g1_interface_pkg/share/g1_interface_pkg/environment/path.dsv
[0.326s] -- Up-to-date: /home/broodjesemih/ass_ros2_ws/install/g1_interface_pkg/share/g1_interface_pkg/local_setup.bash
[0.326s] -- Up-to-date: /home/broodjesemih/ass_ros2_ws/install/g1_interface_pkg/share/g1_interface_pkg/local_setup.sh
[0.326s] -- Up-to-date: /home/broodjesemih/ass_ros2_ws/install/g1_interface_pkg/share/g1_interface_pkg/local_setup.zsh
[0.326s] -- Up-to-date: /home/broodjesemih/ass_ros2_ws/install/g1_interface_pkg/share/g1_interface_pkg/local_setup.dsv
[0.326s] -- Installing: /home/broodjesemih/ass_ros2_ws/install/g1_interface_pkg/share/g1_interface_pkg/package.dsv
[0.327s] -- Up-to-date: /home/broodjesemih/ass_ros2_ws/install/g1_interface_pkg/share/ament_index/resource_index/packages/g1_interface_pkg
[0.327s] -- Up-to-date: /home/broodjesemih/ass_ros2_ws/install/g1_interface_pkg/share/g1_interface_pkg/cmake/export_g1_interface_pkg__rosidl_generator_cExport.cmake
[0.327s] -- Up-to-date: /home/broodjesemih/ass_ros2_ws/install/g1_interface_pkg/share/g1_interface_pkg/cmake/export_g1_interface_pkg__rosidl_generator_cExport-noconfig.cmake
[0.327s] -- Up-to-date: /home/broodjesemih/ass_ros2_ws/install/g1_interface_pkg/share/g1_interface_pkg/cmake/export_g1_interface_pkg__rosidl_typesupport_fastrtps_cExport.cmake
[0.327s] -- Up-to-date: /home/broodjesemih/ass_ros2_ws/install/g1_interface_pkg/share/g1_interface_pkg/cmake/export_g1_interface_pkg__rosidl_typesupport_fastrtps_cExport-noconfig.cmake
[0.327s] -- Up-to-date: /home/broodjesemih/ass_ros2_ws/install/g1_interface_pkg/share/g1_interface_pkg/cmake/g1_interface_pkg__rosidl_typesupport_introspection_cExport.cmake
[0.327s] -- Up-to-date: /home/broodjesemih/ass_ros2_ws/install/g1_interface_pkg/share/g1_interface_pkg/cmake/g1_interface_pkg__rosidl_typesupport_introspection_cExport-noconfig.cmake
[0.327s] -- Up-to-date: /home/broodjesemih/ass_ros2_ws/install/g1_interface_pkg/share/g1_interface_pkg/cmake/g1_interface_pkg__rosidl_typesupport_cExport.cmake
[0.327s] -- Up-to-date: /home/broodjesemih/ass_ros2_ws/install/g1_interface_pkg/share/g1_interface_pkg/cmake/g1_interface_pkg__rosidl_typesupport_cExport-noconfig.cmake
[0.327s] -- Up-to-date: /home/broodjesemih/ass_ros2_ws/install/g1_interface_pkg/share/g1_interface_pkg/cmake/export_g1_interface_pkg__rosidl_generator_cppExport.cmake
[0.327s] -- Up-to-date: /home/broodjesemih/ass_ros2_ws/install/g1_interface_pkg/share/g1_interface_pkg/cmake/export_g1_interface_pkg__rosidl_typesupport_fastrtps_cppExport.cmake
[0.327s] -- Up-to-date: /home/broodjesemih/ass_ros2_ws/install/g1_interface_pkg/share/g1_interface_pkg/cmake/export_g1_interface_pkg__rosidl_typesupport_fastrtps_cppExport-noconfig.cmake
[0.327s] -- Up-to-date: /home/broodjesemih/ass_ros2_ws/install/g1_interface_pkg/share/g1_interface_pkg/cmake/g1_interface_pkg__rosidl_typesupport_introspection_cppExport.cmake
[0.327s] -- Up-to-date: /home/broodjesemih/ass_ros2_ws/install/g1_interface_pkg/share/g1_interface_pkg/cmake/g1_interface_pkg__rosidl_typesupport_introspection_cppExport-noconfig.cmake
[0.327s] -- Up-to-date: /home/broodjesemih/ass_ros2_ws/install/g1_interface_pkg/share/g1_interface_pkg/cmake/g1_interface_pkg__rosidl_typesupport_cppExport.cmake
[0.327s] -- Up-to-date: /home/broodjesemih/ass_ros2_ws/install/g1_interface_pkg/share/g1_interface_pkg/cmake/g1_interface_pkg__rosidl_typesupport_cppExport-noconfig.cmake
[0.327s] -- Up-to-date: /home/broodjesemih/ass_ros2_ws/install/g1_interface_pkg/share/g1_interface_pkg/cmake/export_g1_interface_pkg__rosidl_generator_pyExport.cmake
[0.327s] -- Up-to-date: /home/broodjesemih/ass_ros2_ws/install/g1_interface_pkg/share/g1_interface_pkg/cmake/export_g1_interface_pkg__rosidl_generator_pyExport-noconfig.cmake
[0.327s] -- Up-to-date: /home/broodjesemih/ass_ros2_ws/install/g1_interface_pkg/share/g1_interface_pkg/cmake/rosidl_cmake-extras.cmake
[0.327s] -- Up-to-date: /home/broodjesemih/ass_ros2_ws/install/g1_interface_pkg/share/g1_interface_pkg/cmake/ament_cmake_export_dependencies-extras.cmake
[0.327s] -- Up-to-date: /home/broodjesemih/ass_ros2_ws/install/g1_interface_pkg/share/g1_interface_pkg/cmake/ament_cmake_export_include_directories-extras.cmake
[0.327s] -- Up-to-date: /home/broodjesemih/ass_ros2_ws/install/g1_interface_pkg/share/g1_interface_pkg/cmake/ament_cmake_export_libraries-extras.cmake
[0.327s] -- Up-to-date: /home/broodjesemih/ass_ros2_ws/install/g1_interface_pkg/share/g1_interface_pkg/cmake/ament_cmake_export_targets-extras.cmake
[0.327s] -- Up-to-date: /home/broodjesemih/ass_ros2_ws/install/g1_interface_pkg/share/g1_interface_pkg/cmake/rosidl_cmake_export_typesupport_targets-extras.cmake
[0.327s] -- Up-to-date: /home/broodjesemih/ass_ros2_ws/install/g1_interface_pkg/share/g1_interface_pkg/cmake/rosidl_cmake_export_typesupport_libraries-extras.cmake
[0.327s] -- Up-to-date: /home/broodjesemih/ass_ros2_ws/install/g1_interface_pkg/share/g1_interface_pkg/cmake/g1_interface_pkgConfig.cmake
[0.327s] -- Up-to-date: /home/broodjesemih/ass_ros2_ws/install/g1_interface_pkg/share/g1_interface_pkg/cmake/g1_interface_pkgConfig-version.cmake
[0.327s] -- Up-to-date: /home/broodjesemih/ass_ros2_ws/install/g1_interface_pkg/share/g1_interface_pkg/package.xml
[0.328s] Invoked command in '/home/broodjesemih/ass_ros2_ws/build/g1_interface_pkg' returned '0': CMAKE_PREFIX_PATH=${CMAKE_PREFIX_PATH}:/opt/ros/jazzy DEBUGINFOD_URLS=https://debuginfod.ubuntu.com /usr/bin/cmake --install /home/broodjesemih/ass_ros2_ws/build/g1_interface_pkg
