[0.011s] Invoking command in '/home/broodjesemih/ass_ros2_ws/build/g1_ass1_pkg': CMAKE_PREFIX_PATH=/home/broodjesemih/ass_ros2_ws/install/g1_interface_pkg:/home/broodjesemih/minor_ws/install/robot_moveit_config:/home/broodjesemih/minor_ws/install/robot_description:/home/broodjesemih/minor_ws/install/robot_commander:/home/broodjesemih/minor_ws/install/robot_bringup:/home/broodjesemih/ass_ros2_ws/install/g1_ass1_pkg:/home/broodjesemih/homework_ws/install/hw_pkg:/home/broodjesemih/homework_ws/install/broodje_interfaces:/home/broodjesemih/ros2_ws/install/templates_interfaces:/home/broodjesemih/ros2_ws/install/les_pkg:/home/broodjesemih/ros2_ws/install/my_robot_interfaces:/home/broodjesemih/les_ws-main/install/robot_moveit_config:/home/broodjesemih/les_ws-main/install/robot_description:/home/broodjesemih/les_ws-main/install/robot_commander:/home/broodjesemih/les_ws-main/install/robot_bringup:/home/broodjesemih/les_ws-main/install/les_pkg:/home/broodjesemih/les_ws-main/install/my_interfaces:/opt/ros/jazzy/opt/gz_sim_vendor:/opt/ros/jazzy/opt/gz_sensors_vendor:/opt/ros/jazzy/opt/gz_physics_vendor:/opt/ros/jazzy/opt/sdformat_vendor:/opt/ros/jazzy/opt/gz_gui_vendor:/opt/ros/jazzy/opt/gz_transport_vendor:/opt/ros/jazzy/opt/gz_rendering_vendor:/opt/ros/jazzy/opt/gz_plugin_vendor:/opt/ros/jazzy/opt/gz_fuel_tools_vendor:/opt/ros/jazzy/opt/gz_msgs_vendor:/opt/ros/jazzy/opt/gz_common_vendor:/opt/ros/jazzy/opt/gz_math_vendor:/opt/ros/jazzy/opt/gz_utils_vendor:/opt/ros/jazzy/opt/gz_tools_vendor:/opt/ros/jazzy/opt/gz_ogre_next_vendor:/opt/ros/jazzy/opt/gz_dartsim_vendor:/opt/ros/jazzy/opt/gz_cmake_vendor:/opt/ros/jazzy DEBUGINFOD_URLS=https://debuginfod.ubuntu.com /usr/bin/cmake --build /home/broodjesemih/ass_ros2_ws/build/g1_ass1_pkg -- -j20 -l20
[0.032s] -- Found g1_interface_pkg: 0.1.0 (/home/broodjesemih/ass_ros2_ws/install/g1_interface_pkg/share/g1_interface_pkg/cmake)
[0.197s] -- Found rosidl_generator_c: 4.6.6 (/opt/ros/jazzy/share/rosidl_generator_c/cmake)
[0.202s] -- Found rosidl_generator_cpp: 4.6.6 (/opt/ros/jazzy/share/rosidl_generator_cpp/cmake)
[0.209s] -- Using all available rosidl_typesupport_c: rosidl_typesupport_fastrtps_c;rosidl_typesupport_introspection_c
[0.217s] -- Using all available rosidl_typesupport_cpp: rosidl_typesupport_fastrtps_cpp;rosidl_typesupport_introspection_cpp
[0.269s] -- Found rclcpp: 28.1.12 (/opt/ros/jazzy/share/rclcpp/cmake)
[0.291s] -- Found rmw_implementation_cmake: 7.3.2 (/opt/ros/jazzy/share/rmw_implementation_cmake/cmake)
[0.291s] -- Found rmw_fastrtps_cpp: 8.4.3 (/opt/ros/jazzy/share/rmw_fastrtps_cpp/cmake)
[0.345s] -- Using RMW implementation 'rmw_fastrtps_cpp' as default
[0.387s] -- Found rclcpp_action: 28.1.12 (/opt/ros/jazzy/share/rclcpp_action/cmake)
[0.393s] -- Found std_msgs: 5.3.6 (/opt/ros/jazzy/share/std_msgs/cmake)
[0.401s] -- Found rosidl_default_generators: 1.6.0 (/opt/ros/jazzy/share/rosidl_default_generators/cmake)
[0.406s] -- Found rosidl_adapter: 4.6.6 (/opt/ros/jazzy/share/rosidl_adapter/cmake)
[0.411s] -- Found ament_cmake_gtest: 2.5.4 (/opt/ros/jazzy/share/ament_cmake_gtest/cmake)
[0.411s] -- Found gtest sources under '/opt/ros/jazzy/src/gtest_vendor': C++ tests using 'Google Test' will be built
[0.420s] -- Found ament_lint_auto: 0.17.3 (/opt/ros/jazzy/share/ament_lint_auto/cmake)
[0.488s] -- Added test 'cppcheck' to perform static code analysis on C / C++ code
[0.488s] -- Configured cppcheck include dirs: 
[0.488s] -- Configured cppcheck exclude dirs and/or files: 
[0.489s] -- Added test 'flake8' to check Python code syntax and style conventions
[0.490s] -- Configured 'flake8' exclude dirs and/or files: 
[0.492s] -- Added test 'lint_cmake' to check CMake code style
[0.493s] -- Added test 'pep257' to check Python code against some of the docstring style conventions in PEP 257
[0.501s] -- Added test 'uncrustify' to check C / C++ code style
[0.501s] -- Configured uncrustify additional arguments: 
[0.502s] -- Added test 'xmllint' to check XML markup files
[0.503s] -- Configuring done (0.5s)
[0.530s] -- Generating done (0.0s)
[0.538s] -- Build files have been written to: /home/broodjesemih/ass_ros2_ws/build/g1_ass1_pkg
[0.570s] [  9%] Built target gtest
[0.573s] [ 18%] Built target gtest_main
[0.575s] [ 27%] Built target final_cijfer_determinator
[0.578s] [ 36%] Built target herkansing_cijfer_determinator
[0.580s] [ 45%] Built target herkansing_scheduler
[0.580s] [ 54%] Built target tentamen_result_generator
[0.580s] [ 63%] Built target cijfer_calculator
[0.587s] [ 68%] [32mBuilding CXX object CMakeFiles/test_cijfer_service.dir/test/test_cijfer_service.cpp.o[0m
[0.588s] [ 72%] [32mBuilding CXX object CMakeFiles/test_final_cijfer_determinator.dir/test/test_final_cijfer_determinator.cpp.o[0m
[0.590s] [ 77%] [32mBuilding CXX object CMakeFiles/test_tentamen_publisher.dir/test/test_tentamen_publisher.cpp.o[0m
[0.597s] [ 86%] Built target test_cijfer_calculator
[3.004s] [ 90%] [32m[1mLinking CXX executable test_cijfer_service[0m
[3.150s] [ 90%] Built target test_cijfer_service
[3.496s] [ 95%] [32m[1mLinking CXX executable test_final_cijfer_determinator[0m
[3.652s] [ 95%] Built target test_final_cijfer_determinator
[5.184s] [100%] [32m[1mLinking CXX executable test_tentamen_publisher[0m
[5.397s] [100%] Built target test_tentamen_publisher
[5.405s] Invoked command in '/home/broodjesemih/ass_ros2_ws/build/g1_ass1_pkg' returned '0': CMAKE_PREFIX_PATH=/home/broodjesemih/ass_ros2_ws/install/g1_interface_pkg:/home/broodjesemih/minor_ws/install/robot_moveit_config:/home/broodjesemih/minor_ws/install/robot_description:/home/broodjesemih/minor_ws/install/robot_commander:/home/broodjesemih/minor_ws/install/robot_bringup:/home/broodjesemih/ass_ros2_ws/install/g1_ass1_pkg:/home/broodjesemih/homework_ws/install/hw_pkg:/home/broodjesemih/homework_ws/install/broodje_interfaces:/home/broodjesemih/ros2_ws/install/templates_interfaces:/home/broodjesemih/ros2_ws/install/les_pkg:/home/broodjesemih/ros2_ws/install/my_robot_interfaces:/home/broodjesemih/les_ws-main/install/robot_moveit_config:/home/broodjesemih/les_ws-main/install/robot_description:/home/broodjesemih/les_ws-main/install/robot_commander:/home/broodjesemih/les_ws-main/install/robot_bringup:/home/broodjesemih/les_ws-main/install/les_pkg:/home/broodjesemih/les_ws-main/install/my_interfaces:/opt/ros/jazzy/opt/gz_sim_vendor:/opt/ros/jazzy/opt/gz_sensors_vendor:/opt/ros/jazzy/opt/gz_physics_vendor:/opt/ros/jazzy/opt/sdformat_vendor:/opt/ros/jazzy/opt/gz_gui_vendor:/opt/ros/jazzy/opt/gz_transport_vendor:/opt/ros/jazzy/opt/gz_rendering_vendor:/opt/ros/jazzy/opt/gz_plugin_vendor:/opt/ros/jazzy/opt/gz_fuel_tools_vendor:/opt/ros/jazzy/opt/gz_msgs_vendor:/opt/ros/jazzy/opt/gz_common_vendor:/opt/ros/jazzy/opt/gz_math_vendor:/opt/ros/jazzy/opt/gz_utils_vendor:/opt/ros/jazzy/opt/gz_tools_vendor:/opt/ros/jazzy/opt/gz_ogre_next_vendor:/opt/ros/jazzy/opt/gz_dartsim_vendor:/opt/ros/jazzy/opt/gz_cmake_vendor:/opt/ros/jazzy DEBUGINFOD_URLS=https://debuginfod.ubuntu.com /usr/bin/cmake --build /home/broodjesemih/ass_ros2_ws/build/g1_ass1_pkg -- -j20 -l20
[5.413s] Invoking command in '/home/broodjesemih/ass_ros2_ws/build/g1_ass1_pkg': CMAKE_PREFIX_PATH=/home/broodjesemih/ass_ros2_ws/install/g1_interface_pkg:/home/broodjesemih/minor_ws/install/robot_moveit_config:/home/broodjesemih/minor_ws/install/robot_description:/home/broodjesemih/minor_ws/install/robot_commander:/home/broodjesemih/minor_ws/install/robot_bringup:/home/broodjesemih/ass_ros2_ws/install/g1_ass1_pkg:/home/broodjesemih/homework_ws/install/hw_pkg:/home/broodjesemih/homework_ws/install/broodje_interfaces:/home/broodjesemih/ros2_ws/install/templates_interfaces:/home/broodjesemih/ros2_ws/install/les_pkg:/home/broodjesemih/ros2_ws/install/my_robot_interfaces:/home/broodjesemih/les_ws-main/install/robot_moveit_config:/home/broodjesemih/les_ws-main/install/robot_description:/home/broodjesemih/les_ws-main/install/robot_commander:/home/broodjesemih/les_ws-main/install/robot_bringup:/home/broodjesemih/les_ws-main/install/les_pkg:/home/broodjesemih/les_ws-main/install/my_interfaces:/opt/ros/jazzy/opt/gz_sim_vendor:/opt/ros/jazzy/opt/gz_sensors_vendor:/opt/ros/jazzy/opt/gz_physics_vendor:/opt/ros/jazzy/opt/sdformat_vendor:/opt/ros/jazzy/opt/gz_gui_vendor:/opt/ros/jazzy/opt/gz_transport_vendor:/opt/ros/jazzy/opt/gz_rendering_vendor:/opt/ros/jazzy/opt/gz_plugin_vendor:/opt/ros/jazzy/opt/gz_fuel_tools_vendor:/opt/ros/jazzy/opt/gz_msgs_vendor:/opt/ros/jazzy/opt/gz_common_vendor:/opt/ros/jazzy/opt/gz_math_vendor:/opt/ros/jazzy/opt/gz_utils_vendor:/opt/ros/jazzy/opt/gz_tools_vendor:/opt/ros/jazzy/opt/gz_ogre_next_vendor:/opt/ros/jazzy/opt/gz_dartsim_vendor:/opt/ros/jazzy/opt/gz_cmake_vendor:/opt/ros/jazzy DEBUGINFOD_URLS=https://debuginfod.ubuntu.com /usr/bin/cmake --install /home/broodjesemih/ass_ros2_ws/build/g1_ass1_pkg
[5.419s] -- Install configuration: ""
[5.419s] -- Up-to-date: /home/broodjesemih/ass_ros2_ws/install/g1_ass1_pkg/lib/g1_ass1_pkg/tentamen_result_generator
[5.420s] -- Up-to-date: /home/broodjesemih/ass_ros2_ws/install/g1_ass1_pkg/lib/g1_ass1_pkg/final_cijfer_determinator
[5.420s] -- Up-to-date: /home/broodjesemih/ass_ros2_ws/install/g1_ass1_pkg/lib/g1_ass1_pkg/cijfer_calculator
[5.420s] -- Up-to-date: /home/broodjesemih/ass_ros2_ws/install/g1_ass1_pkg/lib/g1_ass1_pkg/herkansing_cijfer_determinator
[5.420s] -- Up-to-date: /home/broodjesemih/ass_ros2_ws/install/g1_ass1_pkg/lib/g1_ass1_pkg/herkansing_scheduler
[5.420s] -- Up-to-date: /home/broodjesemih/ass_ros2_ws/install/g1_ass1_pkg/share/ament_index/resource_index/package_run_dependencies/g1_ass1_pkg
[5.420s] -- Up-to-date: /home/broodjesemih/ass_ros2_ws/install/g1_ass1_pkg/share/ament_index/resource_index/parent_prefix_path/g1_ass1_pkg
[5.420s] -- Up-to-date: /home/broodjesemih/ass_ros2_ws/install/g1_ass1_pkg/share/g1_ass1_pkg/environment/ament_prefix_path.sh
[5.420s] -- Up-to-date: /home/broodjesemih/ass_ros2_ws/install/g1_ass1_pkg/share/g1_ass1_pkg/environment/ament_prefix_path.dsv
[5.420s] -- Up-to-date: /home/broodjesemih/ass_ros2_ws/install/g1_ass1_pkg/share/g1_ass1_pkg/environment/path.sh
[5.420s] -- Up-to-date: /home/broodjesemih/ass_ros2_ws/install/g1_ass1_pkg/share/g1_ass1_pkg/environment/path.dsv
[5.420s] -- Up-to-date: /home/broodjesemih/ass_ros2_ws/install/g1_ass1_pkg/share/g1_ass1_pkg/local_setup.bash
[5.420s] -- Up-to-date: /home/broodjesemih/ass_ros2_ws/install/g1_ass1_pkg/share/g1_ass1_pkg/local_setup.sh
[5.420s] -- Up-to-date: /home/broodjesemih/ass_ros2_ws/install/g1_ass1_pkg/share/g1_ass1_pkg/local_setup.zsh
[5.420s] -- Up-to-date: /home/broodjesemih/ass_ros2_ws/install/g1_ass1_pkg/share/g1_ass1_pkg/local_setup.dsv
[5.421s] -- Installing: /home/broodjesemih/ass_ros2_ws/install/g1_ass1_pkg/share/g1_ass1_pkg/package.dsv
[5.421s] -- Up-to-date: /home/broodjesemih/ass_ros2_ws/install/g1_ass1_pkg/share/ament_index/resource_index/packages/g1_ass1_pkg
[5.421s] -- Up-to-date: /home/broodjesemih/ass_ros2_ws/install/g1_ass1_pkg/share/g1_ass1_pkg/cmake/g1_ass1_pkgConfig.cmake
[5.421s] -- Up-to-date: /home/broodjesemih/ass_ros2_ws/install/g1_ass1_pkg/share/g1_ass1_pkg/cmake/g1_ass1_pkgConfig-version.cmake
[5.421s] -- Up-to-date: /home/broodjesemih/ass_ros2_ws/install/g1_ass1_pkg/share/g1_ass1_pkg/package.xml
[5.422s] Invoked command in '/home/broodjesemih/ass_ros2_ws/build/g1_ass1_pkg' returned '0': CMAKE_PREFIX_PATH=/home/broodjesemih/ass_ros2_ws/install/g1_interface_pkg:/home/broodjesemih/minor_ws/install/robot_moveit_config:/home/broodjesemih/minor_ws/install/robot_description:/home/broodjesemih/minor_ws/install/robot_commander:/home/broodjesemih/minor_ws/install/robot_bringup:/home/broodjesemih/ass_ros2_ws/install/g1_ass1_pkg:/home/broodjesemih/homework_ws/install/hw_pkg:/home/broodjesemih/homework_ws/install/broodje_interfaces:/home/broodjesemih/ros2_ws/install/templates_interfaces:/home/broodjesemih/ros2_ws/install/les_pkg:/home/broodjesemih/ros2_ws/install/my_robot_interfaces:/home/broodjesemih/les_ws-main/install/robot_moveit_config:/home/broodjesemih/les_ws-main/install/robot_description:/home/broodjesemih/les_ws-main/install/robot_commander:/home/broodjesemih/les_ws-main/install/robot_bringup:/home/broodjesemih/les_ws-main/install/les_pkg:/home/broodjesemih/les_ws-main/install/my_interfaces:/opt/ros/jazzy/opt/gz_sim_vendor:/opt/ros/jazzy/opt/gz_sensors_vendor:/opt/ros/jazzy/opt/gz_physics_vendor:/opt/ros/jazzy/opt/sdformat_vendor:/opt/ros/jazzy/opt/gz_gui_vendor:/opt/ros/jazzy/opt/gz_transport_vendor:/opt/ros/jazzy/opt/gz_rendering_vendor:/opt/ros/jazzy/opt/gz_plugin_vendor:/opt/ros/jazzy/opt/gz_fuel_tools_vendor:/opt/ros/jazzy/opt/gz_msgs_vendor:/opt/ros/jazzy/opt/gz_common_vendor:/opt/ros/jazzy/opt/gz_math_vendor:/opt/ros/jazzy/opt/gz_utils_vendor:/opt/ros/jazzy/opt/gz_tools_vendor:/opt/ros/jazzy/opt/gz_ogre_next_vendor:/opt/ros/jazzy/opt/gz_dartsim_vendor:/opt/ros/jazzy/opt/gz_cmake_vendor:/opt/ros/jazzy DEBUGINFOD_URLS=https://debuginfod.ubuntu.com /usr/bin/cmake --install /home/broodjesemih/ass_ros2_ws/build/g1_ass1_pkg
