[0.008s] Invoking command in '/home/broodjesemih/ass_ros2_ws/src/build/g1_interface_pkg': CMAKE_PREFIX_PATH=${CMAKE_PREFIX_PATH}:/opt/ros/jazzy DEBUGINFOD_URLS=https://debuginfod.ubuntu.com /usr/bin/cmake /home/broodjesemih/ass_ros2_ws/src/g1_interface_pkg -DCMAKE_INSTALL_PREFIX=/home/broodjesemih/ass_ros2_ws/src/install/g1_interface_pkg
[0.016s] -- Found ament_cmake: 2.5.4 (/opt/ros/jazzy/share/ament_cmake/cmake)
[0.161s] -- Found rosidl_default_generators: 1.6.0 (/opt/ros/jazzy/share/rosidl_default_generators/cmake)
[0.162s] -- Using all available rosidl_typesupport_c: rosidl_typesupport_fastrtps_c;rosidl_typesupport_introspection_c
[0.184s] -- Using all available rosidl_typesupport_cpp: rosidl_typesupport_fastrtps_cpp;rosidl_typesupport_introspection_cpp
[0.199s] -- Found rosidl_adapter: 4.6.6 (/opt/ros/jazzy/share/rosidl_adapter/cmake)
[0.381s] [31mCMake Error at /opt/ros/jazzy/share/rosidl_adapter/cmake/rosidl_adapt_interfaces.cmake:57 (message):
[0.381s]   execute_process(/usr/bin/python3 -m rosidl_adapter --package-name
[0.381s]   g1_interface_pkg --arguments-file
[0.381s]   /home/broodjesemih/ass_ros2_ws/src/build/g1_interface_pkg/rosidl_adapter__arguments__g1_interface_pkg.json
[0.382s]   --output-dir
[0.382s]   /home/broodjesemih/ass_ros2_ws/src/build/g1_interface_pkg/rosidl_adapter/g1_interface_pkg
[0.382s]   --output-file
[0.382s]   /home/broodjesemih/ass_ros2_ws/src/build/g1_interface_pkg/rosidl_adapter/g1_interface_pkg.idls)
[0.382s]   returned error code 1:
[0.382s] 
[0.382s]   Error processing 'builtin_interfaces/msg/Time stamp' of
[0.382s]   'g1_interface_pkg/Student': 'builtin_interfaces/msg/Time'
[0.382s] 
[0.382s]   Traceback (most recent call last):
[0.382s] 
[0.382s]     File "<frozen runpy>", line 198, in _run_module_as_main
[0.382s]     File "<frozen runpy>", line 88, in _run_code
[0.382s]     File "/opt/ros/jazzy/lib/python3.12/site-packages/rosidl_adapter/__main__.py", line 19, in <module>
[0.382s]       sys.exit(main())
[0.382s]                ^^^^^^
[0.382s]     File "/opt/ros/jazzy/lib/python3.12/site-packages/rosidl_adapter/main.py", line 53, in main
[0.382s]       abs_idl_file = convert_to_idl(
[0.382s]                      ^^^^^^^^^^^^^^^
[0.382s]     File "/opt/ros/jazzy/lib/python3.12/site-packages/rosidl_adapter/__init__.py", line 19, in convert_to_idl
[0.382s]       return convert_msg_to_idl(
[0.382s]              ^^^^^^^^^^^^^^^^^^^
[0.382s]     File "/opt/ros/jazzy/lib/python3.12/site-packages/rosidl_adapter/msg/__init__.py", line 28, in convert_msg_to_idl
[0.382s]       msg = parse_message_string(package_name, input_file.stem, content)
[0.382s]             ^^^^^^^^^^^^^^^^^^^^^^^^^^^^^^^^^^^^^^^^^^^^^^^^^^^^^^^^^^^^
[0.382s]     File "/opt/ros/jazzy/lib/python3.12/site-packages/rosidl_adapter/parser.py", line 521, in parse_message_string
[0.382s]       Type(type_string, context_package_name=pkg_name),
[0.382s]       ^^^^^^^^^^^^^^^^^^^^^^^^^^^^^^^^^^^^^^^^^^^^^^^^
[0.382s]     File "/opt/ros/jazzy/lib/python3.12/site-packages/rosidl_adapter/parser.py", line 278, in __init__
[0.382s]       super(Type, self).__init__(
[0.382s]     File "/opt/ros/jazzy/lib/python3.12/site-packages/rosidl_adapter/parser.py", line 191, in __init__
[0.382s]       raise InvalidResourceName(type_string)
[0.382s] 
[0.382s]   rosidl_adapter.parser.InvalidResourceName: builtin_interfaces/msg/Time
[0.382s] 
[0.383s] Call Stack (most recent call first):
[0.383s]   /opt/ros/jazzy/share/rosidl_cmake/cmake/rosidl_generate_interfaces.cmake:132 (rosidl_adapt_interfaces)
[0.383s]   CMakeLists.txt:7 (rosidl_generate_interfaces)
[0.383s] 
[0.383s] [0m
[0.383s] -- Configuring incomplete, errors occurred!
[0.386s] Invoked command in '/home/broodjesemih/ass_ros2_ws/src/build/g1_interface_pkg' returned '1': CMAKE_PREFIX_PATH=${CMAKE_PREFIX_PATH}:/opt/ros/jazzy DEBUGINFOD_URLS=https://debuginfod.ubuntu.com /usr/bin/cmake /home/broodjesemih/ass_ros2_ws/src/g1_interface_pkg -DCMAKE_INSTALL_PREFIX=/home/broodjesemih/ass_ros2_ws/src/install/g1_interface_pkg
