[0.057s] DEBUG:colcon:Command line arguments: ['/usr/bin/colcon', 'build']
[0.057s] DEBUG:colcon:Parsed command line arguments: Namespace(log_base=None, log_level=None, verb_name='build', build_base='build', install_base='install', merge_install=False, symlink_install=False, test_result_base=None, continue_on_error=False, executor='parallel', parallel_workers=20, event_handlers=None, ignore_user_meta=False, metas=['./colcon.meta'], base_paths=['.'], packages_ignore=None, packages_ignore_regex=None, paths=None, packages_up_to=None, packages_up_to_regex=None, packages_above=None, packages_above_and_dependencies=None, packages_above_depth=None, packages_select_by_dep=None, packages_skip_by_dep=None, packages_skip_up_to=None, packages_select_build_failed=False, packages_skip_build_finished=False, packages_select_test_failures=False, packages_skip_test_passed=False, packages_select=None, packages_skip=None, packages_select_regex=None, packages_skip_regex=None, packages_start=None, packages_end=None, allow_overriding=[], cmake_args=None, cmake_target=None, cmake_target_skip_unavailable=False, cmake_clean_cache=False, cmake_clean_first=False, cmake_force_configure=False, ament_cmake_args=None, catkin_cmake_args=None, catkin_skip_building_tests=False, mixin_files=None, mixin=None, verb_parser=<colcon_mixin.mixin.mixin_argument.MixinArgumentDecorator object at 0x73ae2e69a690>, verb_extension=<colcon_core.verb.build.BuildVerb object at 0x73ae2e7c2a80>, main=<bound method BuildVerb.main of <colcon_core.verb.build.BuildVerb object at 0x73ae2e7c2a80>>, mixin_verb=('build',))
[0.078s] Level 1:colcon.colcon_core.package_discovery:discover_packages(colcon_meta) check parameters
[0.078s] Level 1:colcon.colcon_core.package_discovery:discover_packages(recursive) check parameters
[0.078s] Level 1:colcon.colcon_core.package_discovery:discover_packages(ignore) check parameters
[0.078s] Level 1:colcon.colcon_core.package_discovery:discover_packages(path) check parameters
[0.078s] Level 1:colcon.colcon_core.package_discovery:discover_packages(colcon_meta) discover
[0.078s] Level 1:colcon.colcon_core.package_discovery:discover_packages(recursive) discover
[0.078s] INFO:colcon.colcon_core.package_discovery:Crawling recursively for packages in '/home/broodjesemih/ass_ros2_ws'
[0.078s] Level 1:colcon.colcon_core.package_identification:_identify(.) by extensions ['ignore', 'ignore_ament_install']
[0.078s] Level 1:colcon.colcon_core.package_identification:_identify(.) by extension 'ignore'
[0.078s] Level 1:colcon.colcon_core.package_identification:_identify(.) by extension 'ignore_ament_install'
[0.078s] Level 1:colcon.colcon_core.package_identification:_identify(.) by extensions ['colcon_pkg']
[0.078s] Level 1:colcon.colcon_core.package_identification:_identify(.) by extension 'colcon_pkg'
[0.078s] Level 1:colcon.colcon_core.package_identification:_identify(.) by extensions ['colcon_meta']
[0.078s] Level 1:colcon.colcon_core.package_identification:_identify(.) by extension 'colcon_meta'
[0.078s] Level 1:colcon.colcon_core.package_identification:_identify(.) by extensions ['ros']
[0.078s] Level 1:colcon.colcon_core.package_identification:_identify(.) by extension 'ros'
[0.094s] Level 1:colcon.colcon_core.package_identification:_identify(.) by extensions ['cmake', 'python']
[0.094s] Level 1:colcon.colcon_core.package_identification:_identify(.) by extension 'cmake'
[0.094s] Level 1:colcon.colcon_core.package_identification:_identify(.) by extension 'python'
[0.094s] Level 1:colcon.colcon_core.package_identification:_identify(.) by extensions ['python_setup_py']
[0.094s] Level 1:colcon.colcon_core.package_identification:_identify(.) by extension 'python_setup_py'
[0.094s] Level 1:colcon.colcon_core.package_identification:_identify(build) by extensions ['ignore', 'ignore_ament_install']
[0.094s] Level 1:colcon.colcon_core.package_identification:_identify(build) by extension 'ignore'
[0.094s] Level 1:colcon.colcon_core.package_identification:_identify(build) ignored
[0.094s] Level 1:colcon.colcon_core.package_identification:_identify(install) by extensions ['ignore', 'ignore_ament_install']
[0.094s] Level 1:colcon.colcon_core.package_identification:_identify(install) by extension 'ignore'
[0.094s] Level 1:colcon.colcon_core.package_identification:_identify(install) ignored
[0.094s] Level 1:colcon.colcon_core.package_identification:_identify(log) by extensions ['ignore', 'ignore_ament_install']
[0.094s] Level 1:colcon.colcon_core.package_identification:_identify(log) by extension 'ignore'
[0.094s] Level 1:colcon.colcon_core.package_identification:_identify(log) ignored
[0.094s] Level 1:colcon.colcon_core.package_identification:_identify(src) by extensions ['ignore', 'ignore_ament_install']
[0.094s] Level 1:colcon.colcon_core.package_identification:_identify(src) by extension 'ignore'
[0.094s] Level 1:colcon.colcon_core.package_identification:_identify(src) by extension 'ignore_ament_install'
[0.094s] Level 1:colcon.colcon_core.package_identification:_identify(src) by extensions ['colcon_pkg']
[0.094s] Level 1:colcon.colcon_core.package_identification:_identify(src) by extension 'colcon_pkg'
[0.094s] Level 1:colcon.colcon_core.package_identification:_identify(src) by extensions ['colcon_meta']
[0.094s] Level 1:colcon.colcon_core.package_identification:_identify(src) by extension 'colcon_meta'
[0.094s] Level 1:colcon.colcon_core.package_identification:_identify(src) by extensions ['ros']
[0.094s] Level 1:colcon.colcon_core.package_identification:_identify(src) by extension 'ros'
[0.094s] Level 1:colcon.colcon_core.package_identification:_identify(src) by extensions ['cmake', 'python']
[0.094s] Level 1:colcon.colcon_core.package_identification:_identify(src) by extension 'cmake'
[0.094s] Level 1:colcon.colcon_core.package_identification:_identify(src) by extension 'python'
[0.094s] Level 1:colcon.colcon_core.package_identification:_identify(src) by extensions ['python_setup_py']
[0.094s] Level 1:colcon.colcon_core.package_identification:_identify(src) by extension 'python_setup_py'
[0.094s] Level 1:colcon.colcon_core.package_identification:_identify(src/build) by extensions ['ignore', 'ignore_ament_install']
[0.094s] Level 1:colcon.colcon_core.package_identification:_identify(src/build) by extension 'ignore'
[0.094s] Level 1:colcon.colcon_core.package_identification:_identify(src/build) ignored
[0.095s] Level 1:colcon.colcon_core.package_identification:_identify(src/g1_ass1_pkg) by extensions ['ignore', 'ignore_ament_install']
[0.095s] Level 1:colcon.colcon_core.package_identification:_identify(src/g1_ass1_pkg) by extension 'ignore'
[0.095s] Level 1:colcon.colcon_core.package_identification:_identify(src/g1_ass1_pkg) by extension 'ignore_ament_install'
[0.095s] Level 1:colcon.colcon_core.package_identification:_identify(src/g1_ass1_pkg) by extensions ['colcon_pkg']
[0.095s] Level 1:colcon.colcon_core.package_identification:_identify(src/g1_ass1_pkg) by extension 'colcon_pkg'
[0.095s] Level 1:colcon.colcon_core.package_identification:_identify(src/g1_ass1_pkg) by extensions ['colcon_meta']
[0.095s] Level 1:colcon.colcon_core.package_identification:_identify(src/g1_ass1_pkg) by extension 'colcon_meta'
[0.095s] Level 1:colcon.colcon_core.package_identification:_identify(src/g1_ass1_pkg) by extensions ['ros']
[0.095s] Level 1:colcon.colcon_core.package_identification:_identify(src/g1_ass1_pkg) by extension 'ros'
[0.096s] DEBUG:colcon.colcon_core.package_identification:Package 'src/g1_ass1_pkg' with type 'ros.ament_cmake' and name 'g1_ass1_pkg'
[0.096s] Level 1:colcon.colcon_core.package_identification:_identify(src/g1_interface_pkg) by extensions ['ignore', 'ignore_ament_install']
[0.096s] Level 1:colcon.colcon_core.package_identification:_identify(src/g1_interface_pkg) by extension 'ignore'
[0.096s] Level 1:colcon.colcon_core.package_identification:_identify(src/g1_interface_pkg) by extension 'ignore_ament_install'
[0.096s] Level 1:colcon.colcon_core.package_identification:_identify(src/g1_interface_pkg) by extensions ['colcon_pkg']
[0.096s] Level 1:colcon.colcon_core.package_identification:_identify(src/g1_interface_pkg) by extension 'colcon_pkg'
[0.096s] Level 1:colcon.colcon_core.package_identification:_identify(src/g1_interface_pkg) by extensions ['colcon_meta']
[0.096s] Level 1:colcon.colcon_core.package_identification:_identify(src/g1_interface_pkg) by extension 'colcon_meta'
[0.096s] Level 1:colcon.colcon_core.package_identification:_identify(src/g1_interface_pkg) by extensions ['ros']
[0.096s] Level 1:colcon.colcon_core.package_identification:_identify(src/g1_interface_pkg) by extension 'ros'
[0.097s] DEBUG:colcon.colcon_core.package_identification:Package 'src/g1_interface_pkg' with type 'ros.ament_cmake' and name 'g1_interface_pkg'
[0.098s] Level 1:colcon.colcon_core.package_identification:_identify(src/install) by extensions ['ignore', 'ignore_ament_install']
[0.098s] Level 1:colcon.colcon_core.package_identification:_identify(src/install) by extension 'ignore'
[0.098s] Level 1:colcon.colcon_core.package_identification:_identify(src/install) ignored
[0.098s] Level 1:colcon.colcon_core.package_identification:_identify(src/log) by extensions ['ignore', 'ignore_ament_install']
[0.098s] Level 1:colcon.colcon_core.package_identification:_identify(src/log) by extension 'ignore'
[0.098s] Level 1:colcon.colcon_core.package_identification:_identify(src/log) ignored
[0.098s] Level 1:colcon.colcon_core.package_discovery:discover_packages(recursive) using defaults
[0.098s] Level 1:colcon.colcon_core.package_discovery:discover_packages(ignore) discover
[0.098s] Level 1:colcon.colcon_core.package_discovery:discover_packages(ignore) using defaults
[0.098s] Level 1:colcon.colcon_core.package_discovery:discover_packages(path) discover
[0.098s] Level 1:colcon.colcon_core.package_discovery:discover_packages(path) using defaults
[0.109s] Level 1:colcon.colcon_core.package_discovery:discover_packages(prefix_path) check parameters
[0.109s] Level 1:colcon.colcon_core.package_discovery:discover_packages(prefix_path) discover
[0.110s] DEBUG:colcon.colcon_installed_package_information.package_discovery:Found 2 installed packages in /home/broodjesemih/ass_ros2_ws/install
[0.110s] DEBUG:colcon.colcon_installed_package_information.package_discovery:Found 2 installed packages in /home/broodjesemih/homework_ws/install
[0.110s] DEBUG:colcon.colcon_installed_package_information.package_discovery:Found 3 installed packages in /home/broodjesemih/ros2_ws/install
[0.111s] DEBUG:colcon.colcon_installed_package_information.package_discovery:Found 315 installed packages in /opt/ros/jazzy
[0.112s] Level 1:colcon.colcon_core.package_discovery:discover_packages(prefix_path) using defaults
[0.133s] Level 5:colcon.colcon_core.verb:set package 'g1_interface_pkg' build argument 'cmake_args' from command line to 'None'
[0.133s] Level 5:colcon.colcon_core.verb:set package 'g1_interface_pkg' build argument 'cmake_target' from command line to 'None'
[0.133s] Level 5:colcon.colcon_core.verb:set package 'g1_interface_pkg' build argument 'cmake_target_skip_unavailable' from command line to 'False'
[0.133s] Level 5:colcon.colcon_core.verb:set package 'g1_interface_pkg' build argument 'cmake_clean_cache' from command line to 'False'
[0.133s] Level 5:colcon.colcon_core.verb:set package 'g1_interface_pkg' build argument 'cmake_clean_first' from command line to 'False'
[0.133s] Level 5:colcon.colcon_core.verb:set package 'g1_interface_pkg' build argument 'cmake_force_configure' from command line to 'False'
[0.133s] Level 5:colcon.colcon_core.verb:set package 'g1_interface_pkg' build argument 'ament_cmake_args' from command line to 'None'
[0.133s] Level 5:colcon.colcon_core.verb:set package 'g1_interface_pkg' build argument 'catkin_cmake_args' from command line to 'None'
[0.133s] Level 5:colcon.colcon_core.verb:set package 'g1_interface_pkg' build argument 'catkin_skip_building_tests' from command line to 'False'
[0.133s] DEBUG:colcon.colcon_core.verb:Building package 'g1_interface_pkg' with the following arguments: {'ament_cmake_args': None, 'build_base': '/home/broodjesemih/ass_ros2_ws/build/g1_interface_pkg', 'catkin_cmake_args': None, 'catkin_skip_building_tests': False, 'cmake_args': None, 'cmake_clean_cache': False, 'cmake_clean_first': False, 'cmake_force_configure': False, 'cmake_target': None, 'cmake_target_skip_unavailable': False, 'install_base': '/home/broodjesemih/ass_ros2_ws/install/g1_interface_pkg', 'merge_install': False, 'path': '/home/broodjesemih/ass_ros2_ws/src/g1_interface_pkg', 'symlink_install': False, 'test_result_base': None}
[0.133s] Level 5:colcon.colcon_core.verb:set package 'g1_ass1_pkg' build argument 'cmake_args' from command line to 'None'
[0.133s] Level 5:colcon.colcon_core.verb:set package 'g1_ass1_pkg' build argument 'cmake_target' from command line to 'None'
[0.133s] Level 5:colcon.colcon_core.verb:set package 'g1_ass1_pkg' build argument 'cmake_target_skip_unavailable' from command line to 'False'
[0.133s] Level 5:colcon.colcon_core.verb:set package 'g1_ass1_pkg' build argument 'cmake_clean_cache' from command line to 'False'
[0.133s] Level 5:colcon.colcon_core.verb:set package 'g1_ass1_pkg' build argument 'cmake_clean_first' from command line to 'False'
[0.133s] Level 5:colcon.colcon_core.verb:set package 'g1_ass1_pkg' build argument 'cmake_force_configure' from command line to 'False'
[0.133s] Level 5:colcon.colcon_core.verb:set package 'g1_ass1_pkg' build argument 'ament_cmake_args' from command line to 'None'
[0.133s] Level 5:colcon.colcon_core.verb:set package 'g1_ass1_pkg' build argument 'catkin_cmake_args' from command line to 'None'
[0.133s] Level 5:colcon.colcon_core.verb:set package 'g1_ass1_pkg' build argument 'catkin_skip_building_tests' from command line to 'False'
[0.133s] DEBUG:colcon.colcon_core.verb:Building package 'g1_ass1_pkg' with the following arguments: {'ament_cmake_args': None, 'build_base': '/home/broodjesemih/ass_ros2_ws/build/g1_ass1_pkg', 'catkin_cmake_args': None, 'catkin_skip_building_tests': False, 'cmake_args': None, 'cmake_clean_cache': False, 'cmake_clean_first': False, 'cmake_force_configure': False, 'cmake_target': None, 'cmake_target_skip_unavailable': False, 'install_base': '/home/broodjesemih/ass_ros2_ws/install/g1_ass1_pkg', 'merge_install': False, 'path': '/home/broodjesemih/ass_ros2_ws/src/g1_ass1_pkg', 'symlink_install': False, 'test_result_base': None}
[0.133s] INFO:colcon.colcon_core.executor:Executing jobs using 'parallel' executor
[0.134s] DEBUG:colcon.colcon_parallel_executor.executor.parallel:run_until_complete
[0.134s] INFO:colcon.colcon_ros.task.ament_cmake.build:Building ROS package in '/home/broodjesemih/ass_ros2_ws/src/g1_interface_pkg' with build type 'ament_cmake'
[0.134s] INFO:colcon.colcon_cmake.task.cmake.build:Building CMake package in '/home/broodjesemih/ass_ros2_ws/src/g1_interface_pkg'
[0.135s] INFO:colcon.colcon_core.plugin_system:Skipping extension 'colcon_core.shell.bat': Not used on non-Windows systems
[0.135s] INFO:colcon.colcon_core.shell:Skip shell extension 'powershell' for command environment: Not usable outside of PowerShell
[0.135s] DEBUG:colcon.colcon_core.shell:Skip shell extension 'dsv' for command environment
[0.142s] DEBUG:colcon.colcon_core.event_handler.log_command:Invoking command in '/home/broodjesemih/ass_ros2_ws/build/g1_interface_pkg': CMAKE_PREFIX_PATH=${CMAKE_PREFIX_PATH}:/opt/ros/jazzy DEBUGINFOD_URLS=https://debuginfod.ubuntu.com /usr/bin/cmake --build /home/broodjesemih/ass_ros2_ws/build/g1_interface_pkg -- -j20 -l20
[0.385s] DEBUG:colcon.colcon_core.event_handler.log_command:Invoked command in '/home/broodjesemih/ass_ros2_ws/build/g1_interface_pkg' returned '0': CMAKE_PREFIX_PATH=${CMAKE_PREFIX_PATH}:/opt/ros/jazzy DEBUGINFOD_URLS=https://debuginfod.ubuntu.com /usr/bin/cmake --build /home/broodjesemih/ass_ros2_ws/build/g1_interface_pkg -- -j20 -l20
[0.392s] DEBUG:colcon.colcon_core.event_handler.log_command:Invoking command in '/home/broodjesemih/ass_ros2_ws/build/g1_interface_pkg': CMAKE_PREFIX_PATH=${CMAKE_PREFIX_PATH}:/opt/ros/jazzy DEBUGINFOD_URLS=https://debuginfod.ubuntu.com /usr/bin/cmake --install /home/broodjesemih/ass_ros2_ws/build/g1_interface_pkg
[0.433s] Level 1:colcon.colcon_core.environment:create_environment_scripts_only(g1_interface_pkg)
[0.433s] DEBUG:colcon.colcon_core.event_handler.log_command:Invoked command in '/home/broodjesemih/ass_ros2_ws/build/g1_interface_pkg' returned '0': CMAKE_PREFIX_PATH=${CMAKE_PREFIX_PATH}:/opt/ros/jazzy DEBUGINFOD_URLS=https://debuginfod.ubuntu.com /usr/bin/cmake --install /home/broodjesemih/ass_ros2_ws/build/g1_interface_pkg
[0.434s] Level 1:colcon.colcon_core.environment:checking '/home/broodjesemih/ass_ros2_ws/install/g1_interface_pkg' for CMake module files
[0.434s] Level 1:colcon.colcon_core.environment:checking '/home/broodjesemih/ass_ros2_ws/install/g1_interface_pkg' for CMake config files
[0.435s] Level 1:colcon.colcon_core.shell:create_environment_hook('g1_interface_pkg', 'cmake_prefix_path')
[0.435s] INFO:colcon.colcon_core.shell:Creating environment hook '/home/broodjesemih/ass_ros2_ws/install/g1_interface_pkg/share/g1_interface_pkg/hook/cmake_prefix_path.ps1'
[0.435s] INFO:colcon.colcon_core.shell:Creating environment descriptor '/home/broodjesemih/ass_ros2_ws/install/g1_interface_pkg/share/g1_interface_pkg/hook/cmake_prefix_path.dsv'
[0.435s] INFO:colcon.colcon_core.shell:Creating environment hook '/home/broodjesemih/ass_ros2_ws/install/g1_interface_pkg/share/g1_interface_pkg/hook/cmake_prefix_path.sh'
[0.436s] Level 1:colcon.colcon_core.environment:checking '/home/broodjesemih/ass_ros2_ws/install/g1_interface_pkg/lib'
[0.436s] Level 1:colcon.colcon_core.shell:create_environment_hook('g1_interface_pkg', 'ld_library_path_lib')
[0.436s] INFO:colcon.colcon_core.shell:Creating environment hook '/home/broodjesemih/ass_ros2_ws/install/g1_interface_pkg/share/g1_interface_pkg/hook/ld_library_path_lib.ps1'
[0.436s] INFO:colcon.colcon_core.shell:Creating environment descriptor '/home/broodjesemih/ass_ros2_ws/install/g1_interface_pkg/share/g1_interface_pkg/hook/ld_library_path_lib.dsv'
[0.436s] INFO:colcon.colcon_core.shell:Creating environment hook '/home/broodjesemih/ass_ros2_ws/install/g1_interface_pkg/share/g1_interface_pkg/hook/ld_library_path_lib.sh'
[0.436s] Level 1:colcon.colcon_core.environment:checking '/home/broodjesemih/ass_ros2_ws/install/g1_interface_pkg/bin'
[0.437s] Level 1:colcon.colcon_core.environment:checking '/home/broodjesemih/ass_ros2_ws/install/g1_interface_pkg/lib/pkgconfig/g1_interface_pkg.pc'
[0.437s] Level 1:colcon.colcon_core.environment:checking '/home/broodjesemih/ass_ros2_ws/install/g1_interface_pkg/lib/python3.12/site-packages'
[0.437s] Level 1:colcon.colcon_core.shell:create_environment_hook('g1_interface_pkg', 'pythonpath')
[0.437s] INFO:colcon.colcon_core.shell:Creating environment hook '/home/broodjesemih/ass_ros2_ws/install/g1_interface_pkg/share/g1_interface_pkg/hook/pythonpath.ps1'
[0.437s] INFO:colcon.colcon_core.shell:Creating environment descriptor '/home/broodjesemih/ass_ros2_ws/install/g1_interface_pkg/share/g1_interface_pkg/hook/pythonpath.dsv'
[0.437s] INFO:colcon.colcon_core.shell:Creating environment hook '/home/broodjesemih/ass_ros2_ws/install/g1_interface_pkg/share/g1_interface_pkg/hook/pythonpath.sh'
[0.437s] Level 1:colcon.colcon_core.environment:checking '/home/broodjesemih/ass_ros2_ws/install/g1_interface_pkg/bin'
[0.438s] INFO:colcon.colcon_core.shell:Creating package script '/home/broodjesemih/ass_ros2_ws/install/g1_interface_pkg/share/g1_interface_pkg/package.ps1'
[0.438s] INFO:colcon.colcon_core.shell:Creating package descriptor '/home/broodjesemih/ass_ros2_ws/install/g1_interface_pkg/share/g1_interface_pkg/package.dsv'
[0.438s] INFO:colcon.colcon_core.shell:Creating package script '/home/broodjesemih/ass_ros2_ws/install/g1_interface_pkg/share/g1_interface_pkg/package.sh'
[0.439s] INFO:colcon.colcon_core.shell:Creating package script '/home/broodjesemih/ass_ros2_ws/install/g1_interface_pkg/share/g1_interface_pkg/package.bash'
[0.439s] INFO:colcon.colcon_core.shell:Creating package script '/home/broodjesemih/ass_ros2_ws/install/g1_interface_pkg/share/g1_interface_pkg/package.zsh'
[0.439s] Level 1:colcon.colcon_core.environment:create_file_with_runtime_dependencies(/home/broodjesemih/ass_ros2_ws/install/g1_interface_pkg/share/colcon-core/packages/g1_interface_pkg)
[0.439s] Level 1:colcon.colcon_core.environment:create_environment_scripts_only(g1_interface_pkg)
[0.439s] Level 1:colcon.colcon_core.environment:checking '/home/broodjesemih/ass_ros2_ws/install/g1_interface_pkg' for CMake module files
[0.440s] Level 1:colcon.colcon_core.environment:checking '/home/broodjesemih/ass_ros2_ws/install/g1_interface_pkg' for CMake config files
[0.440s] Level 1:colcon.colcon_core.shell:create_environment_hook('g1_interface_pkg', 'cmake_prefix_path')
[0.440s] INFO:colcon.colcon_core.shell:Creating environment hook '/home/broodjesemih/ass_ros2_ws/install/g1_interface_pkg/share/g1_interface_pkg/hook/cmake_prefix_path.ps1'
[0.440s] INFO:colcon.colcon_core.shell:Creating environment descriptor '/home/broodjesemih/ass_ros2_ws/install/g1_interface_pkg/share/g1_interface_pkg/hook/cmake_prefix_path.dsv'
[0.440s] INFO:colcon.colcon_core.shell:Creating environment hook '/home/broodjesemih/ass_ros2_ws/install/g1_interface_pkg/share/g1_interface_pkg/hook/cmake_prefix_path.sh'
[0.441s] Level 1:colcon.colcon_core.environment:checking '/home/broodjesemih/ass_ros2_ws/install/g1_interface_pkg/lib'
[0.441s] Level 1:colcon.colcon_core.shell:create_environment_hook('g1_interface_pkg', 'ld_library_path_lib')
[0.441s] INFO:colcon.colcon_core.shell:Creating environment hook '/home/broodjesemih/ass_ros2_ws/install/g1_interface_pkg/share/g1_interface_pkg/hook/ld_library_path_lib.ps1'
[0.441s] INFO:colcon.colcon_core.shell:Creating environment descriptor '/home/broodjesemih/ass_ros2_ws/install/g1_interface_pkg/share/g1_interface_pkg/hook/ld_library_path_lib.dsv'
[0.441s] INFO:colcon.colcon_core.shell:Creating environment hook '/home/broodjesemih/ass_ros2_ws/install/g1_interface_pkg/share/g1_interface_pkg/hook/ld_library_path_lib.sh'
[0.441s] Level 1:colcon.colcon_core.environment:checking '/home/broodjesemih/ass_ros2_ws/install/g1_interface_pkg/bin'
[0.441s] Level 1:colcon.colcon_core.environment:checking '/home/broodjesemih/ass_ros2_ws/install/g1_interface_pkg/lib/pkgconfig/g1_interface_pkg.pc'
[0.441s] Level 1:colcon.colcon_core.environment:checking '/home/broodjesemih/ass_ros2_ws/install/g1_interface_pkg/lib/python3.12/site-packages'
[0.442s] Level 1:colcon.colcon_core.shell:create_environment_hook('g1_interface_pkg', 'pythonpath')
[0.442s] INFO:colcon.colcon_core.shell:Creating environment hook '/home/broodjesemih/ass_ros2_ws/install/g1_interface_pkg/share/g1_interface_pkg/hook/pythonpath.ps1'
[0.442s] INFO:colcon.colcon_core.shell:Creating environment descriptor '/home/broodjesemih/ass_ros2_ws/install/g1_interface_pkg/share/g1_interface_pkg/hook/pythonpath.dsv'
[0.442s] INFO:colcon.colcon_core.shell:Creating environment hook '/home/broodjesemih/ass_ros2_ws/install/g1_interface_pkg/share/g1_interface_pkg/hook/pythonpath.sh'
[0.442s] Level 1:colcon.colcon_core.environment:checking '/home/broodjesemih/ass_ros2_ws/install/g1_interface_pkg/bin'
[0.442s] INFO:colcon.colcon_core.shell:Creating package script '/home/broodjesemih/ass_ros2_ws/install/g1_interface_pkg/share/g1_interface_pkg/package.ps1'
[0.443s] INFO:colcon.colcon_core.shell:Creating package descriptor '/home/broodjesemih/ass_ros2_ws/install/g1_interface_pkg/share/g1_interface_pkg/package.dsv'
[0.443s] INFO:colcon.colcon_core.shell:Creating package script '/home/broodjesemih/ass_ros2_ws/install/g1_interface_pkg/share/g1_interface_pkg/package.sh'
[0.443s] INFO:colcon.colcon_core.shell:Creating package script '/home/broodjesemih/ass_ros2_ws/install/g1_interface_pkg/share/g1_interface_pkg/package.bash'
[0.443s] INFO:colcon.colcon_core.shell:Creating package script '/home/broodjesemih/ass_ros2_ws/install/g1_interface_pkg/share/g1_interface_pkg/package.zsh'
[0.443s] Level 1:colcon.colcon_core.environment:create_file_with_runtime_dependencies(/home/broodjesemih/ass_ros2_ws/install/g1_interface_pkg/share/colcon-core/packages/g1_interface_pkg)
[0.443s] INFO:colcon.colcon_ros.task.ament_cmake.build:Building ROS package in '/home/broodjesemih/ass_ros2_ws/src/g1_ass1_pkg' with build type 'ament_cmake'
[0.444s] INFO:colcon.colcon_cmake.task.cmake.build:Building CMake package in '/home/broodjesemih/ass_ros2_ws/src/g1_ass1_pkg'
[0.444s] INFO:colcon.colcon_core.shell:Skip shell extension 'powershell' for command environment: Not usable outside of PowerShell
[0.444s] DEBUG:colcon.colcon_core.shell:Skip shell extension 'dsv' for command environment
[0.451s] DEBUG:colcon.colcon_core.event_handler.log_command:Invoking command in '/home/broodjesemih/ass_ros2_ws/build/g1_ass1_pkg': CMAKE_PREFIX_PATH=/home/broodjesemih/ass_ros2_ws/install/g1_interface_pkg:/home/broodjesemih/ass_ros2_ws/install/g1_ass1_pkg:/home/broodjesemih/ros2_ws/install/templates_interfaces:/home/broodjesemih/ros2_ws/install/les_pkg:/home/broodjesemih/ros2_ws/install/my_robot_interfaces:/home/broodjesemih/homework_ws/install/hw_pkg:/home/broodjesemih/homework_ws/install/broodje_interfaces:/opt/ros/jazzy/opt/gz_sim_vendor:/opt/ros/jazzy/opt/gz_sensors_vendor:/opt/ros/jazzy/opt/gz_physics_vendor:/opt/ros/jazzy/opt/sdformat_vendor:/opt/ros/jazzy/opt/gz_gui_vendor:/opt/ros/jazzy/opt/gz_transport_vendor:/opt/ros/jazzy/opt/gz_rendering_vendor:/opt/ros/jazzy/opt/gz_plugin_vendor:/opt/ros/jazzy/opt/gz_fuel_tools_vendor:/opt/ros/jazzy/opt/gz_msgs_vendor:/opt/ros/jazzy/opt/gz_common_vendor:/opt/ros/jazzy/opt/gz_math_vendor:/opt/ros/jazzy/opt/gz_utils_vendor:/opt/ros/jazzy/opt/gz_tools_vendor:/opt/ros/jazzy/opt/gz_ogre_next_vendor:/opt/ros/jazzy/opt/gz_dartsim_vendor:/opt/ros/jazzy/opt/gz_cmake_vendor:/opt/ros/jazzy DEBUGINFOD_URLS=https://debuginfod.ubuntu.com /usr/bin/cmake --build /home/broodjesemih/ass_ros2_ws/build/g1_ass1_pkg -- -j20 -l20
[2.978s] DEBUG:colcon.colcon_core.event_handler.log_command:Invoked command in '/home/broodjesemih/ass_ros2_ws/build/g1_ass1_pkg' returned '2': CMAKE_PREFIX_PATH=/home/broodjesemih/ass_ros2_ws/install/g1_interface_pkg:/home/broodjesemih/ass_ros2_ws/install/g1_ass1_pkg:/home/broodjesemih/ros2_ws/install/templates_interfaces:/home/broodjesemih/ros2_ws/install/les_pkg:/home/broodjesemih/ros2_ws/install/my_robot_interfaces:/home/broodjesemih/homework_ws/install/hw_pkg:/home/broodjesemih/homework_ws/install/broodje_interfaces:/opt/ros/jazzy/opt/gz_sim_vendor:/opt/ros/jazzy/opt/gz_sensors_vendor:/opt/ros/jazzy/opt/gz_physics_vendor:/opt/ros/jazzy/opt/sdformat_vendor:/opt/ros/jazzy/opt/gz_gui_vendor:/opt/ros/jazzy/opt/gz_transport_vendor:/opt/ros/jazzy/opt/gz_rendering_vendor:/opt/ros/jazzy/opt/gz_plugin_vendor:/opt/ros/jazzy/opt/gz_fuel_tools_vendor:/opt/ros/jazzy/opt/gz_msgs_vendor:/opt/ros/jazzy/opt/gz_common_vendor:/opt/ros/jazzy/opt/gz_math_vendor:/opt/ros/jazzy/opt/gz_utils_vendor:/opt/ros/jazzy/opt/gz_tools_vendor:/opt/ros/jazzy/opt/gz_ogre_next_vendor:/opt/ros/jazzy/opt/gz_dartsim_vendor:/opt/ros/jazzy/opt/gz_cmake_vendor:/opt/ros/jazzy DEBUGINFOD_URLS=https://debuginfod.ubuntu.com /usr/bin/cmake --build /home/broodjesemih/ass_ros2_ws/build/g1_ass1_pkg -- -j20 -l20
[2.978s] Level 1:colcon.colcon_core.environment:create_environment_scripts_only(g1_ass1_pkg)
[2.978s] Level 1:colcon.colcon_core.environment:checking '/home/broodjesemih/ass_ros2_ws/install/g1_ass1_pkg' for CMake module files
[2.978s] Level 1:colcon.colcon_core.environment:checking '/home/broodjesemih/ass_ros2_ws/install/g1_ass1_pkg' for CMake config files
[2.978s] Level 1:colcon.colcon_core.shell:create_environment_hook('g1_ass1_pkg', 'cmake_prefix_path')
[2.978s] INFO:colcon.colcon_core.shell:Creating environment hook '/home/broodjesemih/ass_ros2_ws/install/g1_ass1_pkg/share/g1_ass1_pkg/hook/cmake_prefix_path.ps1'
[2.979s] INFO:colcon.colcon_core.shell:Creating environment descriptor '/home/broodjesemih/ass_ros2_ws/install/g1_ass1_pkg/share/g1_ass1_pkg/hook/cmake_prefix_path.dsv'
[2.979s] INFO:colcon.colcon_core.shell:Creating environment hook '/home/broodjesemih/ass_ros2_ws/install/g1_ass1_pkg/share/g1_ass1_pkg/hook/cmake_prefix_path.sh'
[2.979s] Level 1:colcon.colcon_core.environment:checking '/home/broodjesemih/ass_ros2_ws/install/g1_ass1_pkg/lib'
[2.979s] Level 1:colcon.colcon_core.environment:checking '/home/broodjesemih/ass_ros2_ws/install/g1_ass1_pkg/bin'
[2.979s] Level 1:colcon.colcon_core.environment:checking '/home/broodjesemih/ass_ros2_ws/install/g1_ass1_pkg/lib/pkgconfig/g1_ass1_pkg.pc'
[2.979s] Level 1:colcon.colcon_core.environment:checking '/home/broodjesemih/ass_ros2_ws/install/g1_ass1_pkg/lib/python3.12/site-packages'
[2.980s] Level 1:colcon.colcon_core.environment:checking '/home/broodjesemih/ass_ros2_ws/install/g1_ass1_pkg/bin'
[2.980s] INFO:colcon.colcon_core.shell:Creating package script '/home/broodjesemih/ass_ros2_ws/install/g1_ass1_pkg/share/g1_ass1_pkg/package.ps1'
[2.980s] INFO:colcon.colcon_core.shell:Creating package descriptor '/home/broodjesemih/ass_ros2_ws/install/g1_ass1_pkg/share/g1_ass1_pkg/package.dsv'
[2.980s] INFO:colcon.colcon_core.shell:Creating package script '/home/broodjesemih/ass_ros2_ws/install/g1_ass1_pkg/share/g1_ass1_pkg/package.sh'
[2.980s] INFO:colcon.colcon_core.shell:Creating package script '/home/broodjesemih/ass_ros2_ws/install/g1_ass1_pkg/share/g1_ass1_pkg/package.bash'
[2.981s] INFO:colcon.colcon_core.shell:Creating package script '/home/broodjesemih/ass_ros2_ws/install/g1_ass1_pkg/share/g1_ass1_pkg/package.zsh'
[2.981s] Level 1:colcon.colcon_core.environment:create_file_with_runtime_dependencies(/home/broodjesemih/ass_ros2_ws/install/g1_ass1_pkg/share/colcon-core/packages/g1_ass1_pkg)
[2.991s] DEBUG:colcon.colcon_parallel_executor.executor.parallel:closing loop
[2.991s] DEBUG:colcon.colcon_parallel_executor.executor.parallel:loop closed
[2.991s] DEBUG:colcon.colcon_parallel_executor.executor.parallel:run_until_complete finished with '2'
[2.991s] DEBUG:colcon.colcon_core.event_reactor:joining thread
[2.994s] INFO:colcon.colcon_core.plugin_system:Skipping extension 'colcon_notification.desktop_notification.terminal_notifier': Not used on non-Darwin systems
[2.994s] INFO:colcon.colcon_core.plugin_system:Skipping extension 'colcon_notification.desktop_notification.win32': Not used on non-Windows systems
[2.994s] INFO:colcon.colcon_notification.desktop_notification:Sending desktop notification using 'notify2'
[2.998s] DEBUG:colcon.colcon_core.event_reactor:joined thread
[2.998s] INFO:colcon.colcon_core.shell:Creating prefix script '/home/broodjesemih/ass_ros2_ws/install/local_setup.ps1'
[2.999s] INFO:colcon.colcon_core.shell:Creating prefix util module '/home/broodjesemih/ass_ros2_ws/install/_local_setup_util_ps1.py'
[2.999s] INFO:colcon.colcon_core.shell:Creating prefix chain script '/home/broodjesemih/ass_ros2_ws/install/setup.ps1'
[3.000s] INFO:colcon.colcon_core.shell:Creating prefix script '/home/broodjesemih/ass_ros2_ws/install/local_setup.sh'
[3.000s] INFO:colcon.colcon_core.shell:Creating prefix util module '/home/broodjesemih/ass_ros2_ws/install/_local_setup_util_sh.py'
[3.000s] INFO:colcon.colcon_core.shell:Creating prefix chain script '/home/broodjesemih/ass_ros2_ws/install/setup.sh'
[3.001s] INFO:colcon.colcon_core.shell:Creating prefix script '/home/broodjesemih/ass_ros2_ws/install/local_setup.bash'
[3.001s] INFO:colcon.colcon_core.shell:Creating prefix chain script '/home/broodjesemih/ass_ros2_ws/install/setup.bash'
[3.002s] INFO:colcon.colcon_core.shell:Creating prefix script '/home/broodjesemih/ass_ros2_ws/install/local_setup.zsh'
[3.002s] INFO:colcon.colcon_core.shell:Creating prefix chain script '/home/broodjesemih/ass_ros2_ws/install/setup.zsh'
