[0.068s] DEBUG:colcon:Command line arguments: ['/usr/bin/colcon', 'build', '--packages-select', 'g1_ass1_pkg']
[0.068s] DEBUG:colcon:Parsed command line arguments: Namespace(log_base=None, log_level=None, verb_name='build', build_base='build', install_base='install', merge_install=False, symlink_install=False, test_result_base=None, continue_on_error=False, executor='parallel', parallel_workers=20, event_handlers=None, ignore_user_meta=False, metas=['./colcon.meta'], base_paths=['.'], packages_ignore=None, packages_ignore_regex=None, paths=None, packages_up_to=None, packages_up_to_regex=None, packages_above=None, packages_above_and_dependencies=None, packages_above_depth=None, packages_select_by_dep=None, packages_skip_by_dep=None, packages_skip_up_to=None, packages_select_build_failed=False, packages_skip_build_finished=False, packages_select_test_failures=False, packages_skip_test_passed=False, packages_select=['g1_ass1_pkg'], packages_skip=None, packages_select_regex=None, packages_skip_regex=None, packages_start=None, packages_end=None, allow_overriding=[], cmake_args=None, cmake_target=None, cmake_target_skip_unavailable=False, cmake_clean_cache=False, cmake_clean_first=False, cmake_force_configure=False, ament_cmake_args=None, catkin_cmake_args=None, catkin_skip_building_tests=False, mixin_files=None, mixin=None, verb_parser=<colcon_mixin.mixin.mixin_argument.MixinArgumentDecorator object at 0x7cb1c62ecbc0>, verb_extension=<colcon_core.verb.build.BuildVerb object at 0x7cb1c62b5970>, main=<bound method BuildVerb.main of <colcon_core.verb.build.BuildVerb object at 0x7cb1c62b5970>>, mixin_verb=('build',))
[0.090s] Level 1:colcon.colcon_core.package_discovery:discover_packages(colcon_meta) check parameters
[0.090s] Level 1:colcon.colcon_core.package_discovery:discover_packages(recursive) check parameters
[0.090s] Level 1:colcon.colcon_core.package_discovery:discover_packages(ignore) check parameters
[0.090s] Level 1:colcon.colcon_core.package_discovery:discover_packages(path) check parameters
[0.090s] Level 1:colcon.colcon_core.package_discovery:discover_packages(colcon_meta) discover
[0.090s] Level 1:colcon.colcon_core.package_discovery:discover_packages(recursive) discover
[0.090s] INFO:colcon.colcon_core.package_discovery:Crawling recursively for packages in '/home/broodjesemih/ass_ros2_ws/src/g1_ass1_pkg'
[0.090s] Level 1:colcon.colcon_core.package_identification:_identify(.) by extensions ['ignore', 'ignore_ament_install']
[0.090s] Level 1:colcon.colcon_core.package_identification:_identify(.) by extension 'ignore'
[0.091s] Level 1:colcon.colcon_core.package_identification:_identify(.) by extension 'ignore_ament_install'
[0.091s] Level 1:colcon.colcon_core.package_identification:_identify(.) by extensions ['colcon_pkg']
[0.091s] Level 1:colcon.colcon_core.package_identification:_identify(.) by extension 'colcon_pkg'
[0.091s] Level 1:colcon.colcon_core.package_identification:_identify(.) by extensions ['colcon_meta']
[0.091s] Level 1:colcon.colcon_core.package_identification:_identify(.) by extension 'colcon_meta'
[0.091s] Level 1:colcon.colcon_core.package_identification:_identify(.) by extensions ['ros']
[0.091s] Level 1:colcon.colcon_core.package_identification:_identify(.) by extension 'ros'
[0.108s] DEBUG:colcon.colcon_core.package_identification:Package '.' with type 'ros.ament_cmake' and name 'g1_ass1_pkg'
[0.108s] Level 1:colcon.colcon_core.package_discovery:discover_packages(recursive) using defaults
[0.108s] Level 1:colcon.colcon_core.package_discovery:discover_packages(ignore) discover
[0.108s] Level 1:colcon.colcon_core.package_discovery:discover_packages(ignore) using defaults
[0.108s] Level 1:colcon.colcon_core.package_discovery:discover_packages(path) discover
[0.108s] Level 1:colcon.colcon_core.package_discovery:discover_packages(path) using defaults
[0.118s] Level 1:colcon.colcon_core.package_discovery:discover_packages(prefix_path) check parameters
[0.118s] Level 1:colcon.colcon_core.package_discovery:discover_packages(prefix_path) discover
[0.119s] DEBUG:colcon.colcon_installed_package_information.package_discovery:Found 2 installed packages in /home/broodjesemih/ass_ros2_ws/install
[0.119s] DEBUG:colcon.colcon_installed_package_information.package_discovery:Found 2 installed packages in /home/broodjesemih/homework_ws/install
[0.120s] DEBUG:colcon.colcon_installed_package_information.package_discovery:Found 4 installed packages in /home/broodjesemih/ros2_ws/install
[0.120s] DEBUG:colcon.colcon_installed_package_information.package_discovery:Found 4 installed packages in /home/broodjesemih/minor_ws/install
[0.120s] DEBUG:colcon.colcon_installed_package_information.package_discovery:Found 7 installed packages in /home/broodjesemih/les_ws-main/install
[0.122s] DEBUG:colcon.colcon_installed_package_information.package_discovery:Found 432 installed packages in /opt/ros/jazzy
[0.122s] Level 1:colcon.colcon_core.package_discovery:discover_packages(prefix_path) using defaults
[0.152s] Level 5:colcon.colcon_core.verb:set package 'g1_ass1_pkg' build argument 'cmake_args' from command line to 'None'
[0.152s] Level 5:colcon.colcon_core.verb:set package 'g1_ass1_pkg' build argument 'cmake_target' from command line to 'None'
[0.152s] Level 5:colcon.colcon_core.verb:set package 'g1_ass1_pkg' build argument 'cmake_target_skip_unavailable' from command line to 'False'
[0.152s] Level 5:colcon.colcon_core.verb:set package 'g1_ass1_pkg' build argument 'cmake_clean_cache' from command line to 'False'
[0.152s] Level 5:colcon.colcon_core.verb:set package 'g1_ass1_pkg' build argument 'cmake_clean_first' from command line to 'False'
[0.152s] Level 5:colcon.colcon_core.verb:set package 'g1_ass1_pkg' build argument 'cmake_force_configure' from command line to 'False'
[0.152s] Level 5:colcon.colcon_core.verb:set package 'g1_ass1_pkg' build argument 'ament_cmake_args' from command line to 'None'
[0.152s] Level 5:colcon.colcon_core.verb:set package 'g1_ass1_pkg' build argument 'catkin_cmake_args' from command line to 'None'
[0.152s] Level 5:colcon.colcon_core.verb:set package 'g1_ass1_pkg' build argument 'catkin_skip_building_tests' from command line to 'False'
[0.152s] DEBUG:colcon.colcon_core.verb:Building package 'g1_ass1_pkg' with the following arguments: {'ament_cmake_args': None, 'build_base': '/home/broodjesemih/ass_ros2_ws/src/g1_ass1_pkg/build/g1_ass1_pkg', 'catkin_cmake_args': None, 'catkin_skip_building_tests': False, 'cmake_args': None, 'cmake_clean_cache': False, 'cmake_clean_first': False, 'cmake_force_configure': False, 'cmake_target': None, 'cmake_target_skip_unavailable': False, 'install_base': '/home/broodjesemih/ass_ros2_ws/src/g1_ass1_pkg/install/g1_ass1_pkg', 'merge_install': False, 'path': '/home/broodjesemih/ass_ros2_ws/src/g1_ass1_pkg', 'symlink_install': False, 'test_result_base': None}
[0.152s] INFO:colcon.colcon_core.executor:Executing jobs using 'parallel' executor
[0.153s] DEBUG:colcon.colcon_parallel_executor.executor.parallel:run_until_complete
[0.153s] INFO:colcon.colcon_ros.task.ament_cmake.build:Building ROS package in '/home/broodjesemih/ass_ros2_ws/src/g1_ass1_pkg' with build type 'ament_cmake'
[0.153s] INFO:colcon.colcon_cmake.task.cmake.build:Building CMake package in '/home/broodjesemih/ass_ros2_ws/src/g1_ass1_pkg'
[0.154s] INFO:colcon.colcon_core.plugin_system:Skipping extension 'colcon_core.shell.bat': Not used on non-Windows systems
[0.154s] INFO:colcon.colcon_core.shell:Skip shell extension 'powershell' for command environment: Not usable outside of PowerShell
[0.154s] DEBUG:colcon.colcon_core.shell:Skip shell extension 'dsv' for command environment
[0.162s] DEBUG:colcon.colcon_core.event_handler.log_command:Invoking command in '/home/broodjesemih/ass_ros2_ws/src/g1_ass1_pkg/build/g1_ass1_pkg': CMAKE_PREFIX_PATH=${CMAKE_PREFIX_PATH}:/opt/ros/jazzy DEBUGINFOD_URLS=https://debuginfod.ubuntu.com /usr/bin/cmake --build /home/broodjesemih/ass_ros2_ws/src/g1_ass1_pkg/build/g1_ass1_pkg -- -j20 -l20
[3.676s] Level 1:colcon.colcon_core.environment:create_environment_scripts_only(g1_ass1_pkg)
[3.677s] DEBUG:colcon.colcon_core.event_handler.log_command:Invoked command in '/home/broodjesemih/ass_ros2_ws/src/g1_ass1_pkg/build/g1_ass1_pkg' returned '2': CMAKE_PREFIX_PATH=${CMAKE_PREFIX_PATH}:/opt/ros/jazzy DEBUGINFOD_URLS=https://debuginfod.ubuntu.com /usr/bin/cmake --build /home/broodjesemih/ass_ros2_ws/src/g1_ass1_pkg/build/g1_ass1_pkg -- -j20 -l20
[3.678s] Level 1:colcon.colcon_core.environment:checking '/home/broodjesemih/ass_ros2_ws/src/g1_ass1_pkg/install/g1_ass1_pkg' for CMake module files
[3.678s] Level 1:colcon.colcon_core.environment:checking '/home/broodjesemih/ass_ros2_ws/src/g1_ass1_pkg/install/g1_ass1_pkg' for CMake config files
[3.678s] Level 1:colcon.colcon_core.shell:create_environment_hook('g1_ass1_pkg', 'cmake_prefix_path')
[3.678s] INFO:colcon.colcon_core.shell:Creating environment hook '/home/broodjesemih/ass_ros2_ws/src/g1_ass1_pkg/install/g1_ass1_pkg/share/g1_ass1_pkg/hook/cmake_prefix_path.ps1'
[3.679s] INFO:colcon.colcon_core.shell:Creating environment descriptor '/home/broodjesemih/ass_ros2_ws/src/g1_ass1_pkg/install/g1_ass1_pkg/share/g1_ass1_pkg/hook/cmake_prefix_path.dsv'
[3.679s] INFO:colcon.colcon_core.shell:Creating environment hook '/home/broodjesemih/ass_ros2_ws/src/g1_ass1_pkg/install/g1_ass1_pkg/share/g1_ass1_pkg/hook/cmake_prefix_path.sh'
[3.679s] Level 1:colcon.colcon_core.environment:checking '/home/broodjesemih/ass_ros2_ws/src/g1_ass1_pkg/install/g1_ass1_pkg/lib'
[3.679s] Level 1:colcon.colcon_core.environment:checking '/home/broodjesemih/ass_ros2_ws/src/g1_ass1_pkg/install/g1_ass1_pkg/bin'
[3.679s] Level 1:colcon.colcon_core.environment:checking '/home/broodjesemih/ass_ros2_ws/src/g1_ass1_pkg/install/g1_ass1_pkg/lib/pkgconfig/g1_ass1_pkg.pc'
[3.679s] Level 1:colcon.colcon_core.environment:checking '/home/broodjesemih/ass_ros2_ws/src/g1_ass1_pkg/install/g1_ass1_pkg/lib/python3.12/site-packages'
[3.680s] Level 1:colcon.colcon_core.environment:checking '/home/broodjesemih/ass_ros2_ws/src/g1_ass1_pkg/install/g1_ass1_pkg/bin'
[3.680s] INFO:colcon.colcon_core.shell:Creating package script '/home/broodjesemih/ass_ros2_ws/src/g1_ass1_pkg/install/g1_ass1_pkg/share/g1_ass1_pkg/package.ps1'
[3.680s] INFO:colcon.colcon_core.shell:Creating package descriptor '/home/broodjesemih/ass_ros2_ws/src/g1_ass1_pkg/install/g1_ass1_pkg/share/g1_ass1_pkg/package.dsv'
[3.680s] INFO:colcon.colcon_core.shell:Creating package script '/home/broodjesemih/ass_ros2_ws/src/g1_ass1_pkg/install/g1_ass1_pkg/share/g1_ass1_pkg/package.sh'
[3.681s] INFO:colcon.colcon_core.shell:Creating package script '/home/broodjesemih/ass_ros2_ws/src/g1_ass1_pkg/install/g1_ass1_pkg/share/g1_ass1_pkg/package.bash'
[3.681s] INFO:colcon.colcon_core.shell:Creating package script '/home/broodjesemih/ass_ros2_ws/src/g1_ass1_pkg/install/g1_ass1_pkg/share/g1_ass1_pkg/package.zsh'
[3.681s] Level 1:colcon.colcon_core.environment:create_file_with_runtime_dependencies(/home/broodjesemih/ass_ros2_ws/src/g1_ass1_pkg/install/g1_ass1_pkg/share/colcon-core/packages/g1_ass1_pkg)
[3.692s] DEBUG:colcon.colcon_parallel_executor.executor.parallel:closing loop
[3.692s] DEBUG:colcon.colcon_parallel_executor.executor.parallel:loop closed
[3.692s] DEBUG:colcon.colcon_parallel_executor.executor.parallel:run_until_complete finished with '2'
[3.692s] DEBUG:colcon.colcon_core.event_reactor:joining thread
[3.697s] INFO:colcon.colcon_core.plugin_system:Skipping extension 'colcon_notification.desktop_notification.terminal_notifier': Not used on non-Darwin systems
[3.697s] INFO:colcon.colcon_core.plugin_system:Skipping extension 'colcon_notification.desktop_notification.win32': Not used on non-Windows systems
[3.697s] INFO:colcon.colcon_notification.desktop_notification:Sending desktop notification using 'notify2'
[3.702s] DEBUG:colcon.colcon_core.event_reactor:joined thread
[3.702s] INFO:colcon.colcon_core.shell:Creating prefix script '/home/broodjesemih/ass_ros2_ws/src/g1_ass1_pkg/install/local_setup.ps1'
[3.703s] INFO:colcon.colcon_core.shell:Creating prefix util module '/home/broodjesemih/ass_ros2_ws/src/g1_ass1_pkg/install/_local_setup_util_ps1.py'
[3.703s] INFO:colcon.colcon_core.shell:Creating prefix chain script '/home/broodjesemih/ass_ros2_ws/src/g1_ass1_pkg/install/setup.ps1'
[3.704s] INFO:colcon.colcon_core.shell:Creating prefix script '/home/broodjesemih/ass_ros2_ws/src/g1_ass1_pkg/install/local_setup.sh'
[3.705s] INFO:colcon.colcon_core.shell:Creating prefix util module '/home/broodjesemih/ass_ros2_ws/src/g1_ass1_pkg/install/_local_setup_util_sh.py'
[3.705s] INFO:colcon.colcon_core.shell:Creating prefix chain script '/home/broodjesemih/ass_ros2_ws/src/g1_ass1_pkg/install/setup.sh'
[3.708s] INFO:colcon.colcon_core.shell:Creating prefix script '/home/broodjesemih/ass_ros2_ws/src/g1_ass1_pkg/install/local_setup.bash'
[3.709s] INFO:colcon.colcon_core.shell:Creating prefix chain script '/home/broodjesemih/ass_ros2_ws/src/g1_ass1_pkg/install/setup.bash'
[3.712s] INFO:colcon.colcon_core.shell:Creating prefix script '/home/broodjesemih/ass_ros2_ws/src/g1_ass1_pkg/install/local_setup.zsh'
[3.712s] INFO:colcon.colcon_core.shell:Creating prefix chain script '/home/broodjesemih/ass_ros2_ws/src/g1_ass1_pkg/install/setup.zsh'
