-- The C compiler identification is GNU 13.3.0
-- The CXX compiler identification is GNU 13.3.0
-- Detecting C compiler ABI info
-- Detecting C compiler ABI info - done
-- Check for working C compiler: /usr/bin/cc - skipped
-- Detecting C compile features
-- Detecting C compile features - done
-- Detecting CXX compiler ABI info
-- Detecting CXX compiler ABI info - done
-- Check for working CXX compiler: /usr/bin/c++ - skipped
-- Detecting CXX compile features
-- Detecting CXX compile features - done
-- Found g1_interface_pkg: 0.1.0 (/home/broodjesemih/ass_ros2_ws/install/g1_interface_pkg/share/g1_interface_pkg/cmake)
-- Found Python3: /usr/bin/python3 (found version "3.12.3") found components: Interpreter 
-- Found rosidl_generator_c: 4.6.6 (/opt/ros/jazzy/share/rosidl_generator_c/cmake)
-- Found rosidl_generator_cpp: 4.6.6 (/opt/ros/jazzy/share/rosidl_generator_cpp/cmake)
-- Using all available rosidl_typesupport_c: rosidl_typesupport_fastrtps_c;rosidl_typesupport_introspection_c
-- Using all available rosidl_typesupport_cpp: rosidl_typesupport_fastrtps_cpp;rosidl_typesupport_introspection_cpp
-- Found rclcpp: 28.1.12 (/opt/ros/jazzy/share/rclcpp/cmake)
-- Found rmw_implementation_cmake: 7.3.2 (/opt/ros/jazzy/share/rmw_implementation_cmake/cmake)
-- Found rmw_fastrtps_cpp: 8.4.3 (/opt/ros/jazzy/share/rmw_fastrtps_cpp/cmake)
-- Found OpenSSL: /usr/lib/x86_64-linux-gnu/libcrypto.so (found version "3.0.13")  
-- Found FastRTPS: /opt/ros/jazzy/include (Required is at least version "2.13") 
-- Using RMW implementation 'rmw_fastrtps_cpp' as default
-- Found rclcpp_action: 28.1.12 (/opt/ros/jazzy/share/rclcpp_action/cmake)
-- Found std_msgs: 5.3.6 (/opt/ros/jazzy/share/std_msgs/cmake)
-- Found rosidl_default_generators: 1.6.0 (/opt/ros/jazzy/share/rosidl_default_generators/cmake)
-- Found rosidl_adapter: 4.6.6 (/opt/ros/jazzy/share/rosidl_adapter/cmake)
-- Found ament_lint_auto: 0.17.3 (/opt/ros/jazzy/share/ament_lint_auto/cmake)
-- Added test 'cppcheck' to perform static code analysis on C / C++ code
-- Configured cppcheck include dirs: 
-- Configured cppcheck exclude dirs and/or files: 
-- Added test 'lint_cmake' to check CMake code style
-- Added test 'uncrustify' to check C / C++ code style
-- Configured uncrustify additional arguments: 
-- Added test 'xmllint' to check XML markup files
-- Configuring done (1.2s)
-- Generating done (0.0s)
-- Build files have been written to: /home/broodjesemih/ass_ros2_ws/src/g1_ass1_pkg/build/g1_ass1_pkg
[ 10%] [32mBuilding CXX object CMakeFiles/final_cijfer_determinator.dir/src/final_cijfer_determinator.cpp.o[0m
[ 20%] [32mBuilding CXX object CMakeFiles/herkansing_scheduler.dir/src/herkansing_scheduler.cpp.o[0m
[ 30%] [32mBuilding CXX object CMakeFiles/cijfer_calculator.dir/src/cijfer_calculator.cpp.o[0m
[ 40%] [32mBuilding CXX object CMakeFiles/tentamen_result_generator.dir/src/tentamen_result_generator.cpp.o[0m
[ 50%] [32mBuilding CXX object CMakeFiles/herkansing_cijfer_determinator.dir/src/herkansing_cijfer_determinator.cpp.o[0m
In file included from [01m[K/opt/ros/jazzy/include/rclcpp/rclcpp/logging.hpp:24[m[K,
                 from [01m[K/opt/ros/jazzy/include/rclcpp/rclcpp/copy_all_parameter_values.hpp:27[m[K,
                 from [01m[K/opt/ros/jazzy/include/rclcpp/rclcpp/rclcpp.hpp:171[m[K,
                 from [01m[K/home/broodjesemih/ass_ros2_ws/src/g1_ass1_pkg/src/final_cijfer_determinator.cpp:1[m[K:
[01m[K/home/broodjesemih/ass_ros2_ws/src/g1_ass1_pkg/src/final_cijfer_determinator.cpp:[m[K In lambda function:
[01m[K/home/broodjesemih/ass_ros2_ws/src/g1_ass1_pkg/src/final_cijfer_determinator.cpp:67:49:[m[K [01;35m[Kwarning: [m[Kformat ‘[01m[K%d[m[K’ expects argument of type ‘[01m[Kint[m[K’, but argument 7 has type ‘[01m[Kstd::vector<int>::size_type[m[K’ {aka ‘[01m[Klong unsigned int[m[K’} [[01;35m[K]8;;https://gcc.gnu.org/onlinedocs/gcc/Warning-Options.html#index-Wformat=-Wformat=]8;;[m[K]
   67 |                 RCLCPP_INFO(this->get_logger(), [01;35m[K"Schrijf naar database: %s,%s,%d,%d,%s"[m[K,
      |                                                 [01;35m[K^~~~~~~~~~~~~~~~~~~~~~~~~~~~~~~~~~~~~~~[m[K
......
   70 |                             [32m[Ktentamen_map_[key].size()[m[K,
      |                             [32m[K~~~~~~~~~~~~~~~~~~~~~~~~~[m[K
      |                                                    [32m[K|[m[K
      |                                                    [32m[Kstd::vector<int>::size_type {aka long unsigned int}[m[K
[01m[K/home/broodjesemih/ass_ros2_ws/src/g1_ass1_pkg/src/final_cijfer_determinator.cpp:67:80:[m[K [01;36m[Knote: [m[Kformat string is defined here
   67 |                 RCLCPP_INFO(this->get_logger(), "Schrijf naar database: %s,%s,[01;36m[K%d[m[K,%d,%s",
      |                                                                               [01;36m[K~^[m[K
      |                                                                                [01;36m[K|[m[K
      |                                                                                [01;36m[Kint[m[K
      |                                                                               [32m[K%ld[m[K
[ 60%] [32m[1mLinking CXX executable cijfer_calculator[0m
[ 60%] Built target cijfer_calculator
[ 70%] [32m[1mLinking CXX executable herkansing_scheduler[0m
[ 70%] Built target herkansing_scheduler
[ 80%] [32m[1mLinking CXX executable tentamen_result_generator[0m
[ 80%] Built target tentamen_result_generator
[ 90%] [32m[1mLinking CXX executable herkansing_cijfer_determinator[0m
[ 90%] Built target herkansing_cijfer_determinator
[100%] [32m[1mLinking CXX executable final_cijfer_determinator[0m
[100%] Built target final_cijfer_determinator
-- Install configuration: ""
-- Installing: /home/broodjesemih/ass_ros2_ws/src/g1_ass1_pkg/install/g1_ass1_pkg/lib/g1_ass1_pkg/tentamen_result_generator
-- Set non-toolchain portion of runtime path of "/home/broodjesemih/ass_ros2_ws/src/g1_ass1_pkg/install/g1_ass1_pkg/lib/g1_ass1_pkg/tentamen_result_generator" to ""
-- Installing: /home/broodjesemih/ass_ros2_ws/src/g1_ass1_pkg/install/g1_ass1_pkg/lib/g1_ass1_pkg/final_cijfer_determinator
-- Set non-toolchain portion of runtime path of "/home/broodjesemih/ass_ros2_ws/src/g1_ass1_pkg/install/g1_ass1_pkg/lib/g1_ass1_pkg/final_cijfer_determinator" to ""
-- Installing: /home/broodjesemih/ass_ros2_ws/src/g1_ass1_pkg/install/g1_ass1_pkg/lib/g1_ass1_pkg/cijfer_calculator
-- Set non-toolchain portion of runtime path of "/home/broodjesemih/ass_ros2_ws/src/g1_ass1_pkg/install/g1_ass1_pkg/lib/g1_ass1_pkg/cijfer_calculator" to ""
-- Installing: /home/broodjesemih/ass_ros2_ws/src/g1_ass1_pkg/install/g1_ass1_pkg/lib/g1_ass1_pkg/herkansing_cijfer_determinator
-- Set non-toolchain portion of runtime path of "/home/broodjesemih/ass_ros2_ws/src/g1_ass1_pkg/install/g1_ass1_pkg/lib/g1_ass1_pkg/herkansing_cijfer_determinator" to ""
-- Installing: /home/broodjesemih/ass_ros2_ws/src/g1_ass1_pkg/install/g1_ass1_pkg/lib/g1_ass1_pkg/herkansing_scheduler
-- Set non-toolchain portion of runtime path of "/home/broodjesemih/ass_ros2_ws/src/g1_ass1_pkg/install/g1_ass1_pkg/lib/g1_ass1_pkg/herkansing_scheduler" to ""
-- Installing: /home/broodjesemih/ass_ros2_ws/src/g1_ass1_pkg/install/g1_ass1_pkg/share/ament_index/resource_index/package_run_dependencies/g1_ass1_pkg
-- Installing: /home/broodjesemih/ass_ros2_ws/src/g1_ass1_pkg/install/g1_ass1_pkg/share/ament_index/resource_index/parent_prefix_path/g1_ass1_pkg
-- Installing: /home/broodjesemih/ass_ros2_ws/src/g1_ass1_pkg/install/g1_ass1_pkg/share/g1_ass1_pkg/environment/ament_prefix_path.sh
-- Installing: /home/broodjesemih/ass_ros2_ws/src/g1_ass1_pkg/install/g1_ass1_pkg/share/g1_ass1_pkg/environment/ament_prefix_path.dsv
-- Installing: /home/broodjesemih/ass_ros2_ws/src/g1_ass1_pkg/install/g1_ass1_pkg/share/g1_ass1_pkg/environment/path.sh
-- Installing: /home/broodjesemih/ass_ros2_ws/src/g1_ass1_pkg/install/g1_ass1_pkg/share/g1_ass1_pkg/environment/path.dsv
-- Installing: /home/broodjesemih/ass_ros2_ws/src/g1_ass1_pkg/install/g1_ass1_pkg/share/g1_ass1_pkg/local_setup.bash
-- Installing: /home/broodjesemih/ass_ros2_ws/src/g1_ass1_pkg/install/g1_ass1_pkg/share/g1_ass1_pkg/local_setup.sh
-- Installing: /home/broodjesemih/ass_ros2_ws/src/g1_ass1_pkg/install/g1_ass1_pkg/share/g1_ass1_pkg/local_setup.zsh
-- Installing: /home/broodjesemih/ass_ros2_ws/src/g1_ass1_pkg/install/g1_ass1_pkg/share/g1_ass1_pkg/local_setup.dsv
-- Installing: /home/broodjesemih/ass_ros2_ws/src/g1_ass1_pkg/install/g1_ass1_pkg/share/g1_ass1_pkg/package.dsv
-- Installing: /home/broodjesemih/ass_ros2_ws/src/g1_ass1_pkg/install/g1_ass1_pkg/share/ament_index/resource_index/packages/g1_ass1_pkg
-- Installing: /home/broodjesemih/ass_ros2_ws/src/g1_ass1_pkg/install/g1_ass1_pkg/share/g1_ass1_pkg/cmake/g1_ass1_pkgConfig.cmake
-- Installing: /home/broodjesemih/ass_ros2_ws/src/g1_ass1_pkg/install/g1_ass1_pkg/share/g1_ass1_pkg/cmake/g1_ass1_pkgConfig-version.cmake
-- Installing: /home/broodjesemih/ass_ros2_ws/src/g1_ass1_pkg/install/g1_ass1_pkg/share/g1_ass1_pkg/package.xml
