[0.010s] Invoking command in '/home/broodjesemih/ass_ros2_ws/src/g1_ass1_pkg/build/g1_ass1_pkg': CMAKE_PREFIX_PATH=${CMAKE_PREFIX_PATH}:/opt/ros/jazzy DEBUGINFOD_URLS=https://debuginfod.ubuntu.com /usr/bin/cmake /home/broodjesemih/ass_ros2_ws/src/g1_ass1_pkg -DCMAKE_INSTALL_PREFIX=/home/broodjesemih/ass_ros2_ws/src/g1_ass1_pkg/install/g1_ass1_pkg
[0.054s] -- The C compiler identification is GNU 13.3.0
[0.095s] -- The CXX compiler identification is GNU 13.3.0
[0.108s] -- Detecting C compiler ABI info
[0.176s] -- Detecting C compiler ABI info - done
[0.184s] -- Check for working C compiler: /usr/bin/cc - skipped
[0.184s] -- Detecting C compile features
[0.184s] -- Detecting C compile features - done
[0.191s] -- Detecting CXX compiler ABI info
[0.265s] -- Detecting CXX compiler ABI info - done
[0.271s] -- Check for working CXX compiler: /usr/bin/c++ - skipped
[0.271s] -- Detecting CXX compile features
[0.271s] -- Detecting CXX compile features - done
[0.273s] -- Found g1_interface_pkg: 0.1.0 (/home/broodjesemih/ass_ros2_ws/install/g1_interface_pkg/share/g1_interface_pkg/cmake)
[0.391s] -- Found Python3: /usr/bin/python3 (found version "3.12.3") found components: Interpreter 
[0.563s] -- Found rosidl_generator_c: 4.6.6 (/opt/ros/jazzy/share/rosidl_generator_c/cmake)
[0.578s] -- Found rosidl_generator_cpp: 4.6.6 (/opt/ros/jazzy/share/rosidl_generator_cpp/cmake)
[0.599s] -- Using all available rosidl_typesupport_c: rosidl_typesupport_fastrtps_c;rosidl_typesupport_introspection_c
[0.620s] -- Using all available rosidl_typesupport_cpp: rosidl_typesupport_fastrtps_cpp;rosidl_typesupport_introspection_cpp
[0.714s] -- Found rclcpp: 28.1.12 (/opt/ros/jazzy/share/rclcpp/cmake)
[0.776s] -- Found rmw_implementation_cmake: 7.3.2 (/opt/ros/jazzy/share/rmw_implementation_cmake/cmake)
[0.783s] -- Found rmw_fastrtps_cpp: 8.4.3 (/opt/ros/jazzy/share/rmw_fastrtps_cpp/cmake)
[0.882s] -- Found OpenSSL: /usr/lib/x86_64-linux-gnu/libcrypto.so (found version "3.0.13")  
[0.908s] -- Found FastRTPS: /opt/ros/jazzy/include (Required is at least version "2.13") 
[0.927s] -- Using RMW implementation 'rmw_fastrtps_cpp' as default
[1.011s] -- Found rclcpp_action: 28.1.12 (/opt/ros/jazzy/share/rclcpp_action/cmake)
[1.034s] -- Found std_msgs: 5.3.6 (/opt/ros/jazzy/share/std_msgs/cmake)
[1.057s] -- Found rosidl_default_generators: 1.6.0 (/opt/ros/jazzy/share/rosidl_default_generators/cmake)
[1.082s] -- Found rosidl_adapter: 4.6.6 (/opt/ros/jazzy/share/rosidl_adapter/cmake)
[1.092s] -- Found ament_lint_auto: 0.17.3 (/opt/ros/jazzy/share/ament_lint_auto/cmake)
[1.195s] -- Added test 'cppcheck' to perform static code analysis on C / C++ code
[1.195s] -- Configured cppcheck include dirs: 
[1.195s] -- Configured cppcheck exclude dirs and/or files: 
[1.196s] -- Added test 'lint_cmake' to check CMake code style
[1.199s] -- Added test 'uncrustify' to check C / C++ code style
[1.200s] -- Configured uncrustify additional arguments: 
[1.200s] -- Added test 'xmllint' to check XML markup files
[1.203s] -- Configuring done (1.2s)
[1.225s] -- Generating done (0.0s)
[1.231s] -- Build files have been written to: /home/broodjesemih/ass_ros2_ws/src/g1_ass1_pkg/build/g1_ass1_pkg
[1.239s] Invoked command in '/home/broodjesemih/ass_ros2_ws/src/g1_ass1_pkg/build/g1_ass1_pkg' returned '0': CMAKE_PREFIX_PATH=${CMAKE_PREFIX_PATH}:/opt/ros/jazzy DEBUGINFOD_URLS=https://debuginfod.ubuntu.com /usr/bin/cmake /home/broodjesemih/ass_ros2_ws/src/g1_ass1_pkg -DCMAKE_INSTALL_PREFIX=/home/broodjesemih/ass_ros2_ws/src/g1_ass1_pkg/install/g1_ass1_pkg
[1.240s] Invoking command in '/home/broodjesemih/ass_ros2_ws/src/g1_ass1_pkg/build/g1_ass1_pkg': CMAKE_PREFIX_PATH=${CMAKE_PREFIX_PATH}:/opt/ros/jazzy DEBUGINFOD_URLS=https://debuginfod.ubuntu.com /usr/bin/cmake --build /home/broodjesemih/ass_ros2_ws/src/g1_ass1_pkg/build/g1_ass1_pkg -- -j20 -l20
[1.283s] [ 10%] [32mBuilding CXX object CMakeFiles/final_cijfer_determinator.dir/src/final_cijfer_determinator.cpp.o[0m
[1.283s] [ 20%] [32mBuilding CXX object CMakeFiles/herkansing_scheduler.dir/src/herkansing_scheduler.cpp.o[0m
[1.285s] [ 30%] [32mBuilding CXX object CMakeFiles/cijfer_calculator.dir/src/cijfer_calculator.cpp.o[0m
[1.287s] [ 40%] [32mBuilding CXX object CMakeFiles/tentamen_result_generator.dir/src/tentamen_result_generator.cpp.o[0m
[1.287s] [ 50%] [32mBuilding CXX object CMakeFiles/herkansing_cijfer_determinator.dir/src/herkansing_cijfer_determinator.cpp.o[0m
[2.825s] In file included from [01m[K/opt/ros/jazzy/include/rclcpp/rclcpp/logging.hpp:24[m[K,
[2.825s]                  from [01m[K/opt/ros/jazzy/include/rclcpp/rclcpp/copy_all_parameter_values.hpp:27[m[K,
[2.825s]                  from [01m[K/opt/ros/jazzy/include/rclcpp/rclcpp/rclcpp.hpp:171[m[K,
[2.825s]                  from [01m[K/home/broodjesemih/ass_ros2_ws/src/g1_ass1_pkg/src/final_cijfer_determinator.cpp:1[m[K:
[2.825s] [01m[K/home/broodjesemih/ass_ros2_ws/src/g1_ass1_pkg/src/final_cijfer_determinator.cpp:[m[K In lambda function:
[2.825s] [01m[K/home/broodjesemih/ass_ros2_ws/src/g1_ass1_pkg/src/final_cijfer_determinator.cpp:67:49:[m[K [01;35m[Kwarning: [m[Kformat ‘[01m[K%d[m[K’ expects argument of type ‘[01m[Kint[m[K’, but argument 7 has type ‘[01m[Kstd::vector<int>::size_type[m[K’ {aka ‘[01m[Klong unsigned int[m[K’} [[01;35m[K]8;;https://gcc.gnu.org/onlinedocs/gcc/Warning-Options.html#index-Wformat=-Wformat=]8;;[m[K]
[2.825s]    67 |                 RCLCPP_INFO(this->get_logger(), [01;35m[K"Schrijf naar database: %s,%s,%d,%d,%s"[m[K,
[2.826s]       |                                                 [01;35m[K^~~~~~~~~~~~~~~~~~~~~~~~~~~~~~~~~~~~~~~[m[K
[2.826s] ......
[2.826s]    70 |                             [32m[Ktentamen_map_[key].size()[m[K,
[2.826s]       |                             [32m[K~~~~~~~~~~~~~~~~~~~~~~~~~[m[K
[2.826s]       |                                                    [32m[K|[m[K
[2.826s]       |                                                    [32m[Kstd::vector<int>::size_type {aka long unsigned int}[m[K
[2.826s] [01m[K/home/broodjesemih/ass_ros2_ws/src/g1_ass1_pkg/src/final_cijfer_determinator.cpp:67:80:[m[K [01;36m[Knote: [m[Kformat string is defined here
[2.826s]    67 |                 RCLCPP_INFO(this->get_logger(), "Schrijf naar database: %s,%s,[01;36m[K%d[m[K,%d,%s",
[2.826s]       |                                                                               [01;36m[K~^[m[K
[2.826s]       |                                                                                [01;36m[K|[m[K
[2.826s]       |                                                                                [01;36m[Kint[m[K
[2.826s]       |                                                                               [32m[K%ld[m[K
[3.729s] [ 60%] [32m[1mLinking CXX executable cijfer_calculator[0m
[3.919s] [ 60%] Built target cijfer_calculator
[4.008s] [ 70%] [32m[1mLinking CXX executable herkansing_scheduler[0m
[4.123s] [ 70%] Built target herkansing_scheduler
[4.263s] [ 80%] [32m[1mLinking CXX executable tentamen_result_generator[0m
[4.382s] [ 80%] Built target tentamen_result_generator
[4.537s] [ 90%] [32m[1mLinking CXX executable herkansing_cijfer_determinator[0m
[4.650s] [ 90%] Built target herkansing_cijfer_determinator
[6.447s] [100%] [32m[1mLinking CXX executable final_cijfer_determinator[0m
[6.630s] [100%] Built target final_cijfer_determinator
[6.638s] Invoked command in '/home/broodjesemih/ass_ros2_ws/src/g1_ass1_pkg/build/g1_ass1_pkg' returned '0': CMAKE_PREFIX_PATH=${CMAKE_PREFIX_PATH}:/opt/ros/jazzy DEBUGINFOD_URLS=https://debuginfod.ubuntu.com /usr/bin/cmake --build /home/broodjesemih/ass_ros2_ws/src/g1_ass1_pkg/build/g1_ass1_pkg -- -j20 -l20
[6.645s] Invoking command in '/home/broodjesemih/ass_ros2_ws/src/g1_ass1_pkg/build/g1_ass1_pkg': CMAKE_PREFIX_PATH=${CMAKE_PREFIX_PATH}:/opt/ros/jazzy DEBUGINFOD_URLS=https://debuginfod.ubuntu.com /usr/bin/cmake --install /home/broodjesemih/ass_ros2_ws/src/g1_ass1_pkg/build/g1_ass1_pkg
[6.651s] -- Install configuration: ""
[6.652s] -- Installing: /home/broodjesemih/ass_ros2_ws/src/g1_ass1_pkg/install/g1_ass1_pkg/lib/g1_ass1_pkg/tentamen_result_generator
[6.652s] -- Set non-toolchain portion of runtime path of "/home/broodjesemih/ass_ros2_ws/src/g1_ass1_pkg/install/g1_ass1_pkg/lib/g1_ass1_pkg/tentamen_result_generator" to ""
[6.652s] -- Installing: /home/broodjesemih/ass_ros2_ws/src/g1_ass1_pkg/install/g1_ass1_pkg/lib/g1_ass1_pkg/final_cijfer_determinator
[6.654s] -- Set non-toolchain portion of runtime path of "/home/broodjesemih/ass_ros2_ws/src/g1_ass1_pkg/install/g1_ass1_pkg/lib/g1_ass1_pkg/final_cijfer_determinator" to ""
[6.654s] -- Installing: /home/broodjesemih/ass_ros2_ws/src/g1_ass1_pkg/install/g1_ass1_pkg/lib/g1_ass1_pkg/cijfer_calculator
[6.655s] -- Set non-toolchain portion of runtime path of "/home/broodjesemih/ass_ros2_ws/src/g1_ass1_pkg/install/g1_ass1_pkg/lib/g1_ass1_pkg/cijfer_calculator" to ""
[6.655s] -- Installing: /home/broodjesemih/ass_ros2_ws/src/g1_ass1_pkg/install/g1_ass1_pkg/lib/g1_ass1_pkg/herkansing_cijfer_determinator
[6.656s] -- Set non-toolchain portion of runtime path of "/home/broodjesemih/ass_ros2_ws/src/g1_ass1_pkg/install/g1_ass1_pkg/lib/g1_ass1_pkg/herkansing_cijfer_determinator" to ""
[6.656s] -- Installing: /home/broodjesemih/ass_ros2_ws/src/g1_ass1_pkg/install/g1_ass1_pkg/lib/g1_ass1_pkg/herkansing_scheduler
[6.656s] -- Set non-toolchain portion of runtime path of "/home/broodjesemih/ass_ros2_ws/src/g1_ass1_pkg/install/g1_ass1_pkg/lib/g1_ass1_pkg/herkansing_scheduler" to ""
[6.656s] -- Installing: /home/broodjesemih/ass_ros2_ws/src/g1_ass1_pkg/install/g1_ass1_pkg/share/ament_index/resource_index/package_run_dependencies/g1_ass1_pkg
[6.657s] -- Installing: /home/broodjesemih/ass_ros2_ws/src/g1_ass1_pkg/install/g1_ass1_pkg/share/ament_index/resource_index/parent_prefix_path/g1_ass1_pkg
[6.657s] -- Installing: /home/broodjesemih/ass_ros2_ws/src/g1_ass1_pkg/install/g1_ass1_pkg/share/g1_ass1_pkg/environment/ament_prefix_path.sh
[6.657s] -- Installing: /home/broodjesemih/ass_ros2_ws/src/g1_ass1_pkg/install/g1_ass1_pkg/share/g1_ass1_pkg/environment/ament_prefix_path.dsv
[6.657s] -- Installing: /home/broodjesemih/ass_ros2_ws/src/g1_ass1_pkg/install/g1_ass1_pkg/share/g1_ass1_pkg/environment/path.sh
[6.657s] -- Installing: /home/broodjesemih/ass_ros2_ws/src/g1_ass1_pkg/install/g1_ass1_pkg/share/g1_ass1_pkg/environment/path.dsv
[6.657s] -- Installing: /home/broodjesemih/ass_ros2_ws/src/g1_ass1_pkg/install/g1_ass1_pkg/share/g1_ass1_pkg/local_setup.bash
[6.657s] -- Installing: /home/broodjesemih/ass_ros2_ws/src/g1_ass1_pkg/install/g1_ass1_pkg/share/g1_ass1_pkg/local_setup.sh
[6.657s] -- Installing: /home/broodjesemih/ass_ros2_ws/src/g1_ass1_pkg/install/g1_ass1_pkg/share/g1_ass1_pkg/local_setup.zsh
[6.657s] -- Installing: /home/broodjesemih/ass_ros2_ws/src/g1_ass1_pkg/install/g1_ass1_pkg/share/g1_ass1_pkg/local_setup.dsv
[6.657s] -- Installing: /home/broodjesemih/ass_ros2_ws/src/g1_ass1_pkg/install/g1_ass1_pkg/share/g1_ass1_pkg/package.dsv
[6.657s] -- Installing: /home/broodjesemih/ass_ros2_ws/src/g1_ass1_pkg/install/g1_ass1_pkg/share/ament_index/resource_index/packages/g1_ass1_pkg
[6.657s] -- Installing: /home/broodjesemih/ass_ros2_ws/src/g1_ass1_pkg/install/g1_ass1_pkg/share/g1_ass1_pkg/cmake/g1_ass1_pkgConfig.cmake
[6.657s] -- Installing: /home/broodjesemih/ass_ros2_ws/src/g1_ass1_pkg/install/g1_ass1_pkg/share/g1_ass1_pkg/cmake/g1_ass1_pkgConfig-version.cmake
[6.657s] -- Installing: /home/broodjesemih/ass_ros2_ws/src/g1_ass1_pkg/install/g1_ass1_pkg/share/g1_ass1_pkg/package.xml
[6.658s] Invoked command in '/home/broodjesemih/ass_ros2_ws/src/g1_ass1_pkg/build/g1_ass1_pkg' returned '0': CMAKE_PREFIX_PATH=${CMAKE_PREFIX_PATH}:/opt/ros/jazzy DEBUGINFOD_URLS=https://debuginfod.ubuntu.com /usr/bin/cmake --install /home/broodjesemih/ass_ros2_ws/src/g1_ass1_pkg/build/g1_ass1_pkg
