-- The C compiler identification is GNU 13.3.0
-- The CXX compiler identification is GNU 13.3.0
-- Detecting C compiler ABI info
-- Detecting C compiler ABI info - done
-- Check for working C compiler: /usr/bin/cc - skipped
-- Detecting C compile features
-- Detecting C compile features - done
-- Detecting CXX compiler ABI info
-- Detecting CXX compiler ABI info - done
-- Check for working CXX compiler: /usr/bin/c++ - skipped
-- Detecting CXX compile features
-- Detecting CXX compile features - done
-- Found ament_cmake: 2.5.4 (/opt/ros/jazzy/share/ament_cmake/cmake)
-- Found Python3: /usr/bin/python3 (found version "3.12.3") found components: Interpreter 
-- Found rosidl_default_generators: 1.6.0 (/opt/ros/jazzy/share/rosidl_default_generators/cmake)
-- Using all available rosidl_typesupport_c: rosidl_typesupport_fastrtps_c;rosidl_typesupport_introspection_c
-- Using all available rosidl_typesupport_cpp: rosidl_typesupport_fastrtps_cpp;rosidl_typesupport_introspection_cpp
-- Found rosidl_adapter: 4.6.6 (/opt/ros/jazzy/share/rosidl_adapter/cmake)
-- Found ament_cmake_ros: 0.12.0 (/opt/ros/jazzy/share/ament_cmake_ros/cmake)
-- Using all available rosidl_typesupport_c: rosidl_typesupport_fastrtps_c;rosidl_typesupport_introspection_c
-- Using all available rosidl_typesupport_cpp: rosidl_typesupport_fastrtps_cpp;rosidl_typesupport_introspection_cpp
-- Found python_cmake_module: 0.11.1 (/opt/ros/jazzy/share/python_cmake_module/cmake)
-- Found PythonExtra: /usr/bin/python3  
-- Found Python3: /usr/bin/python3 (found version "3.12.3") found components: Interpreter Development NumPy Development.Module Development.Embed 
-- Configuring done (2.1s)
-- Generating done (0.0s)
-- Build files have been written to: /home/broodjesemih/ass_ros2_ws/build/g1_interface_pkg
[  1%] [34m[1mGenerating type hashes for ROS interfaces[0m
[  1%] Built target ament_cmake_python_copy_g1_interface_pkg
running egg_info
creating g1_interface_pkg.egg-info
writing g1_interface_pkg.egg-info/PKG-INFO
writing dependency_links to g1_interface_pkg.egg-info/dependency_links.txt
writing top-level names to g1_interface_pkg.egg-info/top_level.txt
writing manifest file 'g1_interface_pkg.egg-info/SOURCES.txt'
[  1%] Built target g1_interface_pkg__rosidl_generator_type_description
[  3%] [34m[1mGenerating C code for ROS interfaces[0m
[  4%] [34m[1mGenerating C++ code for ROS interfaces[0m
reading manifest file 'g1_interface_pkg.egg-info/SOURCES.txt'
writing manifest file 'g1_interface_pkg.egg-info/SOURCES.txt'
[  4%] Built target ament_cmake_python_build_g1_interface_pkg_egg
[  4%] Built target g1_interface_pkg__cpp
[  7%] [32mBuilding C object CMakeFiles/g1_interface_pkg__rosidl_generator_c.dir/rosidl_generator_c/g1_interface_pkg/msg/detail/tentamen__description.c.o[0m
[  9%] [32mBuilding C object CMakeFiles/g1_interface_pkg__rosidl_generator_c.dir/rosidl_generator_c/g1_interface_pkg/msg/detail/tentamen__functions.c.o[0m
[  7%] [32mBuilding C object CMakeFiles/g1_interface_pkg__rosidl_generator_c.dir/rosidl_generator_c/g1_interface_pkg/msg/detail/student__functions.c.o[0m
[ 10%] [32mBuilding C object CMakeFiles/g1_interface_pkg__rosidl_generator_c.dir/rosidl_generator_c/g1_interface_pkg/srv/detail/tentamens__description.c.o[0m
[ 12%] [32mBuilding C object CMakeFiles/g1_interface_pkg__rosidl_generator_c.dir/rosidl_generator_c/g1_interface_pkg/srv/detail/tentamens__type_support.c.o[0m
[ 14%] [32mBuilding C object CMakeFiles/g1_interface_pkg__rosidl_generator_c.dir/rosidl_generator_c/g1_interface_pkg/action/detail/herkanser__description.c.o[0m
[ 15%] [32mBuilding C object CMakeFiles/g1_interface_pkg__rosidl_generator_c.dir/rosidl_generator_c/g1_interface_pkg/msg/detail/student__description.c.o[0m
[ 17%] [32mBuilding C object CMakeFiles/g1_interface_pkg__rosidl_generator_c.dir/rosidl_generator_c/g1_interface_pkg/msg/detail/student__type_support.c.o[0m
[ 18%] [32mBuilding C object CMakeFiles/g1_interface_pkg__rosidl_generator_c.dir/rosidl_generator_c/g1_interface_pkg/msg/detail/tentamen__type_support.c.o[0m
[ 20%] [32mBuilding C object CMakeFiles/g1_interface_pkg__rosidl_generator_c.dir/rosidl_generator_c/g1_interface_pkg/srv/detail/tentamens__functions.c.o[0m
[ 23%] [32mBuilding C object CMakeFiles/g1_interface_pkg__rosidl_generator_c.dir/rosidl_generator_c/g1_interface_pkg/action/detail/herkanser__functions.c.o[0m
[ 23%] [32mBuilding C object CMakeFiles/g1_interface_pkg__rosidl_generator_c.dir/rosidl_generator_c/g1_interface_pkg/action/detail/herkanser__type_support.c.o[0m
[ 25%] [32m[1mLinking C shared library libg1_interface_pkg__rosidl_generator_c.so[0m
[ 25%] Built target g1_interface_pkg__rosidl_generator_c
[ 28%] [34m[1mGenerating C++ type support dispatch for ROS interfaces[0m
[ 28%] [34m[1mGenerating C++ type support for eProsima Fast-RTPS[0m
[ 29%] [34m[1mGenerating C++ introspection for ROS interfaces[0m
[ 31%] [34m[1mGenerating C type support dispatch for ROS interfaces[0m
[ 34%] [34m[1mGenerating C type support for eProsima Fast-RTPS[0m
[ 34%] [34m[1mGenerating C introspection for ROS interfaces[0m
[ 35%] [32mBuilding CXX object CMakeFiles/g1_interface_pkg__rosidl_typesupport_c.dir/rosidl_typesupport_c/g1_interface_pkg/srv/tentamens__type_support.cpp.o[0m
[ 37%] [32mBuilding CXX object CMakeFiles/g1_interface_pkg__rosidl_typesupport_c.dir/rosidl_typesupport_c/g1_interface_pkg/action/herkanser__type_support.cpp.o[0m
[ 40%] [32mBuilding CXX object CMakeFiles/g1_interface_pkg__rosidl_typesupport_c.dir/rosidl_typesupport_c/g1_interface_pkg/msg/tentamen__type_support.cpp.o[0m
[ 40%] [32mBuilding CXX object CMakeFiles/g1_interface_pkg__rosidl_typesupport_c.dir/rosidl_typesupport_c/g1_interface_pkg/msg/student__type_support.cpp.o[0m
[ 42%] [32mBuilding CXX object CMakeFiles/g1_interface_pkg__rosidl_typesupport_cpp.dir/rosidl_typesupport_cpp/g1_interface_pkg/msg/student__type_support.cpp.o[0m
[ 45%] [32mBuilding CXX object CMakeFiles/g1_interface_pkg__rosidl_typesupport_cpp.dir/rosidl_typesupport_cpp/g1_interface_pkg/msg/tentamen__type_support.cpp.o[0m
[ 45%] [32mBuilding CXX object CMakeFiles/g1_interface_pkg__rosidl_typesupport_cpp.dir/rosidl_typesupport_cpp/g1_interface_pkg/action/herkanser__type_support.cpp.o[0m
[ 46%] [32mBuilding CXX object CMakeFiles/g1_interface_pkg__rosidl_typesupport_cpp.dir/rosidl_typesupport_cpp/g1_interface_pkg/srv/tentamens__type_support.cpp.o[0m
[ 48%] [32mBuilding CXX object CMakeFiles/g1_interface_pkg__rosidl_typesupport_introspection_cpp.dir/rosidl_typesupport_introspection_cpp/g1_interface_pkg/msg/detail/student__type_support.cpp.o[0m
[ 50%] [32m[1mLinking CXX shared library libg1_interface_pkg__rosidl_typesupport_c.so[0m
[ 51%] [32mBuilding CXX object CMakeFiles/g1_interface_pkg__rosidl_typesupport_introspection_cpp.dir/rosidl_typesupport_introspection_cpp/g1_interface_pkg/srv/detail/tentamens__type_support.cpp.o[0m
[ 53%] [32mBuilding CXX object CMakeFiles/g1_interface_pkg__rosidl_typesupport_introspection_cpp.dir/rosidl_typesupport_introspection_cpp/g1_interface_pkg/msg/detail/tentamen__type_support.cpp.o[0m
[ 54%] [32mBuilding CXX object CMakeFiles/g1_interface_pkg__rosidl_typesupport_introspection_cpp.dir/rosidl_typesupport_introspection_cpp/g1_interface_pkg/action/detail/herkanser__type_support.cpp.o[0m
[ 56%] [32mBuilding C object CMakeFiles/g1_interface_pkg__rosidl_typesupport_introspection_c.dir/rosidl_typesupport_introspection_c/g1_interface_pkg/msg/detail/student__type_support.c.o[0m
[ 59%] [32mBuilding C object CMakeFiles/g1_interface_pkg__rosidl_typesupport_introspection_c.dir/rosidl_typesupport_introspection_c/g1_interface_pkg/srv/detail/tentamens__type_support.c.o[0m
[ 59%] [32mBuilding C object CMakeFiles/g1_interface_pkg__rosidl_typesupport_introspection_c.dir/rosidl_typesupport_introspection_c/g1_interface_pkg/msg/detail/tentamen__type_support.c.o[0m
[ 60%] [32mBuilding C object CMakeFiles/g1_interface_pkg__rosidl_typesupport_introspection_c.dir/rosidl_typesupport_introspection_c/g1_interface_pkg/action/detail/herkanser__type_support.c.o[0m
[ 60%] Built target g1_interface_pkg__rosidl_typesupport_c
[ 62%] [32m[1mLinking C shared library libg1_interface_pkg__rosidl_typesupport_introspection_c.so[0m
[ 62%] Built target g1_interface_pkg__rosidl_typesupport_introspection_c
[ 68%] [32mBuilding CXX object CMakeFiles/g1_interface_pkg__rosidl_typesupport_fastrtps_cpp.dir/rosidl_typesupport_fastrtps_cpp/g1_interface_pkg/msg/detail/dds_fastrtps/student__type_support.cpp.o[0m
[ 68%] [32mBuilding CXX object CMakeFiles/g1_interface_pkg__rosidl_typesupport_fastrtps_cpp.dir/rosidl_typesupport_fastrtps_cpp/g1_interface_pkg/action/detail/dds_fastrtps/herkanser__type_support.cpp.o[0m
[ 68%] [32mBuilding CXX object CMakeFiles/g1_interface_pkg__rosidl_typesupport_fastrtps_cpp.dir/rosidl_typesupport_fastrtps_cpp/g1_interface_pkg/msg/detail/dds_fastrtps/tentamen__type_support.cpp.o[0m
[ 68%] [32mBuilding CXX object CMakeFiles/g1_interface_pkg__rosidl_typesupport_fastrtps_cpp.dir/rosidl_typesupport_fastrtps_cpp/g1_interface_pkg/srv/detail/dds_fastrtps/tentamens__type_support.cpp.o[0m
[ 70%] [32mBuilding CXX object CMakeFiles/g1_interface_pkg__rosidl_typesupport_fastrtps_c.dir/rosidl_typesupport_fastrtps_c/g1_interface_pkg/srv/detail/tentamens__type_support_c.cpp.o[0m
[ 75%] [32mBuilding CXX object CMakeFiles/g1_interface_pkg__rosidl_typesupport_fastrtps_c.dir/rosidl_typesupport_fastrtps_c/g1_interface_pkg/msg/detail/tentamen__type_support_c.cpp.o[0m
[ 75%] [32mBuilding CXX object CMakeFiles/g1_interface_pkg__rosidl_typesupport_fastrtps_c.dir/rosidl_typesupport_fastrtps_c/g1_interface_pkg/msg/detail/student__type_support_c.cpp.o[0m
[ 75%] [32mBuilding CXX object CMakeFiles/g1_interface_pkg__rosidl_typesupport_fastrtps_c.dir/rosidl_typesupport_fastrtps_c/g1_interface_pkg/action/detail/herkanser__type_support_c.cpp.o[0m
[ 76%] [32m[1mLinking CXX shared library libg1_interface_pkg__rosidl_typesupport_introspection_cpp.so[0m
[ 76%] Built target g1_interface_pkg__rosidl_typesupport_introspection_cpp
[ 78%] [32m[1mLinking CXX shared library libg1_interface_pkg__rosidl_typesupport_cpp.so[0m
[ 79%] [32m[1mLinking CXX shared library libg1_interface_pkg__rosidl_typesupport_fastrtps_c.so[0m
[ 79%] Built target g1_interface_pkg__rosidl_typesupport_cpp
[ 79%] Built target g1_interface_pkg__rosidl_typesupport_fastrtps_c
[ 81%] [32m[1mLinking CXX shared library libg1_interface_pkg__rosidl_typesupport_fastrtps_cpp.so[0m
[ 81%] Built target g1_interface_pkg__rosidl_typesupport_fastrtps_cpp
[ 81%] Built target g1_interface_pkg
[ 82%] [34m[1mGenerating Python code for ROS interfaces[0m
[ 82%] Built target g1_interface_pkg__py
[ 84%] [32mBuilding C object CMakeFiles/g1_interface_pkg__rosidl_generator_py.dir/rosidl_generator_py/g1_interface_pkg/msg/_student_s.c.o[0m
[ 85%] [32mBuilding C object CMakeFiles/g1_interface_pkg__rosidl_generator_py.dir/rosidl_generator_py/g1_interface_pkg/msg/_tentamen_s.c.o[0m
[ 87%] [32mBuilding C object CMakeFiles/g1_interface_pkg__rosidl_generator_py.dir/rosidl_generator_py/g1_interface_pkg/srv/_tentamens_s.c.o[0m
[ 89%] [32mBuilding C object CMakeFiles/g1_interface_pkg__rosidl_generator_py.dir/rosidl_generator_py/g1_interface_pkg/action/_herkanser_s.c.o[0m
[ 90%] [32m[1mLinking C shared library libg1_interface_pkg__rosidl_generator_py.so[0m
[ 90%] Built target g1_interface_pkg__rosidl_generator_py
[ 92%] [32mBuilding C object CMakeFiles/g1_interface_pkg_s__rosidl_typesupport_introspection_c.dir/rosidl_generator_py/g1_interface_pkg/_g1_interface_pkg_s.ep.rosidl_typesupport_introspection_c.c.o[0m
[ 93%] [32mBuilding C object CMakeFiles/g1_interface_pkg_s__rosidl_typesupport_fastrtps_c.dir/rosidl_generator_py/g1_interface_pkg/_g1_interface_pkg_s.ep.rosidl_typesupport_fastrtps_c.c.o[0m
[ 95%] [32mBuilding C object CMakeFiles/g1_interface_pkg_s__rosidl_typesupport_c.dir/rosidl_generator_py/g1_interface_pkg/_g1_interface_pkg_s.ep.rosidl_typesupport_c.c.o[0m
[ 96%] [32m[1mLinking C shared module rosidl_generator_py/g1_interface_pkg/g1_interface_pkg_s__rosidl_typesupport_introspection_c.so[0m
[ 98%] [32m[1mLinking C shared module rosidl_generator_py/g1_interface_pkg/g1_interface_pkg_s__rosidl_typesupport_c.so[0m
[100%] [32m[1mLinking C shared module rosidl_generator_py/g1_interface_pkg/g1_interface_pkg_s__rosidl_typesupport_fastrtps_c.so[0m
[100%] Built target g1_interface_pkg_s__rosidl_typesupport_c
[100%] Built target g1_interface_pkg_s__rosidl_typesupport_introspection_c
[100%] Built target g1_interface_pkg_s__rosidl_typesupport_fastrtps_c
-- Install configuration: ""
-- Installing: /home/broodjesemih/ass_ros2_ws/install/g1_interface_pkg/share/ament_index/resource_index/rosidl_interfaces/g1_interface_pkg
-- Installing: /home/broodjesemih/ass_ros2_ws/install/g1_interface_pkg/share/g1_interface_pkg/msg/Student.json
-- Installing: /home/broodjesemih/ass_ros2_ws/install/g1_interface_pkg/share/g1_interface_pkg/msg/Tentamen.json
-- Installing: /home/broodjesemih/ass_ros2_ws/install/g1_interface_pkg/share/g1_interface_pkg/srv/Tentamens.json
-- Installing: /home/broodjesemih/ass_ros2_ws/install/g1_interface_pkg/share/g1_interface_pkg/action/Herkanser.json
-- Installing: /home/broodjesemih/ass_ros2_ws/install/g1_interface_pkg/include/g1_interface_pkg/g1_interface_pkg
-- Installing: /home/broodjesemih/ass_ros2_ws/install/g1_interface_pkg/include/g1_interface_pkg/g1_interface_pkg/action
-- Installing: /home/broodjesemih/ass_ros2_ws/install/g1_interface_pkg/include/g1_interface_pkg/g1_interface_pkg/action/detail
-- Installing: /home/broodjesemih/ass_ros2_ws/install/g1_interface_pkg/include/g1_interface_pkg/g1_interface_pkg/action/detail/herkanser__type_support.h
-- Installing: /home/broodjesemih/ass_ros2_ws/install/g1_interface_pkg/include/g1_interface_pkg/g1_interface_pkg/action/detail/herkanser__description.c
-- Installing: /home/broodjesemih/ass_ros2_ws/install/g1_interface_pkg/include/g1_interface_pkg/g1_interface_pkg/action/detail/herkanser__functions.h
-- Installing: /home/broodjesemih/ass_ros2_ws/install/g1_interface_pkg/include/g1_interface_pkg/g1_interface_pkg/action/detail/herkanser__struct.h
-- Installing: /home/broodjesemih/ass_ros2_ws/install/g1_interface_pkg/include/g1_interface_pkg/g1_interface_pkg/action/detail/herkanser__functions.c
-- Installing: /home/broodjesemih/ass_ros2_ws/install/g1_interface_pkg/include/g1_interface_pkg/g1_interface_pkg/action/detail/herkanser__type_support.c
-- Installing: /home/broodjesemih/ass_ros2_ws/install/g1_interface_pkg/include/g1_interface_pkg/g1_interface_pkg/action/herkanser.h
-- Installing: /home/broodjesemih/ass_ros2_ws/install/g1_interface_pkg/include/g1_interface_pkg/g1_interface_pkg/srv
-- Installing: /home/broodjesemih/ass_ros2_ws/install/g1_interface_pkg/include/g1_interface_pkg/g1_interface_pkg/srv/detail
-- Installing: /home/broodjesemih/ass_ros2_ws/install/g1_interface_pkg/include/g1_interface_pkg/g1_interface_pkg/srv/detail/tentamens__functions.h
-- Installing: /home/broodjesemih/ass_ros2_ws/install/g1_interface_pkg/include/g1_interface_pkg/g1_interface_pkg/srv/detail/tentamens__type_support.c
-- Installing: /home/broodjesemih/ass_ros2_ws/install/g1_interface_pkg/include/g1_interface_pkg/g1_interface_pkg/srv/detail/tentamens__struct.h
-- Installing: /home/broodjesemih/ass_ros2_ws/install/g1_interface_pkg/include/g1_interface_pkg/g1_interface_pkg/srv/detail/tentamens__description.c
-- Installing: /home/broodjesemih/ass_ros2_ws/install/g1_interface_pkg/include/g1_interface_pkg/g1_interface_pkg/srv/detail/tentamens__functions.c
-- Installing: /home/broodjesemih/ass_ros2_ws/install/g1_interface_pkg/include/g1_interface_pkg/g1_interface_pkg/srv/detail/tentamens__type_support.h
-- Installing: /home/broodjesemih/ass_ros2_ws/install/g1_interface_pkg/include/g1_interface_pkg/g1_interface_pkg/srv/tentamens.h
-- Installing: /home/broodjesemih/ass_ros2_ws/install/g1_interface_pkg/include/g1_interface_pkg/g1_interface_pkg/msg
-- Installing: /home/broodjesemih/ass_ros2_ws/install/g1_interface_pkg/include/g1_interface_pkg/g1_interface_pkg/msg/tentamen.h
-- Installing: /home/broodjesemih/ass_ros2_ws/install/g1_interface_pkg/include/g1_interface_pkg/g1_interface_pkg/msg/rosidl_generator_c__visibility_control.h
-- Installing: /home/broodjesemih/ass_ros2_ws/install/g1_interface_pkg/include/g1_interface_pkg/g1_interface_pkg/msg/student.h
-- Installing: /home/broodjesemih/ass_ros2_ws/install/g1_interface_pkg/include/g1_interface_pkg/g1_interface_pkg/msg/detail
-- Installing: /home/broodjesemih/ass_ros2_ws/install/g1_interface_pkg/include/g1_interface_pkg/g1_interface_pkg/msg/detail/student__description.c
-- Installing: /home/broodjesemih/ass_ros2_ws/install/g1_interface_pkg/include/g1_interface_pkg/g1_interface_pkg/msg/detail/tentamen__struct.h
-- Installing: /home/broodjesemih/ass_ros2_ws/install/g1_interface_pkg/include/g1_interface_pkg/g1_interface_pkg/msg/detail/tentamen__description.c
-- Installing: /home/broodjesemih/ass_ros2_ws/install/g1_interface_pkg/include/g1_interface_pkg/g1_interface_pkg/msg/detail/student__type_support.h
-- Installing: /home/broodjesemih/ass_ros2_ws/install/g1_interface_pkg/include/g1_interface_pkg/g1_interface_pkg/msg/detail/tentamen__functions.h
-- Installing: /home/broodjesemih/ass_ros2_ws/install/g1_interface_pkg/include/g1_interface_pkg/g1_interface_pkg/msg/detail/tentamen__functions.c
-- Installing: /home/broodjesemih/ass_ros2_ws/install/g1_interface_pkg/include/g1_interface_pkg/g1_interface_pkg/msg/detail/student__functions.c
-- Installing: /home/broodjesemih/ass_ros2_ws/install/g1_interface_pkg/include/g1_interface_pkg/g1_interface_pkg/msg/detail/student__type_support.c
-- Installing: /home/broodjesemih/ass_ros2_ws/install/g1_interface_pkg/include/g1_interface_pkg/g1_interface_pkg/msg/detail/student__functions.h
-- Installing: /home/broodjesemih/ass_ros2_ws/install/g1_interface_pkg/include/g1_interface_pkg/g1_interface_pkg/msg/detail/tentamen__type_support.c
-- Installing: /home/broodjesemih/ass_ros2_ws/install/g1_interface_pkg/include/g1_interface_pkg/g1_interface_pkg/msg/detail/tentamen__type_support.h
-- Installing: /home/broodjesemih/ass_ros2_ws/install/g1_interface_pkg/include/g1_interface_pkg/g1_interface_pkg/msg/detail/student__struct.h
-- Installing: /home/broodjesemih/ass_ros2_ws/install/g1_interface_pkg/share/g1_interface_pkg/environment/library_path.sh
-- Installing: /home/broodjesemih/ass_ros2_ws/install/g1_interface_pkg/share/g1_interface_pkg/environment/library_path.dsv
-- Installing: /home/broodjesemih/ass_ros2_ws/install/g1_interface_pkg/lib/libg1_interface_pkg__rosidl_generator_c.so
-- Set non-toolchain portion of runtime path of "/home/broodjesemih/ass_ros2_ws/install/g1_interface_pkg/lib/libg1_interface_pkg__rosidl_generator_c.so" to ""
-- Up-to-date: /home/broodjesemih/ass_ros2_ws/install/g1_interface_pkg/include/g1_interface_pkg/g1_interface_pkg
-- Up-to-date: /home/broodjesemih/ass_ros2_ws/install/g1_interface_pkg/include/g1_interface_pkg/g1_interface_pkg/action
-- Up-to-date: /home/broodjesemih/ass_ros2_ws/install/g1_interface_pkg/include/g1_interface_pkg/g1_interface_pkg/action/detail
-- Installing: /home/broodjesemih/ass_ros2_ws/install/g1_interface_pkg/include/g1_interface_pkg/g1_interface_pkg/action/detail/herkanser__rosidl_typesupport_fastrtps_c.h
-- Up-to-date: /home/broodjesemih/ass_ros2_ws/install/g1_interface_pkg/include/g1_interface_pkg/g1_interface_pkg/srv
-- Up-to-date: /home/broodjesemih/ass_ros2_ws/install/g1_interface_pkg/include/g1_interface_pkg/g1_interface_pkg/srv/detail
-- Installing: /home/broodjesemih/ass_ros2_ws/install/g1_interface_pkg/include/g1_interface_pkg/g1_interface_pkg/srv/detail/tentamens__rosidl_typesupport_fastrtps_c.h
-- Up-to-date: /home/broodjesemih/ass_ros2_ws/install/g1_interface_pkg/include/g1_interface_pkg/g1_interface_pkg/msg
-- Up-to-date: /home/broodjesemih/ass_ros2_ws/install/g1_interface_pkg/include/g1_interface_pkg/g1_interface_pkg/msg/detail
-- Installing: /home/broodjesemih/ass_ros2_ws/install/g1_interface_pkg/include/g1_interface_pkg/g1_interface_pkg/msg/detail/student__rosidl_typesupport_fastrtps_c.h
-- Installing: /home/broodjesemih/ass_ros2_ws/install/g1_interface_pkg/include/g1_interface_pkg/g1_interface_pkg/msg/detail/tentamen__rosidl_typesupport_fastrtps_c.h
-- Installing: /home/broodjesemih/ass_ros2_ws/install/g1_interface_pkg/include/g1_interface_pkg/g1_interface_pkg/msg/rosidl_typesupport_fastrtps_c__visibility_control.h
-- Installing: /home/broodjesemih/ass_ros2_ws/install/g1_interface_pkg/lib/libg1_interface_pkg__rosidl_typesupport_fastrtps_c.so
-- Set non-toolchain portion of runtime path of "/home/broodjesemih/ass_ros2_ws/install/g1_interface_pkg/lib/libg1_interface_pkg__rosidl_typesupport_fastrtps_c.so" to ""
-- Up-to-date: /home/broodjesemih/ass_ros2_ws/install/g1_interface_pkg/include/g1_interface_pkg/g1_interface_pkg
-- Up-to-date: /home/broodjesemih/ass_ros2_ws/install/g1_interface_pkg/include/g1_interface_pkg/g1_interface_pkg/action
-- Up-to-date: /home/broodjesemih/ass_ros2_ws/install/g1_interface_pkg/include/g1_interface_pkg/g1_interface_pkg/action/detail
-- Installing: /home/broodjesemih/ass_ros2_ws/install/g1_interface_pkg/include/g1_interface_pkg/g1_interface_pkg/action/detail/herkanser__rosidl_typesupport_introspection_c.h
-- Up-to-date: /home/broodjesemih/ass_ros2_ws/install/g1_interface_pkg/include/g1_interface_pkg/g1_interface_pkg/action/detail/herkanser__type_support.c
-- Up-to-date: /home/broodjesemih/ass_ros2_ws/install/g1_interface_pkg/include/g1_interface_pkg/g1_interface_pkg/srv
-- Up-to-date: /home/broodjesemih/ass_ros2_ws/install/g1_interface_pkg/include/g1_interface_pkg/g1_interface_pkg/srv/detail
-- Installing: /home/broodjesemih/ass_ros2_ws/install/g1_interface_pkg/include/g1_interface_pkg/g1_interface_pkg/srv/detail/tentamens__rosidl_typesupport_introspection_c.h
-- Up-to-date: /home/broodjesemih/ass_ros2_ws/install/g1_interface_pkg/include/g1_interface_pkg/g1_interface_pkg/srv/detail/tentamens__type_support.c
-- Up-to-date: /home/broodjesemih/ass_ros2_ws/install/g1_interface_pkg/include/g1_interface_pkg/g1_interface_pkg/msg
-- Installing: /home/broodjesemih/ass_ros2_ws/install/g1_interface_pkg/include/g1_interface_pkg/g1_interface_pkg/msg/rosidl_typesupport_introspection_c__visibility_control.h
-- Up-to-date: /home/broodjesemih/ass_ros2_ws/install/g1_interface_pkg/include/g1_interface_pkg/g1_interface_pkg/msg/detail
-- Installing: /home/broodjesemih/ass_ros2_ws/install/g1_interface_pkg/include/g1_interface_pkg/g1_interface_pkg/msg/detail/tentamen__rosidl_typesupport_introspection_c.h
-- Up-to-date: /home/broodjesemih/ass_ros2_ws/install/g1_interface_pkg/include/g1_interface_pkg/g1_interface_pkg/msg/detail/student__type_support.c
-- Up-to-date: /home/broodjesemih/ass_ros2_ws/install/g1_interface_pkg/include/g1_interface_pkg/g1_interface_pkg/msg/detail/tentamen__type_support.c
-- Installing: /home/broodjesemih/ass_ros2_ws/install/g1_interface_pkg/include/g1_interface_pkg/g1_interface_pkg/msg/detail/student__rosidl_typesupport_introspection_c.h
-- Installing: /home/broodjesemih/ass_ros2_ws/install/g1_interface_pkg/lib/libg1_interface_pkg__rosidl_typesupport_introspection_c.so
-- Set non-toolchain portion of runtime path of "/home/broodjesemih/ass_ros2_ws/install/g1_interface_pkg/lib/libg1_interface_pkg__rosidl_typesupport_introspection_c.so" to ""
-- Installing: /home/broodjesemih/ass_ros2_ws/install/g1_interface_pkg/lib/libg1_interface_pkg__rosidl_typesupport_c.so
-- Set non-toolchain portion of runtime path of "/home/broodjesemih/ass_ros2_ws/install/g1_interface_pkg/lib/libg1_interface_pkg__rosidl_typesupport_c.so" to ""
-- Up-to-date: /home/broodjesemih/ass_ros2_ws/install/g1_interface_pkg/include/g1_interface_pkg/g1_interface_pkg
-- Up-to-date: /home/broodjesemih/ass_ros2_ws/install/g1_interface_pkg/include/g1_interface_pkg/g1_interface_pkg/action
-- Installing: /home/broodjesemih/ass_ros2_ws/install/g1_interface_pkg/include/g1_interface_pkg/g1_interface_pkg/action/herkanser.hpp
-- Up-to-date: /home/broodjesemih/ass_ros2_ws/install/g1_interface_pkg/include/g1_interface_pkg/g1_interface_pkg/action/detail
-- Installing: /home/broodjesemih/ass_ros2_ws/install/g1_interface_pkg/include/g1_interface_pkg/g1_interface_pkg/action/detail/herkanser__builder.hpp
-- Installing: /home/broodjesemih/ass_ros2_ws/install/g1_interface_pkg/include/g1_interface_pkg/g1_interface_pkg/action/detail/herkanser__struct.hpp
-- Installing: /home/broodjesemih/ass_ros2_ws/install/g1_interface_pkg/include/g1_interface_pkg/g1_interface_pkg/action/detail/herkanser__type_support.hpp
-- Installing: /home/broodjesemih/ass_ros2_ws/install/g1_interface_pkg/include/g1_interface_pkg/g1_interface_pkg/action/detail/herkanser__traits.hpp
-- Up-to-date: /home/broodjesemih/ass_ros2_ws/install/g1_interface_pkg/include/g1_interface_pkg/g1_interface_pkg/srv
-- Up-to-date: /home/broodjesemih/ass_ros2_ws/install/g1_interface_pkg/include/g1_interface_pkg/g1_interface_pkg/srv/detail
-- Installing: /home/broodjesemih/ass_ros2_ws/install/g1_interface_pkg/include/g1_interface_pkg/g1_interface_pkg/srv/detail/tentamens__type_support.hpp
-- Installing: /home/broodjesemih/ass_ros2_ws/install/g1_interface_pkg/include/g1_interface_pkg/g1_interface_pkg/srv/detail/tentamens__traits.hpp
-- Installing: /home/broodjesemih/ass_ros2_ws/install/g1_interface_pkg/include/g1_interface_pkg/g1_interface_pkg/srv/detail/tentamens__builder.hpp
-- Installing: /home/broodjesemih/ass_ros2_ws/install/g1_interface_pkg/include/g1_interface_pkg/g1_interface_pkg/srv/detail/tentamens__struct.hpp
-- Installing: /home/broodjesemih/ass_ros2_ws/install/g1_interface_pkg/include/g1_interface_pkg/g1_interface_pkg/srv/tentamens.hpp
-- Up-to-date: /home/broodjesemih/ass_ros2_ws/install/g1_interface_pkg/include/g1_interface_pkg/g1_interface_pkg/msg
-- Installing: /home/broodjesemih/ass_ros2_ws/install/g1_interface_pkg/include/g1_interface_pkg/g1_interface_pkg/msg/student.hpp
-- Installing: /home/broodjesemih/ass_ros2_ws/install/g1_interface_pkg/include/g1_interface_pkg/g1_interface_pkg/msg/rosidl_generator_cpp__visibility_control.hpp
-- Installing: /home/broodjesemih/ass_ros2_ws/install/g1_interface_pkg/include/g1_interface_pkg/g1_interface_pkg/msg/tentamen.hpp
-- Up-to-date: /home/broodjesemih/ass_ros2_ws/install/g1_interface_pkg/include/g1_interface_pkg/g1_interface_pkg/msg/detail
-- Installing: /home/broodjesemih/ass_ros2_ws/install/g1_interface_pkg/include/g1_interface_pkg/g1_interface_pkg/msg/detail/student__builder.hpp
-- Installing: /home/broodjesemih/ass_ros2_ws/install/g1_interface_pkg/include/g1_interface_pkg/g1_interface_pkg/msg/detail/tentamen__traits.hpp
-- Installing: /home/broodjesemih/ass_ros2_ws/install/g1_interface_pkg/include/g1_interface_pkg/g1_interface_pkg/msg/detail/student__type_support.hpp
-- Installing: /home/broodjesemih/ass_ros2_ws/install/g1_interface_pkg/include/g1_interface_pkg/g1_interface_pkg/msg/detail/student__traits.hpp
-- Installing: /home/broodjesemih/ass_ros2_ws/install/g1_interface_pkg/include/g1_interface_pkg/g1_interface_pkg/msg/detail/tentamen__builder.hpp
-- Installing: /home/broodjesemih/ass_ros2_ws/install/g1_interface_pkg/include/g1_interface_pkg/g1_interface_pkg/msg/detail/tentamen__struct.hpp
-- Installing: /home/broodjesemih/ass_ros2_ws/install/g1_interface_pkg/include/g1_interface_pkg/g1_interface_pkg/msg/detail/tentamen__type_support.hpp
-- Installing: /home/broodjesemih/ass_ros2_ws/install/g1_interface_pkg/include/g1_interface_pkg/g1_interface_pkg/msg/detail/student__struct.hpp
-- Up-to-date: /home/broodjesemih/ass_ros2_ws/install/g1_interface_pkg/include/g1_interface_pkg/g1_interface_pkg
-- Up-to-date: /home/broodjesemih/ass_ros2_ws/install/g1_interface_pkg/include/g1_interface_pkg/g1_interface_pkg/action
-- Up-to-date: /home/broodjesemih/ass_ros2_ws/install/g1_interface_pkg/include/g1_interface_pkg/g1_interface_pkg/action/detail
-- Installing: /home/broodjesemih/ass_ros2_ws/install/g1_interface_pkg/include/g1_interface_pkg/g1_interface_pkg/action/detail/herkanser__rosidl_typesupport_fastrtps_cpp.hpp
-- Installing: /home/broodjesemih/ass_ros2_ws/install/g1_interface_pkg/include/g1_interface_pkg/g1_interface_pkg/action/detail/dds_fastrtps
-- Up-to-date: /home/broodjesemih/ass_ros2_ws/install/g1_interface_pkg/include/g1_interface_pkg/g1_interface_pkg/srv
-- Up-to-date: /home/broodjesemih/ass_ros2_ws/install/g1_interface_pkg/include/g1_interface_pkg/g1_interface_pkg/srv/detail
-- Installing: /home/broodjesemih/ass_ros2_ws/install/g1_interface_pkg/include/g1_interface_pkg/g1_interface_pkg/srv/detail/tentamens__rosidl_typesupport_fastrtps_cpp.hpp
-- Installing: /home/broodjesemih/ass_ros2_ws/install/g1_interface_pkg/include/g1_interface_pkg/g1_interface_pkg/srv/detail/dds_fastrtps
-- Up-to-date: /home/broodjesemih/ass_ros2_ws/install/g1_interface_pkg/include/g1_interface_pkg/g1_interface_pkg/msg
-- Installing: /home/broodjesemih/ass_ros2_ws/install/g1_interface_pkg/include/g1_interface_pkg/g1_interface_pkg/msg/rosidl_typesupport_fastrtps_cpp__visibility_control.h
-- Up-to-date: /home/broodjesemih/ass_ros2_ws/install/g1_interface_pkg/include/g1_interface_pkg/g1_interface_pkg/msg/detail
-- Installing: /home/broodjesemih/ass_ros2_ws/install/g1_interface_pkg/include/g1_interface_pkg/g1_interface_pkg/msg/detail/tentamen__rosidl_typesupport_fastrtps_cpp.hpp
-- Installing: /home/broodjesemih/ass_ros2_ws/install/g1_interface_pkg/include/g1_interface_pkg/g1_interface_pkg/msg/detail/dds_fastrtps
-- Installing: /home/broodjesemih/ass_ros2_ws/install/g1_interface_pkg/include/g1_interface_pkg/g1_interface_pkg/msg/detail/student__rosidl_typesupport_fastrtps_cpp.hpp
-- Installing: /home/broodjesemih/ass_ros2_ws/install/g1_interface_pkg/lib/libg1_interface_pkg__rosidl_typesupport_fastrtps_cpp.so
-- Set non-toolchain portion of runtime path of "/home/broodjesemih/ass_ros2_ws/install/g1_interface_pkg/lib/libg1_interface_pkg__rosidl_typesupport_fastrtps_cpp.so" to ""
-- Up-to-date: /home/broodjesemih/ass_ros2_ws/install/g1_interface_pkg/include/g1_interface_pkg/g1_interface_pkg
-- Up-to-date: /home/broodjesemih/ass_ros2_ws/install/g1_interface_pkg/include/g1_interface_pkg/g1_interface_pkg/action
-- Up-to-date: /home/broodjesemih/ass_ros2_ws/install/g1_interface_pkg/include/g1_interface_pkg/g1_interface_pkg/action/detail
-- Installing: /home/broodjesemih/ass_ros2_ws/install/g1_interface_pkg/include/g1_interface_pkg/g1_interface_pkg/action/detail/herkanser__type_support.cpp
-- Installing: /home/broodjesemih/ass_ros2_ws/install/g1_interface_pkg/include/g1_interface_pkg/g1_interface_pkg/action/detail/herkanser__rosidl_typesupport_introspection_cpp.hpp
-- Up-to-date: /home/broodjesemih/ass_ros2_ws/install/g1_interface_pkg/include/g1_interface_pkg/g1_interface_pkg/srv
-- Up-to-date: /home/broodjesemih/ass_ros2_ws/install/g1_interface_pkg/include/g1_interface_pkg/g1_interface_pkg/srv/detail
-- Installing: /home/broodjesemih/ass_ros2_ws/install/g1_interface_pkg/include/g1_interface_pkg/g1_interface_pkg/srv/detail/tentamens__rosidl_typesupport_introspection_cpp.hpp
-- Installing: /home/broodjesemih/ass_ros2_ws/install/g1_interface_pkg/include/g1_interface_pkg/g1_interface_pkg/srv/detail/tentamens__type_support.cpp
-- Up-to-date: /home/broodjesemih/ass_ros2_ws/install/g1_interface_pkg/include/g1_interface_pkg/g1_interface_pkg/msg
-- Up-to-date: /home/broodjesemih/ass_ros2_ws/install/g1_interface_pkg/include/g1_interface_pkg/g1_interface_pkg/msg/detail
-- Installing: /home/broodjesemih/ass_ros2_ws/install/g1_interface_pkg/include/g1_interface_pkg/g1_interface_pkg/msg/detail/student__type_support.cpp
-- Installing: /home/broodjesemih/ass_ros2_ws/install/g1_interface_pkg/include/g1_interface_pkg/g1_interface_pkg/msg/detail/student__rosidl_typesupport_introspection_cpp.hpp
-- Installing: /home/broodjesemih/ass_ros2_ws/install/g1_interface_pkg/include/g1_interface_pkg/g1_interface_pkg/msg/detail/tentamen__type_support.cpp
-- Installing: /home/broodjesemih/ass_ros2_ws/install/g1_interface_pkg/include/g1_interface_pkg/g1_interface_pkg/msg/detail/tentamen__rosidl_typesupport_introspection_cpp.hpp
-- Installing: /home/broodjesemih/ass_ros2_ws/install/g1_interface_pkg/lib/libg1_interface_pkg__rosidl_typesupport_introspection_cpp.so
-- Set non-toolchain portion of runtime path of "/home/broodjesemih/ass_ros2_ws/install/g1_interface_pkg/lib/libg1_interface_pkg__rosidl_typesupport_introspection_cpp.so" to ""
-- Installing: /home/broodjesemih/ass_ros2_ws/install/g1_interface_pkg/lib/libg1_interface_pkg__rosidl_typesupport_cpp.so
-- Set non-toolchain portion of runtime path of "/home/broodjesemih/ass_ros2_ws/install/g1_interface_pkg/lib/libg1_interface_pkg__rosidl_typesupport_cpp.so" to ""
-- Installing: /home/broodjesemih/ass_ros2_ws/install/g1_interface_pkg/share/g1_interface_pkg/environment/pythonpath.sh
-- Installing: /home/broodjesemih/ass_ros2_ws/install/g1_interface_pkg/share/g1_interface_pkg/environment/pythonpath.dsv
-- Installing: /home/broodjesemih/ass_ros2_ws/install/g1_interface_pkg/lib/python3.12/site-packages/g1_interface_pkg-0.1.0-py3.12.egg-info
-- Installing: /home/broodjesemih/ass_ros2_ws/install/g1_interface_pkg/lib/python3.12/site-packages/g1_interface_pkg-0.1.0-py3.12.egg-info/top_level.txt
-- Installing: /home/broodjesemih/ass_ros2_ws/install/g1_interface_pkg/lib/python3.12/site-packages/g1_interface_pkg-0.1.0-py3.12.egg-info/dependency_links.txt
-- Installing: /home/broodjesemih/ass_ros2_ws/install/g1_interface_pkg/lib/python3.12/site-packages/g1_interface_pkg-0.1.0-py3.12.egg-info/SOURCES.txt
-- Installing: /home/broodjesemih/ass_ros2_ws/install/g1_interface_pkg/lib/python3.12/site-packages/g1_interface_pkg-0.1.0-py3.12.egg-info/PKG-INFO
-- Installing: /home/broodjesemih/ass_ros2_ws/install/g1_interface_pkg/lib/python3.12/site-packages/g1_interface_pkg
-- Installing: /home/broodjesemih/ass_ros2_ws/install/g1_interface_pkg/lib/python3.12/site-packages/g1_interface_pkg/g1_interface_pkg_s__rosidl_typesupport_introspection_c.so
-- Installing: /home/broodjesemih/ass_ros2_ws/install/g1_interface_pkg/lib/python3.12/site-packages/g1_interface_pkg/action
-- Installing: /home/broodjesemih/ass_ros2_ws/install/g1_interface_pkg/lib/python3.12/site-packages/g1_interface_pkg/action/_herkanser_s.c
-- Installing: /home/broodjesemih/ass_ros2_ws/install/g1_interface_pkg/lib/python3.12/site-packages/g1_interface_pkg/action/_herkanser.py
-- Installing: /home/broodjesemih/ass_ros2_ws/install/g1_interface_pkg/lib/python3.12/site-packages/g1_interface_pkg/action/__init__.py
-- Installing: /home/broodjesemih/ass_ros2_ws/install/g1_interface_pkg/lib/python3.12/site-packages/g1_interface_pkg/_g1_interface_pkg_s.ep.rosidl_typesupport_c.c
-- Installing: /home/broodjesemih/ass_ros2_ws/install/g1_interface_pkg/lib/python3.12/site-packages/g1_interface_pkg/g1_interface_pkg_s__rosidl_typesupport_c.so
-- Installing: /home/broodjesemih/ass_ros2_ws/install/g1_interface_pkg/lib/python3.12/site-packages/g1_interface_pkg/g1_interface_pkg_s__rosidl_typesupport_fastrtps_c.so
-- Installing: /home/broodjesemih/ass_ros2_ws/install/g1_interface_pkg/lib/python3.12/site-packages/g1_interface_pkg/srv
-- Installing: /home/broodjesemih/ass_ros2_ws/install/g1_interface_pkg/lib/python3.12/site-packages/g1_interface_pkg/srv/_tentamens_s.c
-- Installing: /home/broodjesemih/ass_ros2_ws/install/g1_interface_pkg/lib/python3.12/site-packages/g1_interface_pkg/srv/_tentamens.py
-- Installing: /home/broodjesemih/ass_ros2_ws/install/g1_interface_pkg/lib/python3.12/site-packages/g1_interface_pkg/srv/__init__.py
-- Installing: /home/broodjesemih/ass_ros2_ws/install/g1_interface_pkg/lib/python3.12/site-packages/g1_interface_pkg/_g1_interface_pkg_s.ep.rosidl_typesupport_fastrtps_c.c
-- Installing: /home/broodjesemih/ass_ros2_ws/install/g1_interface_pkg/lib/python3.12/site-packages/g1_interface_pkg/msg
-- Installing: /home/broodjesemih/ass_ros2_ws/install/g1_interface_pkg/lib/python3.12/site-packages/g1_interface_pkg/msg/_student.py
-- Installing: /home/broodjesemih/ass_ros2_ws/install/g1_interface_pkg/lib/python3.12/site-packages/g1_interface_pkg/msg/_tentamen_s.c
-- Installing: /home/broodjesemih/ass_ros2_ws/install/g1_interface_pkg/lib/python3.12/site-packages/g1_interface_pkg/msg/_student_s.c
-- Installing: /home/broodjesemih/ass_ros2_ws/install/g1_interface_pkg/lib/python3.12/site-packages/g1_interface_pkg/msg/_tentamen.py
-- Installing: /home/broodjesemih/ass_ros2_ws/install/g1_interface_pkg/lib/python3.12/site-packages/g1_interface_pkg/msg/__init__.py
-- Installing: /home/broodjesemih/ass_ros2_ws/install/g1_interface_pkg/lib/python3.12/site-packages/g1_interface_pkg/_g1_interface_pkg_s.ep.rosidl_typesupport_introspection_c.c
-- Installing: /home/broodjesemih/ass_ros2_ws/install/g1_interface_pkg/lib/python3.12/site-packages/g1_interface_pkg/__init__.py
Listing '/home/broodjesemih/ass_ros2_ws/install/g1_interface_pkg/lib/python3.12/site-packages/g1_interface_pkg'...
Compiling '/home/broodjesemih/ass_ros2_ws/install/g1_interface_pkg/lib/python3.12/site-packages/g1_interface_pkg/__init__.py'...
Listing '/home/broodjesemih/ass_ros2_ws/install/g1_interface_pkg/lib/python3.12/site-packages/g1_interface_pkg/action'...
Compiling '/home/broodjesemih/ass_ros2_ws/install/g1_interface_pkg/lib/python3.12/site-packages/g1_interface_pkg/action/__init__.py'...
Compiling '/home/broodjesemih/ass_ros2_ws/install/g1_interface_pkg/lib/python3.12/site-packages/g1_interface_pkg/action/_herkanser.py'...
Listing '/home/broodjesemih/ass_ros2_ws/install/g1_interface_pkg/lib/python3.12/site-packages/g1_interface_pkg/msg'...
Compiling '/home/broodjesemih/ass_ros2_ws/install/g1_interface_pkg/lib/python3.12/site-packages/g1_interface_pkg/msg/__init__.py'...
Compiling '/home/broodjesemih/ass_ros2_ws/install/g1_interface_pkg/lib/python3.12/site-packages/g1_interface_pkg/msg/_student.py'...
Compiling '/home/broodjesemih/ass_ros2_ws/install/g1_interface_pkg/lib/python3.12/site-packages/g1_interface_pkg/msg/_tentamen.py'...
Listing '/home/broodjesemih/ass_ros2_ws/install/g1_interface_pkg/lib/python3.12/site-packages/g1_interface_pkg/srv'...
Compiling '/home/broodjesemih/ass_ros2_ws/install/g1_interface_pkg/lib/python3.12/site-packages/g1_interface_pkg/srv/__init__.py'...
Compiling '/home/broodjesemih/ass_ros2_ws/install/g1_interface_pkg/lib/python3.12/site-packages/g1_interface_pkg/srv/_tentamens.py'...
-- Installing: /home/broodjesemih/ass_ros2_ws/install/g1_interface_pkg/lib/python3.12/site-packages/g1_interface_pkg/g1_interface_pkg_s__rosidl_typesupport_fastrtps_c.so
-- Set non-toolchain portion of runtime path of "/home/broodjesemih/ass_ros2_ws/install/g1_interface_pkg/lib/python3.12/site-packages/g1_interface_pkg/g1_interface_pkg_s__rosidl_typesupport_fastrtps_c.so" to ""
-- Installing: /home/broodjesemih/ass_ros2_ws/install/g1_interface_pkg/lib/python3.12/site-packages/g1_interface_pkg/g1_interface_pkg_s__rosidl_typesupport_introspection_c.so
-- Set non-toolchain portion of runtime path of "/home/broodjesemih/ass_ros2_ws/install/g1_interface_pkg/lib/python3.12/site-packages/g1_interface_pkg/g1_interface_pkg_s__rosidl_typesupport_introspection_c.so" to ""
-- Installing: /home/broodjesemih/ass_ros2_ws/install/g1_interface_pkg/lib/python3.12/site-packages/g1_interface_pkg/g1_interface_pkg_s__rosidl_typesupport_c.so
-- Set non-toolchain portion of runtime path of "/home/broodjesemih/ass_ros2_ws/install/g1_interface_pkg/lib/python3.12/site-packages/g1_interface_pkg/g1_interface_pkg_s__rosidl_typesupport_c.so" to ""
-- Installing: /home/broodjesemih/ass_ros2_ws/install/g1_interface_pkg/lib/libg1_interface_pkg__rosidl_generator_py.so
-- Set non-toolchain portion of runtime path of "/home/broodjesemih/ass_ros2_ws/install/g1_interface_pkg/lib/libg1_interface_pkg__rosidl_generator_py.so" to ""
-- Installing: /home/broodjesemih/ass_ros2_ws/install/g1_interface_pkg/share/g1_interface_pkg/msg/Student.idl
-- Installing: /home/broodjesemih/ass_ros2_ws/install/g1_interface_pkg/share/g1_interface_pkg/msg/Tentamen.idl
-- Installing: /home/broodjesemih/ass_ros2_ws/install/g1_interface_pkg/share/g1_interface_pkg/srv/Tentamens.idl
-- Installing: /home/broodjesemih/ass_ros2_ws/install/g1_interface_pkg/share/g1_interface_pkg/action/Herkanser.idl
-- Installing: /home/broodjesemih/ass_ros2_ws/install/g1_interface_pkg/share/g1_interface_pkg/msg/Student.msg
-- Installing: /home/broodjesemih/ass_ros2_ws/install/g1_interface_pkg/share/g1_interface_pkg/msg/Tentamen.msg
-- Installing: /home/broodjesemih/ass_ros2_ws/install/g1_interface_pkg/share/g1_interface_pkg/srv/Tentamens.srv
-- Installing: /home/broodjesemih/ass_ros2_ws/install/g1_interface_pkg/share/g1_interface_pkg/action/Herkanser.action
-- Installing: /home/broodjesemih/ass_ros2_ws/install/g1_interface_pkg/share/ament_index/resource_index/package_run_dependencies/g1_interface_pkg
-- Installing: /home/broodjesemih/ass_ros2_ws/install/g1_interface_pkg/share/ament_index/resource_index/parent_prefix_path/g1_interface_pkg
-- Installing: /home/broodjesemih/ass_ros2_ws/install/g1_interface_pkg/share/g1_interface_pkg/environment/ament_prefix_path.sh
-- Installing: /home/broodjesemih/ass_ros2_ws/install/g1_interface_pkg/share/g1_interface_pkg/environment/ament_prefix_path.dsv
-- Installing: /home/broodjesemih/ass_ros2_ws/install/g1_interface_pkg/share/g1_interface_pkg/environment/path.sh
-- Installing: /home/broodjesemih/ass_ros2_ws/install/g1_interface_pkg/share/g1_interface_pkg/environment/path.dsv
-- Installing: /home/broodjesemih/ass_ros2_ws/install/g1_interface_pkg/share/g1_interface_pkg/local_setup.bash
-- Installing: /home/broodjesemih/ass_ros2_ws/install/g1_interface_pkg/share/g1_interface_pkg/local_setup.sh
-- Installing: /home/broodjesemih/ass_ros2_ws/install/g1_interface_pkg/share/g1_interface_pkg/local_setup.zsh
-- Installing: /home/broodjesemih/ass_ros2_ws/install/g1_interface_pkg/share/g1_interface_pkg/local_setup.dsv
-- Installing: /home/broodjesemih/ass_ros2_ws/install/g1_interface_pkg/share/g1_interface_pkg/package.dsv
-- Installing: /home/broodjesemih/ass_ros2_ws/install/g1_interface_pkg/share/ament_index/resource_index/packages/g1_interface_pkg
-- Installing: /home/broodjesemih/ass_ros2_ws/install/g1_interface_pkg/share/g1_interface_pkg/cmake/export_g1_interface_pkg__rosidl_generator_cExport.cmake
-- Installing: /home/broodjesemih/ass_ros2_ws/install/g1_interface_pkg/share/g1_interface_pkg/cmake/export_g1_interface_pkg__rosidl_generator_cExport-noconfig.cmake
-- Installing: /home/broodjesemih/ass_ros2_ws/install/g1_interface_pkg/share/g1_interface_pkg/cmake/export_g1_interface_pkg__rosidl_typesupport_fastrtps_cExport.cmake
-- Installing: /home/broodjesemih/ass_ros2_ws/install/g1_interface_pkg/share/g1_interface_pkg/cmake/export_g1_interface_pkg__rosidl_typesupport_fastrtps_cExport-noconfig.cmake
-- Installing: /home/broodjesemih/ass_ros2_ws/install/g1_interface_pkg/share/g1_interface_pkg/cmake/g1_interface_pkg__rosidl_typesupport_introspection_cExport.cmake
-- Installing: /home/broodjesemih/ass_ros2_ws/install/g1_interface_pkg/share/g1_interface_pkg/cmake/g1_interface_pkg__rosidl_typesupport_introspection_cExport-noconfig.cmake
-- Installing: /home/broodjesemih/ass_ros2_ws/install/g1_interface_pkg/share/g1_interface_pkg/cmake/g1_interface_pkg__rosidl_typesupport_cExport.cmake
-- Installing: /home/broodjesemih/ass_ros2_ws/install/g1_interface_pkg/share/g1_interface_pkg/cmake/g1_interface_pkg__rosidl_typesupport_cExport-noconfig.cmake
-- Installing: /home/broodjesemih/ass_ros2_ws/install/g1_interface_pkg/share/g1_interface_pkg/cmake/export_g1_interface_pkg__rosidl_generator_cppExport.cmake
-- Installing: /home/broodjesemih/ass_ros2_ws/install/g1_interface_pkg/share/g1_interface_pkg/cmake/export_g1_interface_pkg__rosidl_typesupport_fastrtps_cppExport.cmake
-- Installing: /home/broodjesemih/ass_ros2_ws/install/g1_interface_pkg/share/g1_interface_pkg/cmake/export_g1_interface_pkg__rosidl_typesupport_fastrtps_cppExport-noconfig.cmake
-- Installing: /home/broodjesemih/ass_ros2_ws/install/g1_interface_pkg/share/g1_interface_pkg/cmake/g1_interface_pkg__rosidl_typesupport_introspection_cppExport.cmake
-- Installing: /home/broodjesemih/ass_ros2_ws/install/g1_interface_pkg/share/g1_interface_pkg/cmake/g1_interface_pkg__rosidl_typesupport_introspection_cppExport-noconfig.cmake
-- Installing: /home/broodjesemih/ass_ros2_ws/install/g1_interface_pkg/share/g1_interface_pkg/cmake/g1_interface_pkg__rosidl_typesupport_cppExport.cmake
-- Installing: /home/broodjesemih/ass_ros2_ws/install/g1_interface_pkg/share/g1_interface_pkg/cmake/g1_interface_pkg__rosidl_typesupport_cppExport-noconfig.cmake
-- Installing: /home/broodjesemih/ass_ros2_ws/install/g1_interface_pkg/share/g1_interface_pkg/cmake/export_g1_interface_pkg__rosidl_generator_pyExport.cmake
-- Installing: /home/broodjesemih/ass_ros2_ws/install/g1_interface_pkg/share/g1_interface_pkg/cmake/export_g1_interface_pkg__rosidl_generator_pyExport-noconfig.cmake
-- Installing: /home/broodjesemih/ass_ros2_ws/install/g1_interface_pkg/share/g1_interface_pkg/cmake/rosidl_cmake-extras.cmake
-- Installing: /home/broodjesemih/ass_ros2_ws/install/g1_interface_pkg/share/g1_interface_pkg/cmake/ament_cmake_export_dependencies-extras.cmake
-- Installing: /home/broodjesemih/ass_ros2_ws/install/g1_interface_pkg/share/g1_interface_pkg/cmake/ament_cmake_export_include_directories-extras.cmake
-- Installing: /home/broodjesemih/ass_ros2_ws/install/g1_interface_pkg/share/g1_interface_pkg/cmake/ament_cmake_export_libraries-extras.cmake
-- Installing: /home/broodjesemih/ass_ros2_ws/install/g1_interface_pkg/share/g1_interface_pkg/cmake/ament_cmake_export_targets-extras.cmake
-- Installing: /home/broodjesemih/ass_ros2_ws/install/g1_interface_pkg/share/g1_interface_pkg/cmake/rosidl_cmake_export_typesupport_targets-extras.cmake
-- Installing: /home/broodjesemih/ass_ros2_ws/install/g1_interface_pkg/share/g1_interface_pkg/cmake/rosidl_cmake_export_typesupport_libraries-extras.cmake
-- Installing: /home/broodjesemih/ass_ros2_ws/install/g1_interface_pkg/share/g1_interface_pkg/cmake/g1_interface_pkgConfig.cmake
-- Installing: /home/broodjesemih/ass_ros2_ws/install/g1_interface_pkg/share/g1_interface_pkg/cmake/g1_interface_pkgConfig-version.cmake
-- Installing: /home/broodjesemih/ass_ros2_ws/install/g1_interface_pkg/share/g1_interface_pkg/package.xml
