[ 20%] Built target herkansing_cijfer_determinator
[ 40%] Built target cijfer_calculator
[ 60%] Built target herkansing_scheduler
[ 80%] Built target tentamen_result_generator
[ 90%] [32mBuilding CXX object CMakeFiles/final_cijfer_determinator.dir/src/final_cijfer_determinator.cpp.o[0m
In file included from [01m[K/opt/ros/jazzy/include/rclcpp/rclcpp/logging.hpp:24[m[K,
                 from [01m[K/opt/ros/jazzy/include/rclcpp/rclcpp/copy_all_parameter_values.hpp:27[m[K,
                 from [01m[K/opt/ros/jazzy/include/rclcpp/rclcpp/rclcpp.hpp:171[m[K,
                 from [01m[K/home/broodjesemih/ass_ros2_ws/src/g1_ass1_pkg/src/final_cijfer_determinator.cpp:1[m[K:
[01m[K/home/broodjesemih/ass_ros2_ws/src/g1_ass1_pkg/src/final_cijfer_determinator.cpp:[m[K In lambda function:
[01m[K/home/broodjesemih/ass_ros2_ws/src/g1_ass1_pkg/src/final_cijfer_determinator.cpp:67:49:[m[K [01;35m[Kwarning: [m[Kformat ‘[01m[K%d[m[K’ expects argument of type ‘[01m[Kint[m[K’, but argument 7 has type ‘[01m[Kstd::vector<int>::size_type[m[K’ {aka ‘[01m[Klong unsigned int[m[K’} [[01;35m[K]8;;https://gcc.gnu.org/onlinedocs/gcc/Warning-Options.html#index-Wformat=-Wformat=]8;;[m[K]
   67 |                 RCLCPP_INFO(this->get_logger(), [01;35m[K"Schrijf naar database: %s,%s,%d,%d,%s"[m[K,
      |                                                 [01;35m[K^~~~~~~~~~~~~~~~~~~~~~~~~~~~~~~~~~~~~~~[m[K
......
   70 |                             [32m[Ktentamen_map_[key].size()[m[K,
      |                             [32m[K~~~~~~~~~~~~~~~~~~~~~~~~~[m[K
      |                                                    [32m[K|[m[K
      |                                                    [32m[Kstd::vector<int>::size_type {aka long unsigned int}[m[K
[01m[K/home/broodjesemih/ass_ros2_ws/src/g1_ass1_pkg/src/final_cijfer_determinator.cpp:67:80:[m[K [01;36m[Knote: [m[Kformat string is defined here
   67 |                 RCLCPP_INFO(this->get_logger(), "Schrijf naar database: %s,%s,[01;36m[K%d[m[K,%d,%s",
      |                                                                               [01;36m[K~^[m[K
      |                                                                                [01;36m[K|[m[K
      |                                                                                [01;36m[Kint[m[K
      |                                                                               [32m[K%ld[m[K
[100%] [32m[1mLinking CXX executable final_cijfer_determinator[0m
[100%] Built target final_cijfer_determinator
-- Install configuration: ""
-- Up-to-date: /home/broodjesemih/ass_ros2_ws/install/g1_ass1_pkg/lib/g1_ass1_pkg/tentamen_result_generator
-- Installing: /home/broodjesemih/ass_ros2_ws/install/g1_ass1_pkg/lib/g1_ass1_pkg/final_cijfer_determinator
-- Set non-toolchain portion of runtime path of "/home/broodjesemih/ass_ros2_ws/install/g1_ass1_pkg/lib/g1_ass1_pkg/final_cijfer_determinator" to ""
-- Up-to-date: /home/broodjesemih/ass_ros2_ws/install/g1_ass1_pkg/lib/g1_ass1_pkg/cijfer_calculator
-- Up-to-date: /home/broodjesemih/ass_ros2_ws/install/g1_ass1_pkg/lib/g1_ass1_pkg/herkansing_cijfer_determinator
-- Up-to-date: /home/broodjesemih/ass_ros2_ws/install/g1_ass1_pkg/lib/g1_ass1_pkg/herkansing_scheduler
-- Up-to-date: /home/broodjesemih/ass_ros2_ws/install/g1_ass1_pkg/share/ament_index/resource_index/package_run_dependencies/g1_ass1_pkg
-- Up-to-date: /home/broodjesemih/ass_ros2_ws/install/g1_ass1_pkg/share/ament_index/resource_index/parent_prefix_path/g1_ass1_pkg
-- Up-to-date: /home/broodjesemih/ass_ros2_ws/install/g1_ass1_pkg/share/g1_ass1_pkg/environment/ament_prefix_path.sh
-- Up-to-date: /home/broodjesemih/ass_ros2_ws/install/g1_ass1_pkg/share/g1_ass1_pkg/environment/ament_prefix_path.dsv
-- Up-to-date: /home/broodjesemih/ass_ros2_ws/install/g1_ass1_pkg/share/g1_ass1_pkg/environment/path.sh
-- Up-to-date: /home/broodjesemih/ass_ros2_ws/install/g1_ass1_pkg/share/g1_ass1_pkg/environment/path.dsv
-- Up-to-date: /home/broodjesemih/ass_ros2_ws/install/g1_ass1_pkg/share/g1_ass1_pkg/local_setup.bash
-- Up-to-date: /home/broodjesemih/ass_ros2_ws/install/g1_ass1_pkg/share/g1_ass1_pkg/local_setup.sh
-- Up-to-date: /home/broodjesemih/ass_ros2_ws/install/g1_ass1_pkg/share/g1_ass1_pkg/local_setup.zsh
-- Up-to-date: /home/broodjesemih/ass_ros2_ws/install/g1_ass1_pkg/share/g1_ass1_pkg/local_setup.dsv
-- Installing: /home/broodjesemih/ass_ros2_ws/install/g1_ass1_pkg/share/g1_ass1_pkg/package.dsv
-- Up-to-date: /home/broodjesemih/ass_ros2_ws/install/g1_ass1_pkg/share/ament_index/resource_index/packages/g1_ass1_pkg
-- Up-to-date: /home/broodjesemih/ass_ros2_ws/install/g1_ass1_pkg/share/g1_ass1_pkg/cmake/g1_ass1_pkgConfig.cmake
-- Up-to-date: /home/broodjesemih/ass_ros2_ws/install/g1_ass1_pkg/share/g1_ass1_pkg/cmake/g1_ass1_pkgConfig-version.cmake
-- Up-to-date: /home/broodjesemih/ass_ros2_ws/install/g1_ass1_pkg/share/g1_ass1_pkg/package.xml
